"../../../Engine/Content/Functions/Engine_MaterialFunctions01/Opacity/CameraDepthFade.uasset" 0
"../../../Engine/Content/EngineMaterials/T_Default_Material_Grid_M.uasset" 1
"../../../Engine/Content/EngineMaterials/T_Default_Material_Grid_N.uasset" 2
"../../../Engine/Content/EngineMaterials/DefaultMaterial.uasset" 3
"../../../Engine/Content/BasicShapes/Cone.uasset" 4
"../../../Engine/Content/EditorLandscapeResources/DataLayer.uasset" 5
"../../../Engine/Content/EditorMaterials/GizmoMaterial.uasset" 6
"../../../Engine/Content/EditorMaterials/MAT_Groups_Toggle.uasset" 7
"../../../Engine/Content/EditorMaterials/MAT_Groups_Visibility.uasset" 8
"../../../Engine/Content/EditorMaterials/PreviewShadowIndicator.uasset" 9
"../../../Engine/Content/EditorMaterials/PreviewShadowIndicatorMaterial.uasset" 10
"../../../Engine/Content/EditorMaterials/AssetViewer/EpicQuadPanorama_CC+EV1.uasset" 11
"../../../Engine/Content/EditorMaterials/MatineeGroups/MAT_ColorTrack.uasset" 12
"../../../Engine/Content/EditorMaterials/MatineeGroups/MAT_Groups_Anim.uasset" 13
"../../../Engine/Content/EditorMaterials/MatineeGroups/MAT_Groups_AudioMaster.uasset" 14
"../../../Engine/Content/EditorMaterials/MatineeGroups/MAT_Groups_Director.uasset" 15
"../../../Engine/Content/EditorMaterials/MatineeGroups/MAT_Groups_Event.uasset" 16
"../../../Engine/Content/EditorMaterials/MatineeGroups/MAT_Groups_Fade.uasset" 17
"../../../Engine/Content/EditorMaterials/MatineeGroups/MAT_Groups_Float.uasset" 18
"../../../Engine/Content/EditorMaterials/MatineeGroups/MAT_Groups_Move.uasset" 19
"../../../Engine/Content/EditorMaterials/MatineeGroups/MAT_Groups_Slomo.uasset" 20
"../../../Engine/Content/EditorMaterials/MatineeGroups/MAT_Groups_Sound.uasset" 21
"../../../Engine/Content/EditorMaterials/MatineeGroups/MAT_Groups_Vector.uasset" 22
"../../../Engine/Content/EditorMaterials/ParticleSystems/PSysThumbnail_NoImage.uasset" 23
"../../../Engine/Content/EditorMaterials/ParticleSystems/PSysThumbnail_OOD.uasset" 24
"../../../Engine/Content/EditorMaterials/Camera/CineMat.uasset" 25
"../../../Engine/Content/EditorMaterials/Camera/MI_CineMat_Rig.uasset" 26
"../../../Engine/Content/EditorMeshes/Camera/SM_CraneRig_Arm.uasset" 27
"../../../Engine/Content/EditorMeshes/Camera/SM_CraneRig_Base.uasset" 28
"../../../Engine/Content/EditorMeshes/Camera/SM_CraneRig_Body.uasset" 29
"../../../Engine/Content/EditorMeshes/Camera/SM_CraneRig_Mount.uasset" 30
"../../../Engine/Content/EditorMeshes/Camera/SM_RailRig_Mount.uasset" 31
"../../../Engine/Content/EditorMeshes/Camera/SM_RailRig_Track.uasset" 32
"../../../Engine/Content/EditorMeshes/ColorCalibrator/M_ChromeBall.uasset" 33
"../../../Engine/Content/EditorMeshes/ColorCalibrator/M_ClearCoat.uasset" 34
"../../../Engine/Content/EditorMeshes/ColorCalibrator/M_ClearCoatBlack.uasset" 35
"../../../Engine/Content/EditorMeshes/ColorCalibrator/T_ColorGrid.uasset" 36
"../../../Engine/Content/EditorMeshes/ColorCalibrator/M_ColorGrid.uasset" 37
"../../../Engine/Content/EditorMeshes/ColorCalibrator/M_GreyBall.uasset" 38
"../../../Engine/Content/EditorMeshes/ColorCalibrator/SM_ColorCalibrator.uasset" 39
"../../../Engine/Content/EditorResources/BSPVertex.uasset" 40
"../../../Engine/Content/EditorResources/EmptyActor.uasset" 41
"../../../Engine/Content/EditorResources/S_Actor.uasset" 42
"../../../Engine/Content/EditorResources/S_Trigger.uasset" 43
"../../../Engine/Content/EditorResources/LightIcons/S_LightError.uasset" 44
"../../../Engine/Content/EditorResources/SequenceRecorder/Countdown.uasset" 45
"../../../Engine/Content/EditorResources/SequenceRecorder/RecordingIndicator.uasset" 46
"../../../Engine/Content/EditorSounds/Notifications/CompileFailed.uasset" 47
"../../../Engine/Content/EditorSounds/Notifications/CompileFailed_Cue.uasset" 48
"../../../Engine/Content/EditorSounds/Notifications/CompileSuccess.uasset" 49
"../../../Engine/Content/EditorSounds/Notifications/CompileStart_Cue.uasset" 50
"../../../Engine/Content/EditorSounds/Notifications/CompileSuccess_Cue.uasset" 51
"../../../Engine/Content/EngineDamageTypes/DmgTypeBP_Environmental.uasset" 52
"../../../Engine/Content/EngineDebugMaterials/HeatmapGradient.uasset" 53
"../../../Engine/Content/EngineDebugMaterials/BoneWeightMaterial.uasset" 54
"../../../Engine/Content/EngineDebugMaterials/ClothMaterial.uasset" 55
"../../../Engine/Content/EngineDebugMaterials/DebugMeshMaterial.uasset" 56
"../../../Engine/Content/EngineDebugMaterials/GeomMaterial.uasset" 57
"../../../Engine/Content/EngineFonts/Faces/RobotoBold.uasset" 58
"../../../Engine/Content/EngineFonts/Faces/RobotoBoldItalic.uasset" 59
"../../../Engine/Content/EngineFonts/Faces/RobotoItalic.uasset" 60
"../../../Engine/Content/EngineFonts/Faces/RobotoLight.uasset" 61
"../../../Engine/Content/EngineFonts/Faces/RobotoRegular.uasset" 62
"../../../Engine/Content/EngineFonts/Roboto.uasset" 63
"../../../Engine/Content/EngineFonts/Faces/RobotoTiny.uasset" 64
"../../../Engine/Content/EngineFonts/RobotoTiny.uasset" 65
"../../../Engine/Content/EngineMaterials/DefaultBloomKernel.uasset" 66
"../../../Engine/Content/EngineMaterials/DefaultBokeh.uasset" 67
"../../../Engine/Content/EngineMaterials/DefaultDiffuse.uasset" 68
"../../../Engine/Content/EngineMaterials/DefaultDeferredDecalMaterial.uasset" 69
"../../../Engine/Content/EngineMaterials/DefaultLightFunctionMaterial.uasset" 70
"../../../Engine/Content/EngineMaterials/DefaultPhysicalMaterial.uasset" 71
"../../../Engine/Content/Functions/Engine_MaterialFunctions02/Utility/BreakOutFloat2Components.uasset" 72
"../../../Engine/Content/EngineMaterials/DefaultPostProcessMaterial.uasset" 73
"../../../Engine/Content/EngineFonts/RobotoDistanceField.uasset" 74
"../../../Engine/Content/EngineMaterials/DefaultTextMaterialOpaque.uasset" 75
"../../../Engine/Content/EngineMaterials/DefaultWhiteGrid.uasset" 76
"../../../Engine/Content/EngineMaterials/EditorBrushMaterial.uasset" 77
"../../../Engine/Content/EngineMaterials/MiniFont.uasset" 78
"../../../Engine/Content/EngineMaterials/InvalidLightmapSettings.uasset" 79
"../../../Engine/Content/EngineMaterials/M_InvalidLightmapSettings.uasset" 80
"../../../Engine/Content/EngineMaterials/PhAT_JointLimitMaterial.uasset" 81
"../../../Engine/Content/EngineMaterials/PreintegratedSkinBRDF.uasset" 82
"../../../Engine/Content/EngineMaterials/RemoveSurfaceMaterial.uasset" 83
"../../../Engine/Content/EngineMaterials/WeightMapPlaceholderTexture.uasset" 84
"../../../Engine/Content/EngineResources/WhiteSquareTexture.uasset" 85
"../../../Engine/Content/EngineMaterials/Widget3DPassThrough.uasset" 86
"../../../Engine/Content/EngineMaterials/Widget3DPassThrough_Masked.uasset" 87
"../../../Engine/Content/EngineMaterials/Widget3DPassThrough_Opaque.uasset" 88
"../../../Engine/Content/EngineMaterials/Widget3DPassThrough_Masked_OneSided.uasset" 89
"../../../Engine/Content/EngineMaterials/Widget3DPassThrough_Opaque_OneSided.uasset" 90
"../../../Engine/Content/EngineMaterials/Widget3DPassThrough_Translucent.uasset" 91
"../../../Engine/Content/EngineMaterials/Widget3DPassThrough_Translucent_OneSided.uasset" 92
"../../../Engine/Content/EngineMeshes/Cube.uasset" 93
"../../../Engine/Content/EngineMeshes/Cylinder.uasset" 94
"../../../Engine/Content/EngineMeshes/Sphere.uasset" 95
"../../../Engine/Content/EngineResources/Black.uasset" 96
"../../../Engine/Content/EngineResources/DefaultTexture.uasset" 97
"../../../Engine/Content/EngineResources/DefaultTextureCube.uasset" 98
"../../../Engine/Content/EngineResources/GradientTexture0.uasset" 99
"../../../Engine/Content/EngineSounds/Master.uasset" 100
"../../../Engine/Content/Functions/Engine_MaterialFunctions01/Shading/ConvertFromDiffSpec.uasset" 101
"../../../Engine/Content/Functions/Engine_MaterialFunctions01/Shading/PowerToRoughness.uasset" 102
"../../../Engine/Content/Maps/Templates/Thumbnails/Default.uasset" 103
"../../../Engine/Content/Maps/Templates/Thumbnails/VR-Basic.uasset" 104
"../../../Engine/Content/MobileResources/T_MobileControls_texture.uasset" 105
"../../../Engine/Content/MobileResources/T_MobileMenu2.uasset" 106
"../../../Engine/Content/MobileResources/HUD/AnalogHat.uasset" 107
"../../../Engine/Content/MobileResources/HUD/VirtualJoystick_Background.uasset" 108
"../../../Engine/Content/MobileResources/HUD/VirtualJoystick_Thumb.uasset" 109
"../../../Engine/Content/MobileResources/HUD/DefaultVirtualJoysticks.uasset" 110
"../../../Engine/Content/MobileResources/HUD/LeftVirtualJoystickOnly.uasset" 111
"../../../Engine/Content/MobileResources/HUD/MobileHUDButton1_off.uasset" 112
"../../../Engine/Content/MobileResources/HUD/MobileHUDButton1_on.uasset" 113
"../../../Engine/Content/MobileResources/HUD/MobileHUDButton2_off.uasset" 114
"../../../Engine/Content/MobileResources/HUD/MobileHUDButton2_on.uasset" 115
"../../../Engine/Content/MobileResources/HUD/MobileHUDButton3.uasset" 116
"../../../Engine/Content/MobileResources/HUD/MobileHUDButtonFire.uasset" 117
"../../../Engine/Content/MobileResources/HUD/MobileHUDDirectionPad.uasset" 118
"../../../Engine/Content/MobileResources/HUD/MobileHUDDirectionPad2.uasset" 119
"../../../Engine/Content/MobileResources/HUD/MobileHUDDirectionPad3.uasset" 120
"../../../Engine/Content/MobileResources/HUD/MobileHUDDirectionStick.uasset" 121
"../../../Engine/Content/MobileResources/HUD/T_Castle_ThumbstickInner.uasset" 122
"../../../Engine/Content/MobileResources/HUD/T_Castle_ThumbstickOutter.uasset" 123
"../../../Engine/Content/Tutorial/ContentIntroCurve.uasset" 124
"../../../Engine/Content/Tutorial/Basics/TutorialAssets/icon_tab_Levels_40x.uasset" 125
"../../../Engine/Content/Tutorial/BlueprintTutorials/TutorialAssets/BlueprintInterface_64x.uasset" 126
"../../../Engine/Content/Tutorial/BlueprintTutorials/TutorialAssets/BlueprintMacroLibrary_64x.uasset" 127
"../../../Engine/Content/Tutorial/BlueprintTutorials/TutorialAssets/Blueprint_64x.uasset" 128
"../../../Engine/Content/Tutorial/BlueprintTutorials/TutorialAssets/Tutorial_BP_Interface.uasset" 129
"../../../Engine/Content/Tutorial/Foliage/TutorialAssets/Foliage.uasset" 130
"../../../Engine/Content/Tutorial/Landscape/TutorialAssets/Landscape.uasset" 131
"../../../Engine/Content/Tutorial/Paper2D/TutorialAssets/Paper2DFlipbook_TutorialIcon.uasset" 132
"../../../Engine/Content/Tutorial/Paper2D/TutorialAssets/Paper2DSprite_TutorialIcon.uasset" 133
"../../../Engine/Content/Tutorial/SubEditors/TutorialAssets/icon_Editor_Preferences_General_40x.uasset" 134
"../../../Engine/Content/Tutorial/SubEditors/TutorialAssets/icon_ShowSkeletalMeshes_40x.uasset" 135
"../../../Engine/Content/Tutorial/SubEditors/TutorialAssets/TutorialMaterial.uasset" 136
"../../../Engine/Content/Tutorial/SubEditors/TutorialAssets/T_SmokeSubUV_8X8.uasset" 137
"../../../Engine/Content/Tutorial/SubEditors/TutorialAssets/T_soft_smoke.uasset" 138
"../../../Engine/Content/Tutorial/SubEditors/TutorialAssets/M_smoke_subUV_blackbody.uasset" 139
"../../../Engine/Content/Tutorial/SubEditors/TutorialAssets/TutorialParticleSystem.uasset" 140
"../../../Engine/Content/EngineMaterials/WorldGridMaterial.uasset" 141
"../../../Engine/Content/EditorMeshes/EditorCube.uasset" 142
"../../../Engine/Content/Tutorial/SubEditors/TutorialAssets/Tutorial_DM.uasset" 143
"../../../Engine/Content/VREditor/Devices/Generic/GenericHMDMaterial.uasset" 144
"../../../Engine/Content/VREditor/Devices/Generic/GenericHMD.uasset" 145
"../../../Engine/Content/VREditor/FloatingText/LineMaterial.uasset" 146
"../../../Engine/Content/VREditor/FloatingText/JointSphere.uasset" 147
"../../../Engine/Content/VREditor/FloatingText/LineSegmentCylinder.uasset" 148
"../../../Engine/Content/VREditor/Fonts/VRText_RobotoLarge.uasset" 149
"../../../Engine/Content/VREditor/Fonts/VRTextMaterial.uasset" 150
"../../../Engine/Content/VREditor/Fonts/TranslucentVRTextMaterial.uasset" 151
"../../../Engine/Content/VREditor/LaserPointer/VR_LaserPower_01.uasset" 152
"../../../Engine/Content/VREditor/TransformGizmo/TransformGizmoMaterial.uasset" 153
"../../../Engine/Content/VREditor/LaserPointer/HoverMaterial.uasset" 154
"../../../Engine/Content/VREditor/TransformGizmo/TranslucentTransformGizmoMaterial.uasset" 155
"../../../Engine/Content/VREditor/LaserPointer/TranslucentHoverMaterial.uasset" 156
"../../../Engine/Content/VREditor/LaserPointer/HoverMesh.uasset" 157
"../../../Engine/Content/VREditor/LaserPointer/LaserPointerMaterial.uasset" 158
"../../../Engine/Content/VREditor/LaserPointer/LaserPointerMaterialInst.uasset" 159
"../../../Engine/Content/VREditor/LaserPointer/TranslucentLaserPointerMaterialInst.uasset" 160
"../../../Engine/Content/VREditor/LaserPointer/LaserPointerMesh.uasset" 161
"../../../Engine/Content/VREditor/LaserPointer/LaserPointerMesh_End.uasset" 162
"../../../Engine/Content/VREditor/LaserPointer/LaserPointerMesh_Start.uasset" 163
"../../../Engine/Content/Functions/Engine_MaterialFunctions02/Utility/BreakOutFloat3Components.uasset" 164
"../../../Engine/Content/Functions/Engine_MaterialFunctions02/Math/Transform3x3Matrix.uasset" 165
"../../../Engine/Content/Functions/Engine_MaterialFunctions02/SplitComponents.uasset" 166
"../../../Engine/Content/Functions/Engine_MaterialFunctions02/Utility/MakeFloat3.uasset" 167
"../../../Engine/Content/VREditor/SnapGrid/SnapGridMaterial.uasset" 168
"../../../Engine/Content/VREditor/SnapGrid/SnapGridPlaneMesh.uasset" 169
"../../../Engine/Content/VREditor/Sounds/VR_teleport_Cue.uasset" 170
"../../../Engine/Content/VREditor/Sounds/UI/Click_on_Button_Cue.uasset" 171
"../../../Engine/Content/VREditor/Sounds/UI/Dockable_Window_Close.uasset" 172
"../../../Engine/Content/VREditor/Sounds/UI/Dockable_Window_Drop.uasset" 173
"../../../Engine/Content/VREditor/Sounds/UI/Dockable_Window_Open.uasset" 174
"../../../Engine/Content/VREditor/Sounds/UI/Dockable_Window_Pick_Up.uasset" 175
"../../../Engine/Content/VREditor/Sounds/UI/Drop_Item_From_ContentBrowser.uasset" 176
"../../../Engine/Content/VREditor/Sounds/UI/Floating_UI_Open-001.uasset" 177
"../../../Engine/Content/VREditor/Sounds/UI/Gizmo_Handle_Clicked.uasset" 178
"../../../Engine/Content/VREditor/Sounds/UI/Object_PickUp.uasset" 179
"../../../Engine/Content/VREditor/Sounds/UI/Object_Snaps_To_Another_Actor.uasset" 180
"../../../Engine/Content/VREditor/Sounds/UI/Object_Snaps_To_Grid.uasset" 181
"../../../Engine/Content/VREditor/Sounds/UI/Radial_Menu_FadeOut.uasset" 182
"../../../Engine/Content/VREditor/Sounds/UI/Scaling_Down.uasset" 183
"../../../Engine/Content/VREditor/Sounds/UI/Scaling_Up.uasset" 184
"../../../Engine/Content/VREditor/Sounds/UI/Selection_Changes.uasset" 185
"../../../Engine/Content/VREditor/Sounds/UI/Teleport_Mode_Entered.uasset" 186
"../../../Engine/Content/VREditor/Teleport/TeleportDirectionMaterial.uasset" 187
"../../../Engine/Content/VREditor/Teleport/TeleportDirectionMaterial_Inst.uasset" 188
"../../../Engine/Content/VREditor/Teleport/TeleportDirectionMesh.uasset" 189
"../../../Engine/Content/VREditor/TransformGizmo/BoundingBoxCorner.uasset" 190
"../../../Engine/Content/VREditor/TransformGizmo/BoundingBoxEdge.uasset" 191
"../../../Engine/Content/VREditor/TransformGizmo/PlaneTranslationHandle.uasset" 192
"../../../Engine/Content/VREditor/TransformGizmo/RotationHandle.uasset" 193
"../../../Engine/Content/VREditor/TransformGizmo/RotationHandleFull.uasset" 194
"../../../Engine/Content/VREditor/TransformGizmo/RotationHandleIndicator.uasset" 195
"../../../Engine/Content/VREditor/TransformGizmo/RotationHandleQuarter.uasset" 196
"../../../Engine/Content/VREditor/TransformGizmo/Main.uasset" 197
"../../../Engine/Content/VREditor/TransformGizmo/Xray.uasset" 198
"../../../Engine/Content/VREditor/TransformGizmo/SM_Dialog_Close.uasset" 199
"../../../Engine/Content/VREditor/TransformGizmo/SM_Dialog_Move.uasset" 200
"../../../Engine/Content/VREditor/TransformGizmo/SM_Sequencer_Key.uasset" 201
"../../../Engine/Content/VREditor/TransformGizmo/StartRotationHandleIndicator.uasset" 202
"../../../Engine/Content/VREditor/TransformGizmo/TransformGizmoMaterial_Inst.uasset" 203
"../../../Engine/Content/VREditor/TransformGizmo/TranslateArrowHandle.uasset" 204
"../../../Engine/Content/VREditor/TransformGizmo/TranslationHandle.uasset" 205
"../../../Engine/Content/VREditor/TransformGizmo/TranslucentTransformGizmoMaterial_Inst.uasset" 206
"../../../Engine/Content/VREditor/TransformGizmo/UniformScaleHandle.uasset" 207
"../../../Engine/Content/VREditor/UI/KeyDiskMaterial.uasset" 208
"../../../Engine/Content/VREditor/UI/DiscMaterial.uasset" 209
"../../../Engine/Content/VREditor/UI/SM_Radial_Disk.uasset" 210
"../../../Engine/Content/Functions/Engine_MaterialFunctions01/Gradient/RadialGradient.uasset" 211
"../../../Engine/Content/VREditor/WorldMovementGrid/SimpleGrid.uasset" 212
"../../../Engine/Content/VREditor/WorldMovementGrid/GridMaterial.uasset" 213
"../../../Engine/Content/Functions/Engine_MaterialFunctions01/Density/ExponentialDensity.uasset" 214
"../../../Engine/Content/VREditor/WorldMovementGrid/GridPostProcess.uasset" 215
"../../../Engine/Content/EditorLandscapeResources/FlattenHeightMat.uasset" 216
"../../../Engine/Content/VREditor/WorldMovementGrid/PlaneMesh.uasset" 217
"../../../Engine/Plugins/2D/Paper2D/Content/DummySprite.uasset" 218
"../../../Engine/Plugins/2D/Paper2D/Content/DefaultPaperTerrainMaterial.uasset" 219
"../../../Engine/Plugins/2D/Paper2D/Content/DefaultSpriteMaterial.uasset" 220
"../../../Engine/Plugins/2D/Paper2D/Content/MaskedUnlitSpriteMaterial.uasset" 221
"../../../Engine/Plugins/2D/Paper2D/Content/OpaqueUnlitSpriteMaterial.uasset" 222
"../../../Engine/Plugins/2D/Paper2D/Content/PlaceholderTextures/DummySpriteTexture.uasset" 223
"../../../Engine/Plugins/Runtime/GearVR/Content/Textures/GearVRController_AO.uasset" 224
"../../../Engine/Plugins/Runtime/GearVR/Content/Textures/GearVRController_Color.uasset" 225
"../../../Engine/Plugins/Runtime/GearVR/Content/Textures/GearVRController_Normal.uasset" 226
"../../../Engine/Plugins/Runtime/GearVR/Content/Materials/GearVRControllerMaterial.uasset" 227
"../../../Engine/Plugins/Runtime/GearVR/Content/Meshes/GearVrController.uasset" 228
"../../../AuravanaCity001/Content/City-Aura/D_POW_GEN_WIND-ELEC_TurbineBlade3-01_Skeleton.uasset" 229
"../../../AuravanaCity001/Content/City-Aura/D_POW_GEN_WIND-ELEC_TurbineBlade3-01_Anim.uasset" 230
"../../../AuravanaCity001/Content/City-Aura/D_TRANS_InterCityRail-Mover-3Cabin_Skeleton.uasset" 231
"../../../AuravanaCity001/Content/City-Aura/D_TRANS_InterCityRail-Mover-3Cabin_Anim.uasset" 232
"../../../AuravanaCity001/Content/City-Aura/D_TRANS_PRT-Mover_Skeleton.uasset" 233
"../../../AuravanaCity001/Content/City-Aura/D_TRANS_PRT-Mover_Anim.uasset" 234
"../../../Engine/Content/EditorBlueprintResources/StandardMacros.uasset" 235
"../../../Engine/Content/EngineSky/C_Sky_Cloud_Color.uasset" 236
"../../../Engine/Content/EngineSky/C_Sky_Horizon_Color.uasset" 237
"../../../Engine/Content/EngineSky/C_Sky_Zenith_Color.uasset" 238
"../../../Engine/Content/EngineSky/T_Sky_Blue.uasset" 239
"../../../Engine/Content/EngineSky/T_Sky_Clouds_M.uasset" 240
"../../../Engine/Content/EngineSky/T_Sky_Stars.uasset" 241
"../../../Engine/Content/EngineSky/M_Sky_Panning_Clouds2.uasset" 242
"../../../Engine/Content/EngineSky/SM_SkySphere.uasset" 243
"../../../Engine/Content/EngineSky/BP_Sky_Sphere.uasset" 244
"../../../AuravanaCity001/Content/City-Aura/T_TRANS_PRT-Mover_D.uasset" 245
"../../../AuravanaCity001/Content/City-Aura/T_TRANS_PRT-Mover_N.uasset" 246
"../../../AuravanaCity001/Content/City-Aura/T_TRANS_PRT-Mover_RMA.uasset" 247
"../../../AuravanaCity001/Content/City-Aura/M_TRANS_PRT-Mover_Mat.uasset" 248
"../../../AuravanaCity001/Content/StarterContent/Materials/M_Glass.uasset" 249
"../../../AuravanaCity001/Content/City-Aura/D_TRANS_PRT-Mover_PhysicsAsset.uasset" 250
"../../../AuravanaCity001/Content/City-Aura/D_TRANS_PRT-Mover.uasset" 251
"../../../AuravanaCity001/Content/City-Aura/D_TRANS_PRT-Mover_BP.uasset" 252
"../../../AuravanaCity001/Content/VirtualRealityBP/Blueprints/PickupActorInterface.uasset" 253
"../../../AuravanaCity001/Content/VirtualReality/Materials/M_BaseMaterial.uasset" 254
"../../../AuravanaCity001/Content/VirtualReality/Materials/MI_SmallCubes.uasset" 255
"../../../AuravanaCity001/Content/Geometry/Meshes/CubeMaterial.uasset" 256
"../../../AuravanaCity001/Content/Geometry/Meshes/1M_Cube.uasset" 257
"../../../AuravanaCity001/Content/VirtualRealityBP/Blueprints/BP_PickupCube.uasset" 258
"../../../AuravanaCity001/Content/VirtualReality/Mannequin/Character/Mesh/MannequinHand_Right_Skeleton.uasset" 259
"../../../AuravanaCity001/Content/VirtualReality/Mannequin/Animations/MannequinHand_Right_CanGrab.uasset" 260
"../../../AuravanaCity001/Content/VirtualReality/Mannequin/Animations/MannequinHand_Right_Grab.uasset" 261
"../../../AuravanaCity001/Content/VirtualReality/Mannequin/Animations/MannequinHand_Right_Open.uasset" 262
"../../../AuravanaCity001/Content/VirtualReality/Mannequin/Animations/RightGrip_BS.uasset" 263
"../../../AuravanaCity001/Content/VirtualRealityBP/Blueprints/GripEnum.uasset" 264
"../../../AuravanaCity001/Content/VirtualReality/Mannequin/Animations/RightHand_AnimBP.uasset" 265
"../../../AuravanaCity001/Content/VirtualRealityBP/Blueprints/MotionControllerHaptics.uasset" 266
"../../../Engine/Content/Functions/Engine_MaterialFunctions01/Texturing/ScaleUVsByCenter.uasset" 267
"../../../Engine/Content/Functions/Engine_MaterialFunctions02/ScreenResolution.uasset" 268
"../../../Engine/Content/Functions/Engine_MaterialFunctions02/Texturing/ScreenAlignedUVs.uasset" 269
"../../../Engine/Content/Functions/Engine_MaterialFunctions02/Utility/CameraDirectionVector.uasset" 270
"../../../Engine/Content/Functions/Engine_MaterialFunctions02/Utility/DepthFromWorldPosition.uasset" 271
"../../../AuravanaCity001/Content/VirtualReality/Materials/MF_OccludedPixels.uasset" 272
"../../../AuravanaCity001/Content/VirtualReality/Materials/TeleportMCP.uasset" 273
"../../../Engine/Content/EngineMaterials/Good64x64TilingNoiseHighFreq.uasset" 274
"../../../AuravanaCity001/Content/VirtualReality/Materials/M_ArcEndpoint.uasset" 275
"../../../AuravanaCity001/Content/VirtualReality/Materials/M_SplineArcMat.uasset" 276
"../../../AuravanaCity001/Content/VirtualReality/Materials/M_TeleportPreviews.uasset" 277
"../../../AuravanaCity001/Content/VirtualReality/Materials/MI_ChaperoneOutline.uasset" 278
"../../../AuravanaCity001/Content/VirtualReality/Materials/MI_TeleportCylinderPreview.uasset" 279
"../../../Engine/Content/BasicShapes/Cylinder.uasset" 280
"../../../Engine/Content/BasicShapes/Sphere.uasset" 281
"../../../AuravanaCity001/Content/VirtualReality/Mannequin/Character/Textures/UE4_Mannequin__normals.uasset" 282
"../../../AuravanaCity001/Content/VirtualReality/Mannequin/Character/Textures/UE4_Mannequin_MAT_MASKA.uasset" 283
"../../../AuravanaCity001/Content/VirtualReality/Mannequin/Character/Materials/M_HandMat.uasset" 284
"../../../AuravanaCity001/Content/VirtualReality/Mannequin/Character/Mesh/MannequinHand_Right_PhysicsAsset.uasset" 285
"../../../AuravanaCity001/Content/VirtualReality/Mannequin/Character/Mesh/MannequinHand_Right.uasset" 286
"../../../AuravanaCity001/Content/VirtualReality/Meshes/1x1_cube.uasset" 287
"../../../AuravanaCity001/Content/VirtualReality/Meshes/BeaconDirection.uasset" 288
"../../../AuravanaCity001/Content/VirtualReality/Meshes/BeamMesh.uasset" 289
"../../../AuravanaCity001/Content/VirtualReality/Meshes/SM_FatCylinder.uasset" 290
"../../../AuravanaCity001/Content/VirtualRealityBP/Blueprints/BP_MotionController.uasset" 291
"../../../AuravanaCity001/Content/VirtualRealityBP/Blueprints/MotionControllerPawn.uasset" 292
"../../../AuravanaCity001/Content/VirtualRealityBP/Maps/CityAura-Mini_v2_BuiltData.uasset" 293
"../../../AuravanaCity001/Content/City-Aura/T_ARCH_BldgE-F1-Rec-PagodaFuji_D.uasset" 294
"../../../AuravanaCity001/Content/City-Aura/T_ARCH_BldgE-F1-Rec-PagodaFuji_N.uasset" 295
"../../../AuravanaCity001/Content/City-Aura/T_ARCH_BldgE-F1-Rec-PagodaFuji_RMA.uasset" 296
"../../../AuravanaCity001/Content/City-Aura/M_ARCH_BldgE-F1-Rec-PagodaFuji_Mat.uasset" 297
"../../../AuravanaCity001/Content/City-Aura/T_Concrete-Bare-02_D.uasset" 298
"../../../AuravanaCity001/Content/City-Aura/T_Concrete-Bare-02_S.uasset" 299
"../../../AuravanaCity001/Content/City-Aura/M_Concrete-Bare-02_Mat.uasset" 300
"../../../AuravanaCity001/Content/City-Aura/T_CULTIV_Animal-CattleMix-01_SkinF.uasset" 301
"../../../AuravanaCity001/Content/City-Aura/M_CULTIV_Animal-CattleMix-01_SkinF_Mat.uasset" 302
"../../../AuravanaCity001/Content/City-Aura/T_Pattern-FlowerOfLife_01_D.uasset" 303
"../../../AuravanaCity001/Content/City-Aura/M_Decal_FlowerOfLife_Mat.uasset" 304
"../../../Engine/Content/Functions/Engine_MaterialFunctions02/Fresnel_Function.uasset" 305
"../../../AuravanaCity001/Content/City-Aura/M_Glass-01.uasset" 306
"../../../AuravanaCity001/Content/City-Aura/M_Gold-01.uasset" 307
"../../../AuravanaCity001/Content/City-Aura/T_Ivy_01_D.uasset" 308
"../../../AuravanaCity001/Content/City-Aura/M_Ivy_01_Mat.uasset" 309
"../../../AuravanaCity001/Content/City-Aura/T_Logo-AuravanaProject_D.uasset" 310
"../../../AuravanaCity001/Content/City-Aura/T_Logo-AuravanaProject_N.uasset" 311
"../../../AuravanaCity001/Content/City-Aura/M_Logo-AuravanaProject-03.uasset" 312
"../../../AuravanaCity001/Content/City-Aura/T_Paint-Plaster-White-02_D.uasset" 313
"../../../AuravanaCity001/Content/City-Aura/M_Paint-Plaster-White-02_Mat.uasset" 314
"../../../AuravanaCity001/Content/City-Aura/T_Paint-Plaster-White-04_D.uasset" 315
"../../../AuravanaCity001/Content/City-Aura/T_Paint-Plaster-White-04a_RMA.uasset" 316
"../../../AuravanaCity001/Content/City-Aura/M_Paint-Plaster-White-04_Mat.uasset" 317
"../../../AuravanaCity001/Content/City-Aura/T_Panel-SolarBlueGliter_D.uasset" 318
"../../../AuravanaCity001/Content/City-Aura/T_Panel-SolarBlueGliter_N.uasset" 319
"../../../AuravanaCity001/Content/City-Aura/T_Panel-SolarBlueGliter_S.uasset" 320
"../../../AuravanaCity001/Content/City-Aura/M_Panel-SolarBlueGliter_Mat.uasset" 321
"../../../AuravanaCity001/Content/City-Aura/T_Terrain-GrassGreenFlat_2048x_D.uasset" 322
"../../../AuravanaCity001/Content/City-Aura/T_Terrain-GrassGreenFlat_2048x_N.uasset" 323
"../../../AuravanaCity001/Content/City-Aura/T_Terrain-SandRipples_01_D.uasset" 324
"../../../AuravanaCity001/Content/City-Aura/T_Terrain-SandRipples_01_N.uasset" 325
"../../../AuravanaCity001/Content/City-Aura/M_Terrain-GrassGreen-SandRipples_Vertex2_Mat.uasset" 326
"../../../AuravanaCity001/Content/City-Aura/M_Terrain-GrassGreen-SandRipples_Vertex_Mat.uasset" 327
"../../../AuravanaCity001/Content/City-Aura/M_Terrain-GrassGreenFlat_2048x_Mat.uasset" 328
"../../../AuravanaCity001/Content/City-Aura/T_Terrain-LeavesVegetation_01_D.uasset" 329
"../../../AuravanaCity001/Content/City-Aura/T_Terrain-LeavesVegetation_01_N.uasset" 330
"../../../AuravanaCity001/Content/City-Aura/M_Terrain-LeavesVegetation_01_D_Mat.uasset" 331
"../../../AuravanaCity001/Content/City-Aura/M_Terrain-SandRipples_01_D_Mat.uasset" 332
"../../../AuravanaCity001/Content/City-Aura/T_Tile-Clay-5x5_D.uasset" 333
"../../../AuravanaCity001/Content/City-Aura/T_Tile-Clay-5x5_N.uasset" 334
"../../../AuravanaCity001/Content/City-Aura/M_Tile-Clay-5x5_Mat.uasset" 335
"../../../AuravanaCity001/Content/City-Aura/T_Tile-Marble-Gray-01_D.uasset" 336
"../../../AuravanaCity001/Content/City-Aura/M_Tile-Marble-Gray-01_Mat.uasset" 337
"../../../AuravanaCity001/Content/City-Aura/T_Tile-MultiColor-PatternA-01_D.uasset" 338
"../../../AuravanaCity001/Content/City-Aura/T_Tile-MultiColor-PatternA-01_N.uasset" 339
"../../../AuravanaCity001/Content/City-Aura/T_Tile-MultiColor-PatternA-01_RMA.uasset" 340
"../../../AuravanaCity001/Content/City-Aura/M_Tile-MultiColor-PatternA-01_Mat.uasset" 341
"../../../AuravanaCity001/Content/City-Aura/T_Tile-WhiteCross_01_RMA.uasset" 342
"../../../AuravanaCity001/Content/City-Aura/T_Tile-WhiteCross_01a_D.uasset" 343
"../../../AuravanaCity001/Content/City-Aura/M_Tile-WhiteCross_01.uasset" 344
"../../../AuravanaCity001/Content/City-Aura/T_WaterOcean-01_N.uasset" 345
"../../../AuravanaCity001/Content/City-Aura/M_Water-02.uasset" 346
"../../../AuravanaCity001/Content/City-Aura/M_Water-03.uasset" 347
"../../../AuravanaCity001/Content/StarterContent/Textures/T_MacroVariation.uasset" 348
"../../../AuravanaCity001/Content/StarterContent/Textures/T_Metal_Copper_D.uasset" 349
"../../../AuravanaCity001/Content/StarterContent/Textures/T_Metal_Gold_N.uasset" 350
"../../../AuravanaCity001/Content/StarterContent/Materials/M_Metal_Copper.uasset" 351
"../../../AuravanaCity001/Content/StarterContent/Textures/T_Metal_Gold_D.uasset" 352
"../../../AuravanaCity001/Content/StarterContent/Materials/M_Metal_Gold.uasset" 353
"../../../Engine/Content/Functions/Engine_MaterialFunctions02/Utility/BlendAngleCorrectedNormals.uasset" 354
"../../../AuravanaCity001/Content/StarterContent/Textures/T_Perlin_Noise_M.uasset" 355
"../../../AuravanaCity001/Content/StarterContent/Textures/T_Water_M.uasset" 356
"../../../AuravanaCity001/Content/StarterContent/Textures/T_Water_N.uasset" 357
"../../../AuravanaCity001/Content/StarterContent/Materials/M_Water_Ocean.uasset" 358
"../../../AuravanaCity001/Content/City-Aura/M_Illum-01.uasset" 359
"../../../AuravanaCity001/Content/City-Aura/M_Illum-01-Green_Inst.uasset" 360
"../../../AuravanaCity001/Content/VirtualReality/Materials/MI_BaseMaterial2.uasset" 361
"../../../AuravanaCity001/Content/VirtualReality/Materials/MI_BaseMaterial3.uasset" 362
"../../../Engine/Content/BasicShapes/Cube.uasset" 363
"../../../Engine/Content/BasicShapes/Plane.uasset" 364
"../../../AuravanaCity001/Content/City-Aura/D_POW_GEN_WIND-ELEC_TurbineBlade3-01_PhysicsAsset.uasset" 365
"../../../AuravanaCity001/Content/City-Aura/D_POW_GEN_WIND-ELEC_TurbineBlade3-01.uasset" 366
"../../../AuravanaCity001/Content/City-Aura/M_Paint-White-01.uasset" 367
"../../../AuravanaCity001/Content/City-Aura/D_TRANS_InterCityRail-Mover-3Cabin_PhysicsAsset.uasset" 368
"../../../AuravanaCity001/Content/City-Aura/D_TRANS_InterCityRail-Mover-3Cabin.uasset" 369
"../../../AuravanaCity001/Content/City-Aura/S_ARCH_BldgE-F1-BioReactor-01.uasset" 370
"../../../AuravanaCity001/Content/City-Aura/T_Concrete-TileScatter-01_D.uasset" 371
"../../../AuravanaCity001/Content/City-Aura/T_Concrete-TileScatter-01_N.uasset" 372
"../../../AuravanaCity001/Content/City-Aura/M_Concrete-TileScatter-01_Mat.uasset" 373
"../../../AuravanaCity001/Content/City-Aura/M_Glass-02.uasset" 374
"../../../AuravanaCity001/Content/City-Aura/S_ARCH_BldgE-F1-BioReactor-02.uasset" 375
"../../../AuravanaCity001/Content/City-Aura/S_ARCH_BldgE-F1-CylinderSquash.uasset" 376
"../../../AuravanaCity001/Content/City-Aura/S_ARCH_BldgE-F1-DomeOcto-UtilityGlass.uasset" 377
"../../../AuravanaCity001/Content/City-Aura/S_ARCH_BldgE-F1-DoubLatCylin-Three.uasset" 378
"../../../AuravanaCity001/Content/City-Aura/S_ARCH_BldgE-F1-Rec-PagodaFuji.uasset" 379
"../../../AuravanaCity001/Content/City-Aura/S_ARCH_BldgE-F1-Rec-SemiCylin.uasset" 380
"../../../AuravanaCity001/Content/City-Aura/S_ARCH_BldgE-F1-Torus-01.uasset" 381
"../../../AuravanaCity001/Content/City-Aura/T_WaterOcean-02_N.uasset" 382
"../../../AuravanaCity001/Content/City-Aura/M_Gold-02.uasset" 383
"../../../AuravanaCity001/Content/City-Aura/S_ARCH_BldgE-F15-CenterCylin-Sides2_S_ARCH_BldgE-F15-CenterCylin-Sides2.uasset" 384
"../../../AuravanaCity001/Content/City-Aura/S_ARCH_BldgE-F2-CylinderSquash.uasset" 385
"../../../AuravanaCity001/Content/City-Aura/S_ARCH_BldgE-F2-DodecP02Q05.uasset" 386
"../../../AuravanaCity001/Content/City-Aura/S_ARCH_BldgE-F2-DoubCylinRing-Cylin.uasset" 387
"../../../AuravanaCity001/Content/City-Aura/T_Wood-Panels_04_D.uasset" 388
"../../../AuravanaCity001/Content/City-Aura/T_Wood-Panels_04_N.uasset" 389
"../../../AuravanaCity001/Content/City-Aura/T_Wood-Panels_04_RMA.uasset" 390
"../../../AuravanaCity001/Content/City-Aura/M_Wood-Panels_04_D_Mat.uasset" 391
"../../../AuravanaCity001/Content/City-Aura/S_ARCH_BldgE-F2-Manta-01.uasset" 392
"../../../AuravanaCity001/Content/City-Aura/S_ARCH_BldgE-F2-RectangleShortOverhand.uasset" 393
"../../../AuravanaCity001/Content/City-Aura/S_ARCH_BldgE-F2-SemiCylinder-3LWindow.uasset" 394
"../../../AuravanaCity001/Content/City-Aura/S_ARCH_BldgE-F2_RectangleOverHang.uasset" 395
"../../../AuravanaCity001/Content/City-Aura/T_Tile-Marble-WhiteBlack-01_rma.uasset" 396
"../../../AuravanaCity001/Content/City-Aura/T_Tile-Marble-WhiteBlack-01a_D.uasset" 397
"../../../AuravanaCity001/Content/City-Aura/M_Tile-Marble-WhiteBlack-01a_D_Mat.uasset" 398
"../../../AuravanaCity001/Content/City-Aura/S_ARCH_BldgE-F3-CubeSky.uasset" 399
"../../../AuravanaCity001/Content/City-Aura/M_Illum-02.uasset" 400
"../../../AuravanaCity001/Content/City-Aura/S_ARCH_BldgE-F3-CubeSky-Transpad.uasset" 401
"../../../AuravanaCity001/Content/City-Aura/S_ARCH_BldgE-F3-Hexa02.uasset" 402
"../../../AuravanaCity001/Content/City-Aura/S_ARCH_BldgE-F3-RectaCurve-01.uasset" 403
"../../../AuravanaCity001/Content/City-Aura/S_ARCH_BldgE-F3-SemiSphe-MultiEntr.uasset" 404
"../../../AuravanaCity001/Content/City-Aura/S_ARCH_BldgE-F3-Trillian-TopFlat_S_ARCH_BldgE-F3-Trillian-TopFlat.uasset" 405
"../../../AuravanaCity001/Content/City-Aura/S_ARCH_BldgE-F3-Trillian-TopFlat_S_ARCH_BldgE-F3-Trillian-TopFlat-Floor1.uasset" 406
"../../../AuravanaCity001/Content/City-Aura/M_Copper-01.uasset" 407
"../../../AuravanaCity001/Content/City-Aura/S_ARCH_BldgE-F4-Gress-InterCityRail.uasset" 408
"../../../AuravanaCity001/Content/City-Aura/S_ARCH_BldgE-F4-Tower-TopSpher-01.uasset" 409
"../../../AuravanaCity001/Content/City-Aura/S_ARCH_BldgE-F4-Trillian-TopFlat_S_ARCH_BldgE-F4-Trillian-TopFlat.uasset" 410
"../../../AuravanaCity001/Content/City-Aura/S_ARCH_BldgE-F4-TrillianCurv_S_ARCH_BldgE-F4-TrillianCurv.uasset" 411
"../../../AuravanaCity001/Content/City-Aura/S_ARCH_BldgE-F4-TrillianCurv_S_ARCH_BldgE-F4-TrillianCurv-Floor1.uasset" 412
"../../../AuravanaCity001/Content/City-Aura/S_ARCH_BldgE-F4-WaveCircular-01.uasset" 413
"../../../AuravanaCity001/Content/City-Aura/S_ARCH_BldgEO-F3-Hexa01_S_ARCH-BldgEO-F3-Hexa01.uasset" 414
"../../../AuravanaCity001/Content/City-Aura/S_ARCH_BldgO-F1-Pavillion-WireSupported.uasset" 415
"../../../AuravanaCity001/Content/City-Aura/S_ARCH_BldgO-F1-PavillionArch12_S_ARCH_BldgO-F1-PavillionArch12.uasset" 416
"../../../AuravanaCity001/Content/City-Aura/S_ARCH_BldgO-F1-PavillionArch16_S_ARCH_BldgO-F1-PavillionArch16.uasset" 417
"../../../AuravanaCity001/Content/City-Aura/S_ARCH_BldgO-F1-Tent-6Point.uasset" 418
"../../../AuravanaCity001/Content/City-Aura/S_ARCH_Pool-Circular-Slide-01.uasset" 419
"../../../AuravanaCity001/Content/City-Aura/T_Terrain-GrassClover_D.uasset" 420
"../../../AuravanaCity001/Content/City-Aura/T_Terrain-GrassClover_N.uasset" 421
"../../../AuravanaCity001/Content/City-Aura/M_Terrain-GrassClover_Mat.uasset" 422
"../../../AuravanaCity001/Content/City-Aura/S_CULT_Planter-12x3x1.uasset" 423
"../../../AuravanaCity001/Content/City-Aura/T_Terrain-PlantGreen_01_D.uasset" 424
"../../../AuravanaCity001/Content/City-Aura/T_Terrain-PlantGreen_01_N.uasset" 425
"../../../AuravanaCity001/Content/City-Aura/M_Terrain-PlantGreen_01_D_Mat.uasset" 426
"../../../AuravanaCity001/Content/City-Aura/S_CULT_Planter-12x3x2.uasset" 427
"../../../AuravanaCity001/Content/City-Aura/S_CULT_PlanterBench-Circular.uasset" 428
"../../../AuravanaCity001/Content/City-Aura/T_CULTIV_Animal-CattleMix-01_SkinE.uasset" 429
"../../../AuravanaCity001/Content/City-Aura/M_CULTIV_Animal-CattleMix-01_SkinE_Mat.uasset" 430
"../../../AuravanaCity001/Content/City-Aura/S_CULTIV_Animal-CattleMix-01.uasset" 431
"../../../AuravanaCity001/Content/City-Aura/T_CULTIV_Animal-Goat-01.uasset" 432
"../../../AuravanaCity001/Content/City-Aura/M_CULTIV_Animal-Goat-01_Mat.uasset" 433
"../../../AuravanaCity001/Content/City-Aura/S_CULTIV_Animal-Goat-01.uasset" 434
"../../../AuravanaCity001/Content/City-Aura/T_CULTIV_Animal-Pig-01.uasset" 435
"../../../AuravanaCity001/Content/City-Aura/M_CULTIV_Animal-Pig-01_Mat.uasset" 436
"../../../AuravanaCity001/Content/City-Aura/S_CULTIV_Animal-Pig-01.uasset" 437
"../../../AuravanaCity001/Content/City-Aura/T_CULTIV_Animal-Ram-01.uasset" 438
"../../../AuravanaCity001/Content/City-Aura/M_CULTIV_Animal-Ram-01_Mat.uasset" 439
"../../../AuravanaCity001/Content/City-Aura/S_CULTIV_Animal-Ram-01.uasset" 440
"../../../AuravanaCity001/Content/City-Aura/T_CULTIV_Animal-Rooster-01_D.uasset" 441
"../../../AuravanaCity001/Content/City-Aura/T_CULTIV_Animal-Rooster-01_N.uasset" 442
"../../../AuravanaCity001/Content/City-Aura/T_CULTIV_Animal-Rooster-01_O.uasset" 443
"../../../AuravanaCity001/Content/City-Aura/T_CULTIV_Animal-Rooster-01_R.uasset" 444
"../../../AuravanaCity001/Content/City-Aura/M_CULTIV_Animal-Rooster-01_D_Mat.uasset" 445
"../../../AuravanaCity001/Content/City-Aura/S_CULTIV_Animal-Rooster-01.uasset" 446
"../../../AuravanaCity001/Content/City-Aura/T_CULTIV_Plant-BushEvergreen_D.uasset" 447
"../../../AuravanaCity001/Content/City-Aura/T_CULTIV_Plant-BushEvergreen_N.uasset" 448
"../../../AuravanaCity001/Content/City-Aura/M_CULTIV_Plant-BushEvergreen_Mat.uasset" 449
"../../../AuravanaCity001/Content/City-Aura/S_CULTIV_Plant-BushEvergreen.uasset" 450
"../../../AuravanaCity001/Content/City-Aura/T_CULTIV_Plant-GrassFlowerPurple_D.uasset" 451
"../../../AuravanaCity001/Content/City-Aura/T_CULTIV_Plant-GrassFlowerPurple_N.uasset" 452
"../../../AuravanaCity001/Content/City-Aura/M_CULTIV_Plant-GrassFlowerPurple_Mat.uasset" 453
"../../../AuravanaCity001/Content/City-Aura/S_CULTIV_Plant-GrassFlowerPurple.uasset" 454
"../../../AuravanaCity001/Content/City-Aura/T_CULTIV_Plant-HedgeArch_D.uasset" 455
"../../../AuravanaCity001/Content/City-Aura/T_CULTIV_Plant-HedgeArch_N.uasset" 456
"../../../AuravanaCity001/Content/City-Aura/M_CULTIV_Plant-HedgeArch_Mat.uasset" 457
"../../../AuravanaCity001/Content/City-Aura/S_CULTIV_Plant-HedgeArch.uasset" 458
"../../../AuravanaCity001/Content/City-Aura/T_CULTIV_Plant-HedgeOvoid_D.uasset" 459
"../../../AuravanaCity001/Content/City-Aura/T_CULTIV_Plant-HedgeOvoid_N.uasset" 460
"../../../AuravanaCity001/Content/City-Aura/M_CULTIV_Plant-HedgeOvoid_Mat.uasset" 461
"../../../AuravanaCity001/Content/City-Aura/S_CULTIV_Plant-HedgeOvoid.uasset" 462
"../../../AuravanaCity001/Content/City-Aura/T_CULTIV_Plant-Tree-02-Bark_D.uasset" 463
"../../../AuravanaCity001/Content/City-Aura/T_CULTIV_Plant-Tree-02-Bark_N.uasset" 464
"../../../AuravanaCity001/Content/City-Aura/M_CULTIV_Plant-Tree-02-Bark_Mat.uasset" 465
"../../../AuravanaCity001/Content/City-Aura/M_CULTIV_Plant-Tree-02-Bark_Mat_Inst.uasset" 466
"../../../Engine/Content/Functions/Engine_MaterialFunctions01/WorldPositionOffset/SimpleGrassWind.uasset" 467
"../../../AuravanaCity001/Content/City-Aura/T_CULTIV_Plant-Tree-02-Leaf_D.uasset" 468
"../../../AuravanaCity001/Content/City-Aura/T_CULTIV_Plant-Tree-02-Leaf_N.uasset" 469
"../../../AuravanaCity001/Content/City-Aura/T_CULTIV_Plant-Tree-02-Leaf_S.uasset" 470
"../../../AuravanaCity001/Content/City-Aura/T_CULTIV_Plant-Tree-02-Leaf_SSS.uasset" 471
"../../../AuravanaCity001/Content/City-Aura/M_CULTIV_Plant-Tree-02-Leaf_Mat.uasset" 472
"../../../AuravanaCity001/Content/City-Aura/M_CULTIV_Plant-Tree-02-Leaf_Mat_Inst.uasset" 473
"../../../AuravanaCity001/Content/City-Aura/S_CULTIV_Plant-Tree-02.uasset" 474
"../../../AuravanaCity001/Content/City-Aura/T_CULTIV_Plant-Tree-Acacia-01-Bark_D.uasset" 475
"../../../AuravanaCity001/Content/City-Aura/T_CULTIV_Plant-Tree-Acacia-01-Bark_N.uasset" 476
"../../../AuravanaCity001/Content/City-Aura/M_CULTIV_Plant-Tree-Acacia-01-Bark_Mat.uasset" 477
"../../../AuravanaCity001/Content/City-Aura/T_Plant-Branch-Leaves-Greeny_D.uasset" 478
"../../../AuravanaCity001/Content/City-Aura/T_Plant-Branch-Leaves-Greeny_N.uasset" 479
"../../../AuravanaCity001/Content/City-Aura/M_Plant-Branch-Leaves-Greeny_Mat.uasset" 480
"../../../AuravanaCity001/Content/City-Aura/S_CULTIV_Plant-Tree-Acacia-01-Large.uasset" 481
"../../../AuravanaCity001/Content/City-Aura/T_CULTIV_Plant-Tree-LongLeaves-Leaf_D.uasset" 482
"../../../AuravanaCity001/Content/City-Aura/T_CULTIV_Plant-Tree-LongLeaves-Leaf_N.uasset" 483
"../../../AuravanaCity001/Content/City-Aura/M_CULTIV_Plant-Tree-LongLeaves-Leaf_Mat.uasset" 484
"../../../AuravanaCity001/Content/City-Aura/S_CULTIV_Plant-Tree-LongLeaves.uasset" 485
"../../../AuravanaCity001/Content/City-Aura/T_CULTIV_Plant-Tree-Palm-02_N.uasset" 486
"../../../AuravanaCity001/Content/City-Aura/T_CULTIV_Plant-Tree-Palm-02_RMA.uasset" 487
"../../../AuravanaCity001/Content/City-Aura/T_CULTIV_Plant-Tree-Palm-02a_D.uasset" 488
"../../../AuravanaCity001/Content/City-Aura/M_CULTIV_Plant-Tree-Palm-02_Mat.uasset" 489
"../../../AuravanaCity001/Content/City-Aura/S_CULTIV_Plant-Tree-Palm-02-Dual.uasset" 490
"../../../AuravanaCity001/Content/City-Aura/S_CULTIV_Plant-Tree-Palm-02-DualBend.uasset" 491
"../../../AuravanaCity001/Content/City-Aura/S_CULTIV_Plant-Tree-Palm-02-Straight.uasset" 492
"../../../AuravanaCity001/Content/City-Aura/S_CULTIV_Plant-Tree-Palm-02-Trio.uasset" 493
"../../../AuravanaCity001/Content/City-Aura/T_CULTIV_Plant-Tree-PineSnow-01_D.uasset" 494
"../../../AuravanaCity001/Content/City-Aura/T_CULTIV_Plant-Tree-PineSnow-01_N.uasset" 495
"../../../AuravanaCity001/Content/City-Aura/M_CULTIV_Plant-Tree-PineSnow-01_Mat.uasset" 496
"../../../AuravanaCity001/Content/City-Aura/S_CULTIV_Plant-Tree-PineSnow-01-Large.uasset" 497
"../../../AuravanaCity001/Content/City-Aura/T_CULTIV_Plant-Tree-Tropical-01_D.uasset" 498
"../../../AuravanaCity001/Content/City-Aura/T_CULTIV_Plant-Tree-Tropical-01_N.uasset" 499
"../../../AuravanaCity001/Content/City-Aura/M_CULTIV_Plant-Tree-Tropical-01_Mat.uasset" 500
"../../../AuravanaCity001/Content/City-Aura/S_CULTIV_Plant-Tree-Tropical-01.uasset" 501
"../../../AuravanaCity001/Content/City-Aura/S_GRID_C2-Pool.uasset" 502
"../../../AuravanaCity001/Content/City-Aura/S_GRID_C2-Pool-Water.uasset" 503
"../../../AuravanaCity001/Content/City-Aura/S_GRID_C3-Path.uasset" 504
"../../../AuravanaCity001/Content/City-Aura/S_GRID_C3-Wall.uasset" 505
"../../../AuravanaCity001/Content/City-Aura/S_GRID_C6-Path.uasset" 506
"../../../AuravanaCity001/Content/City-Aura/S_GRID_C8-Sector-Water.uasset" 507
"../../../AuravanaCity001/Content/City-Aura/S_GRID_Ground-C3C4C5C6.uasset" 508
"../../../AuravanaCity001/Content/City-Aura/S_GRID_Ground-C3C4C5C6-WaterHole01.uasset" 509
"../../../AuravanaCity001/Content/City-Aura/S_GRID_Ground-C3C4C5C6-WaterHole02.uasset" 510
"../../../AuravanaCity001/Content/City-Aura/S_GRID_Ground-C7.uasset" 511
"../../../AuravanaCity001/Content/City-Aura/S_GRID_Ground-C8.uasset" 512
"../../../AuravanaCity001/Content/City-Aura/S_GRID_Ground-C9.uasset" 513
"../../../AuravanaCity001/Content/City-Aura/S_GRID_Layout-R8C9-A45.uasset" 514
"../../../AuravanaCity001/Content/City-Aura/S_GRID_Path-Curve.uasset" 515
"../../../Engine/Content/EditorMaterials/Cascade/CASC_Cross.uasset" 516
"../../../Engine/Content/EditorMaterials/Cascade/CASC_None.uasset" 517
"../../../Engine/Content/Functions/Engine_MaterialFunctions03/Blends/Blend_Overlay.uasset" 518
"../../../AuravanaCity001/Content/Textures/Ground/T_GroundSand_01_A.uasset" 519
"../../../AuravanaCity001/Content/Textures/Ground/T_GroundSand_01_M.uasset" 520
"../../../AuravanaCity001/Content/Textures/Ground/T_GroundSand_01_N.uasset" 521
"../../../AuravanaCity001/Content/Materials/M_GroundSand_01.uasset" 522
"../../../AuravanaCity001/Content/City-Aura/S_GRID_Path-Straight-1p5m.uasset" 523
"../../../AuravanaCity001/Content/City-Aura/S_GRID_Path-Straight-2p8m.uasset" 524
"../../../AuravanaCity001/Content/City-Aura/S_GRID_PathBorder-C4.uasset" 525
"../../../AuravanaCity001/Content/City-Aura/S_GRID_PathBorder-C5.uasset" 526
"../../../AuravanaCity001/Content/City-Aura/S_GRID_PathBorder-C7.uasset" 527
"../../../AuravanaCity001/Content/City-Aura/S_GRID_Pipe-OneMeter-A360.uasset" 528
"../../../AuravanaCity001/Content/City-Aura/S_POW_GEN_SOL-ELEC_Panel-RectangularGround.uasset" 529
"../../../Engine/Content/Functions/Engine_MaterialFunctions02/Math/Pi.uasset" 530
"../../../AuravanaCity001/Content/Textures/Gradients/T_Gradinet_01.uasset" 531
"../../../AuravanaCity001/Content/Materials/FlashingTronGlow.uasset" 532
"../../../AuravanaCity001/Content/StarterContent/Textures/T_Metal_Steel_D.uasset" 533
"../../../AuravanaCity001/Content/StarterContent/Textures/T_Metal_Steel_N.uasset" 534
"../../../AuravanaCity001/Content/StarterContent/Materials/M_Metal_Steel.uasset" 535
"../../../AuravanaCity001/Content/City-Aura/S_POW_GEN_SOL-ELEC_SphereGlass.uasset" 536
"../../../AuravanaCity001/Content/City-Aura/T_RECREAT_Court-Tennis-01_D.uasset" 537
"../../../AuravanaCity001/Content/City-Aura/T_RECREAT_Court-Tennis-01_N.uasset" 538
"../../../AuravanaCity001/Content/City-Aura/M_RECREAT_Court-Tennis-01_D_Mat.uasset" 539
"../../../AuravanaCity001/Content/City-Aura/T_RECREAT_Court-Tennis-01_Net_A.uasset" 540
"../../../AuravanaCity001/Content/City-Aura/T_RECREAT_Court-Tennis-01_Net_D.uasset" 541
"../../../AuravanaCity001/Content/City-Aura/M_RECREAT_Court-Tennis-01_Net_D_Mat.uasset" 542
"../../../AuravanaCity001/Content/City-Aura/S_RECREAT_Court-Tennis-01.uasset" 543
"../../../AuravanaCity001/Content/City-Aura/S_STRU_COMP_Platform-Circular.uasset" 544
"../../../AuravanaCity001/Content/City-Aura/S_STRU_ILLUM_Bollard-TwoLightSolar.uasset" 545
"../../../AuravanaCity001/Content/City-Aura/S_TRANS_InterCityRail-Compr-I.uasset" 546
"../../../AuravanaCity001/Content/City-Aura/S_TRANS_InterCityRail-Compr-O.uasset" 547
"../../../AuravanaCity001/Content/City-Aura/S_TRANS_InterCityRail-Compr-T.uasset" 548
"../../../AuravanaCity001/Content/City-Aura/T_TRANS_P-Mover-Bicycle-01_D.uasset" 549
"../../../AuravanaCity001/Content/City-Aura/T_TRANS_P-Mover-Bicycle-01_N.uasset" 550
"../../../AuravanaCity001/Content/City-Aura/T_TRANS_P-Mover-Bicycle-01_RMA.uasset" 551
"../../../AuravanaCity001/Content/City-Aura/M_TRANS_P-Mover-Bicycle-01_Mat.uasset" 552
"../../../AuravanaCity001/Content/City-Aura/S_TRANS_P-Mover-Bicycle-01.uasset" 553
"../../../AuravanaCity001/Content/City-Aura/T_TRANS_P-Mover-Bicycle-02_D.uasset" 554
"../../../AuravanaCity001/Content/City-Aura/T_TRANS_P-Mover-Bicycle-02_N.uasset" 555
"../../../AuravanaCity001/Content/City-Aura/T_TRANS_P-Mover-Bicycle-02_RMA.uasset" 556
"../../../AuravanaCity001/Content/City-Aura/M_TRANS_P-Mover-Bicycle-02_Mat.uasset" 557
"../../../AuravanaCity001/Content/City-Aura/S_TRANS_P-Mover-Bicycle-02.uasset" 558
"../../../AuravanaCity001/Content/City-Aura/M_Illum-Sine.uasset" 559
"../../../AuravanaCity001/Content/City-Aura/T_TRANS_Utility-AutoMover-4Wheel_D.uasset" 560
"../../../AuravanaCity001/Content/City-Aura/T_TRANS_Utility-AutoMover-4Wheel_N.uasset" 561
"../../../AuravanaCity001/Content/City-Aura/T_TRANS_Utility-AutoMover-4Wheel_RMA.uasset" 562
"../../../AuravanaCity001/Content/City-Aura/M_TRANS_Utility-AutoMover-4Wheel_Mat.uasset" 563
"../../../AuravanaCity001/Content/City-Aura/S_TRANS_Utility-AutoMover-4Wheel.uasset" 564
"../../../Engine/Content/Functions/Engine_MaterialFunctions02/Utility/VectorToRadialValue.uasset" 565
"../../../Engine/Content/ArtTools/RenderToTexture/MaterialFunctions/FoliageZRotation.uasset" 566
"../../../Engine/Content/Functions/Engine_MaterialFunctions01/SpeedTree/SpeedTreeColorVariation.uasset" 567
"../../../AuravanaCity001/Content/NatureAssets/Trees/Acacia/Textures/acacia_01_billboard.uasset" 568
"../../../AuravanaCity001/Content/NatureAssets/Trees/Acacia/Textures/acacia_01_billboard_N.uasset" 569
"../../../AuravanaCity001/Content/NatureAssets/Trees/MasterMaterials/M_FoliageBillBoard.uasset" 570
"../../../AuravanaCity001/Content/NatureAssets/Trees/BananaPlant/textures/bananaPlant_02_billboard.uasset" 571
"../../../AuravanaCity001/Content/NatureAssets/Trees/BananaPlant/textures/bananaPlant_02_billboard_n.uasset" 572
"../../../AuravanaCity001/Content/NatureAssets/Trees/BananaPlant/Materials/MI_bannanaPlant_billboard02.uasset" 573
"../../../Engine/Content/Functions/Engine_MaterialFunctions02/WorldPositionOffset/Wind.uasset" 574
"../../../AuravanaCity001/Content/NatureAssets/Trees/Acacia/Textures/AcaciaBarck_n.uasset" 575
"../../../AuravanaCity001/Content/NatureAssets/Trees/Acacia/Textures/TEX_0.uasset" 576
"../../../AuravanaCity001/Content/NatureAssets/Trees/MasterMaterials/MM_AcaciaBark.uasset" 577
"../../../AuravanaCity001/Content/NatureAssets/Trees/BananaPlant/textures/bark08.uasset" 578
"../../../AuravanaCity001/Content/NatureAssets/Trees/BananaPlant/textures/bark08_n.uasset" 579
"../../../AuravanaCity001/Content/NatureAssets/Trees/BananaPlant/Materials/MI_BannanaPlantBark.uasset" 580
"../../../Engine/Content/Functions/Engine_MaterialFunctions02/Texturing/CustomRotator.uasset" 581
"../../../AuravanaCity001/Content/NatureAssets/Trees/Acacia/Textures/acacia_leaf.uasset" 582
"../../../AuravanaCity001/Content/NatureAssets/Trees/Acacia/Textures/acacia_leaf_normal.uasset" 583
"../../../AuravanaCity001/Content/NatureAssets/Trees/MasterMaterials/TreesLeafesMaster.uasset" 584
"../../../AuravanaCity001/Content/NatureAssets/Trees/BananaPlant/textures/banana.uasset" 585
"../../../AuravanaCity001/Content/NatureAssets/Trees/BananaPlant/textures/banana_n.uasset" 586
"../../../AuravanaCity001/Content/NatureAssets/Trees/BananaPlant/Materials/MI_BannanaPlantLeafes.uasset" 587
"../../../AuravanaCity001/Content/NatureAssets/Trees/BananaPlant/st_Mehes/bananaPlant_02.uasset" 588
"../../../AuravanaCity001/Content/NatureAssets/Trees/BananaPlant/textures/bananaPlant_03_billboard.uasset" 589
"../../../AuravanaCity001/Content/NatureAssets/Trees/BananaPlant/textures/bananaPlant_03_billboard_n.uasset" 590
"../../../AuravanaCity001/Content/NatureAssets/Trees/BananaPlant/Materials/MI_bannanaPlant_billboard03.uasset" 591
"../../../AuravanaCity001/Content/NatureAssets/Trees/BananaPlant/st_Mehes/bananaPlant_03.uasset" 592
"../../../AuravanaCity001/Content/NatureAssets/Trees/Beech/textures/bark01.uasset" 593
"../../../AuravanaCity001/Content/NatureAssets/Trees/Beech/textures/bark01_n.uasset" 594
"../../../AuravanaCity001/Content/NatureAssets/Trees/Beech/Materials/MI_beechBark.uasset" 595
"../../../AuravanaCity001/Content/NatureAssets/Trees/Beech/textures/beech_01_Billboard.uasset" 596
"../../../AuravanaCity001/Content/NatureAssets/Trees/Beech/textures/beech_01_Billboard_n.uasset" 597
"../../../AuravanaCity001/Content/NatureAssets/Trees/Beech/Materials/MI_beerchbillboard_01.uasset" 598
"../../../AuravanaCity001/Content/NatureAssets/Trees/Beech/textures/beech_leaf.uasset" 599
"../../../AuravanaCity001/Content/NatureAssets/Trees/Beech/textures/beech_leaf_n.uasset" 600
"../../../AuravanaCity001/Content/NatureAssets/Trees/Beech/Materials/MI_beerchLeafes.uasset" 601
"../../../AuravanaCity001/Content/NatureAssets/Trees/Beech/st_meshes/beech_01.uasset" 602
"../../../AuravanaCity001/Content/NatureAssets/Trees/CurlyPalm/Textures/curlyPalm_03_billboard.uasset" 603
"../../../AuravanaCity001/Content/NatureAssets/Trees/CurlyPalm/Textures/curlyPalm_03_billboard_n.uasset" 604
"../../../AuravanaCity001/Content/NatureAssets/Trees/CurlyPalm/Materials/MI_CurlyPalm_billboard_03.uasset" 605
"../../../AuravanaCity001/Content/NatureAssets/Trees/CurlyPalm/Textures/palm01.uasset" 606
"../../../AuravanaCity001/Content/NatureAssets/Trees/CurlyPalm/Textures/Palm01_n.uasset" 607
"../../../AuravanaCity001/Content/NatureAssets/Trees/CurlyPalm/Materials/MI_CurlyPalmBark.uasset" 608
"../../../AuravanaCity001/Content/NatureAssets/Trees/CurlyPalm/Textures/curly_palm_leaf.uasset" 609
"../../../AuravanaCity001/Content/NatureAssets/Trees/CurlyPalm/Textures/curly_palm_leaf_n.uasset" 610
"../../../AuravanaCity001/Content/NatureAssets/Trees/CurlyPalm/Materials/MI_CurlyPalmLeafes.uasset" 611
"../../../AuravanaCity001/Content/NatureAssets/Trees/CurlyPalm/st_Meshes/curlyPalm_03.uasset" 612
"../../../AuravanaCity001/Content/NatureAssets/Trees/Fir/textures/fir_01_billboard.uasset" 613
"../../../AuravanaCity001/Content/NatureAssets/Trees/Fir/textures/fir_01_billboard_n.uasset" 614
"../../../AuravanaCity001/Content/NatureAssets/Trees/Fir/Materials/MI_Fir_billboard_01.uasset" 615
"../../../AuravanaCity001/Content/NatureAssets/Trees/Fir/textures/bark08.uasset" 616
"../../../AuravanaCity001/Content/NatureAssets/Trees/Fir/textures/bark08_n.uasset" 617
"../../../AuravanaCity001/Content/NatureAssets/Trees/Fir/Materials/MI_FirBark.uasset" 618
"../../../AuravanaCity001/Content/NatureAssets/Trees/Fir/textures/fir_leaf.uasset" 619
"../../../AuravanaCity001/Content/NatureAssets/Trees/Fir/textures/fir_leaf_n.uasset" 620
"../../../AuravanaCity001/Content/NatureAssets/Trees/Fir/Materials/MI_FirLeafes.uasset" 621
"../../../AuravanaCity001/Content/NatureAssets/Trees/Fir/st_meshes/fir_01.uasset" 622
"../../../AuravanaCity001/Content/NatureAssets/Trees/Pine/textures/bark02.uasset" 623
"../../../AuravanaCity001/Content/NatureAssets/Trees/Pine/textures/bark02_n.uasset" 624
"../../../AuravanaCity001/Content/NatureAssets/Trees/Pine/materials/MI_PineBark.uasset" 625
"../../../AuravanaCity001/Content/NatureAssets/Trees/Pine/textures/pine_01_billboard.uasset" 626
"../../../AuravanaCity001/Content/NatureAssets/Trees/Pine/textures/pine_01_billboard_n.uasset" 627
"../../../AuravanaCity001/Content/NatureAssets/Trees/Pine/materials/MI_PineBillboard_01.uasset" 628
"../../../AuravanaCity001/Content/NatureAssets/Trees/Pine/textures/pine_leaf.uasset" 629
"../../../AuravanaCity001/Content/NatureAssets/Trees/Pine/textures/pine_leaf_n.uasset" 630
"../../../AuravanaCity001/Content/NatureAssets/Trees/Pine/materials/MI_PineLeafes.uasset" 631
"../../../AuravanaCity001/Content/NatureAssets/Trees/Pine/st_meshes/pine_01.uasset" 632
"../../../AuravanaCity001/Content/NatureAssets/Trees/Spruce/textures/bark06.uasset" 633
"../../../AuravanaCity001/Content/NatureAssets/Trees/Spruce/textures/bark06_n.uasset" 634
"../../../AuravanaCity001/Content/NatureAssets/Trees/Spruce/Materials/MI_SpruceBark.uasset" 635
"../../../AuravanaCity001/Content/NatureAssets/Trees/Spruce/textures/spuce_04_billboard.uasset" 636
"../../../AuravanaCity001/Content/NatureAssets/Trees/Spruce/textures/spuce_04_billboard_n.uasset" 637
"../../../AuravanaCity001/Content/NatureAssets/Trees/Spruce/Materials/MI_SpruceBillboard_04.uasset" 638
"../../../AuravanaCity001/Content/NatureAssets/Trees/Spruce/textures/spruce_leaf.uasset" 639
"../../../AuravanaCity001/Content/NatureAssets/Trees/Spruce/textures/spruce_leaf_n.uasset" 640
"../../../AuravanaCity001/Content/NatureAssets/Trees/Spruce/Materials/MI_SpruceLeafes.uasset" 641
"../../../AuravanaCity001/Content/NatureAssets/Trees/Spruce/st_meshes/spruce_04.uasset" 642
"../../../AuravanaCity001/Content/Showcase_Assets/ShowCasePot_BaseColor.uasset" 643
"../../../AuravanaCity001/Content/Showcase_Assets/ShowCasePot_normal.uasset" 644
"../../../AuravanaCity001/Content/Showcase_Assets/ShowCasePot_OMR.uasset" 645
"../../../AuravanaCity001/Content/Showcase_Assets/MM_Pot.uasset" 646
"../../../AuravanaCity001/Content/Showcase_Assets/ShowCasePot.uasset" 647
"../../../AuravanaCity001/Content/VirtualRealityBP/Maps/CityAura-Mini_v2.umap" 648
"../../../Engine/Content/Maps/Entry.umap" 649
