Log file open, 07/27/17 15:36:05
LogInit:Display: Running engine for game: AuravanaCity001
LogPlatformFile: Not using cached read wrapper
LogInit:Display: RandInit(2075238880) SRandInit(2075238880).
LogTaskGraph: Started task graph with 5 named threads and 10 total threads with 1 sets of task threads.
LogStats: Stats thread started at 0.110749
LogInit: Using libcurl 7.47.1
LogInit:  - built for x86_64-pc-win32
LogInit:  - supports SSL with OpenSSL/1.0.2g
LogInit:  - supports HTTP deflate (compression) using libz 1.2.8
LogInit:  - other features:
LogInit:      CURL_VERSION_SSL
LogInit:      CURL_VERSION_LIBZ
LogInit:      CURL_VERSION_IPV6
LogInit:      CURL_VERSION_ASYNCHDNS
LogInit:      CURL_VERSION_LARGEFILE
LogInit:      CURL_VERSION_IDN
LogInit:  CurlRequestOptions (configurable via config and command line):
LogInit:  - bVerifyPeer = false  - Libcurl will NOT verify peer certificate
LogInit:  - bUseHttpProxy = false  - Libcurl will NOT use HTTP proxy
LogInit:  - bDontReuseConnections = false  - Libcurl will reuse connections
LogInit:  - CertBundlePath = nullptr  - Libcurl will use whatever was configured at build time.
LogInit: Build: ++UE4+Release-4.16-CL-3466753
LogInit: Engine Version: 4.16.1-3466753+++UE4+Release-4.16
LogInit: Compatible Engine Version: 4.16.0-3452394+++UE4+Release-4.16
LogInit: Net CL: 3452394
LogDevObjectVersion: Number of dev versions registered: 16
LogDevObjectVersion:   Dev-Blueprints (B0D832E4-1F89-4F0D-ACCF-7EB736FD4AA2): 9
LogDevObjectVersion:   Dev-Build (E1C64328-A22C-4D53-A36C-8E866417BD8C): 0
LogDevObjectVersion:   Dev-Core (375EC13C-06E4-48FB-B500-84F0262A717E): 2
LogDevObjectVersion:   Dev-Editor (E4B068ED-F494-42E9-A231-DA0B2E46BB41): 17
LogDevObjectVersion:   Dev-Framework (CFFC743F-43B0-4480-9391-14DF171D2073): 23
LogDevObjectVersion:   Dev-Mobile (B02B49B5-BB20-44E9-A304-32B752E40360): 0
LogDevObjectVersion:   Dev-Networking (A4E4105C-59A1-49B5-A7C5-40C4547EDFEE): 0
LogDevObjectVersion:   Dev-Online (39C831C9-5AE6-47DC-9A44-9C173E1C8E7C): 0
LogDevObjectVersion:   Dev-Physics (78F01B33-EBEA-4F98-B9B4-84EACCB95AA2): 0
LogDevObjectVersion:   Dev-Platform (6631380F-2D4D-43E0-8009-CF276956A95A): 0
LogDevObjectVersion:   Dev-Rendering (12F88B9F-8875-4AFC-A67C-D90C383ABD29): 15
LogDevObjectVersion:   Dev-Sequencer (7B5AE74C-D270-4C10-A958-57980B212A5A): 4
LogDevObjectVersion:   Dev-VR (D7296918-1DD6-4BDD-9DE2-64A83CC13884): 0
LogDevObjectVersion:   Dev-LoadTimes (C2A15278-BFE7-4AFE-6C17-90FF531DF755): 1
LogDevObjectVersion:   Private-Geometry (6EACA3D4-40EC-4CC1-B786-8BED09428FC5): 1
LogDevObjectVersion:   Dev-AnimPhys (29E575DD-E0A3-4627-9D10-D276232CDCEA): 3
LogInit: Compiled (64-bit): May 31 2017 02:03:30
LogInit: Compiled with Visual C++: 19.00.24215.01
LogInit: Build Configuration: Development
LogInit: Branch Name: ++UE4+Release-4.16
LogInit: Command line: -EpicPortal 
LogInit: Base directory: G:/Epic Games/UE_4.16/Engine/Binaries/Win64/
LogInit: Installed Engine Build: 1
LogInit: Presizing for max 8388607 objects, including 0 objects not considered by GC, pre-allocating 0 bytes for permanent pool.
LogInit: Object subsystem initialized
[2017.07.27-19.36.05:801][  0]LogInit: Selected Device Profile: [Windows]
[2017.07.27-19.36.05:801][  0]LogInit: Applying CVar settings loaded from the selected device profile: [Windows]
[2017.07.27-19.36.05:811][  0]LogInit: Computer: THERMALWIND
[2017.07.27-19.36.05:811][  0]LogInit: User: 3DSim
[2017.07.27-19.36.05:811][  0]LogInit: CPU Page size=4096, Cores=6
[2017.07.27-19.36.05:811][  0]LogInit: High frequency timer resolution =3.416979 MHz
[2017.07.27-19.36.05:811][  0]LogMemory: Memory total: Physical=47.9GB (48GB approx)
[2017.07.27-19.36.05:811][  0]LogMemory: Platform Memory Stats for Windows
[2017.07.27-19.36.05:811][  0]LogMemory: Process Physical Memory: 274.14 MB used, 274.14 MB peak
[2017.07.27-19.36.05:811][  0]LogMemory: Process Virtual Memory: 267.31 MB used, 267.31 MB peak
[2017.07.27-19.36.05:811][  0]LogMemory: Physical Memory: 16044.55 MB used,  33001.01 MB free, 49045.56 MB total
[2017.07.27-19.36.05:811][  0]LogMemory: Virtual Memory: 647.89 MB used,  33001.01 MB free, 134217728.00 MB total
[2017.07.27-19.36.05:864][  0]LogInit: Using OS detected language (en-US).
[2017.07.27-19.36.05:864][  0]LogInit: Using OS detected locale (en-US).
[2017.07.27-19.36.05:868][  0]LogTextLocalizationManager: No specific localization for 'en-US' exists, so the 'en' localization will be used.
[2017.07.27-19.36.06:857][  0]LogD3D11RHI: D3D11 adapters:
[2017.07.27-19.36.07:532][  0]LogD3D11RHI:    0. 'NVIDIA GeForce GTX TITAN X' (Feature Level 11_0)
[2017.07.27-19.36.07:532][  0]LogD3D11RHI:       12244/0/24522 MB DedicatedVideo/DedicatedSystem/SharedSystem, Outputs:2, VendorId:0x10de
[2017.07.27-19.36.07:534][  0]LogD3D11RHI:    1. 'Microsoft Basic Render Driver' (Feature Level 11_0)
[2017.07.27-19.36.07:534][  0]LogD3D11RHI:       0/0/24522 MB DedicatedVideo/DedicatedSystem/SharedSystem, Outputs:0, VendorId:0x1414
[2017.07.27-19.36.07:534][  0]LogD3D11RHI: Chosen D3D11 Adapter: 0
[2017.07.27-19.36.07:543][  0]LogD3D11RHI: Creating new Direct3DDevice
[2017.07.27-19.36.07:543][  0]LogD3D11RHI:     GPU DeviceId: 0x17c2 (for the marketing name, search the web for "GPU Device Id")
[2017.07.27-19.36.07:543][  0]LogWindows: EnumDisplayDevices:
[2017.07.27-19.36.07:543][  0]LogWindows:    0. 'NVIDIA GeForce GTX TITAN X' (P:1 D:1)
[2017.07.27-19.36.07:544][  0]LogWindows:    1. 'NVIDIA GeForce GTX TITAN X' (P:0 D:1)
[2017.07.27-19.36.07:544][  0]LogWindows:    2. 'NVIDIA GeForce GTX TITAN X' (P:0 D:0)
[2017.07.27-19.36.07:544][  0]LogWindows:    3. 'NVIDIA GeForce GTX TITAN X' (P:0 D:0)
[2017.07.27-19.36.07:544][  0]LogWindows: DebugString: FoundDriverCount:4 
[2017.07.27-19.36.07:544][  0]LogD3D11RHI:     Adapter Name: NVIDIA GeForce GTX TITAN X
[2017.07.27-19.36.07:544][  0]LogD3D11RHI:   Driver Version: 382.33 (internal:22.21.13.8233, unified:382.33)
[2017.07.27-19.36.07:544][  0]LogD3D11RHI:      Driver Date: 5-17-2017
[2017.07.27-19.36.07:544][  0]LogRHI: Texture pool is 1361 MB (70% of 1945 MB)
[2017.07.27-19.36.08:195][  0]LogD3D11RHI: Async texture creation enabled
[2017.07.27-19.36.08:224][  0]LogD3D11RHI: GPU Timing Frequency: 1000.000000 (Debug: 2 1)
[2017.07.27-19.36.08:315][  0]LogShaderCompilers: Guid format shader working directory is 12 characters bigger than the processId version (H:/UnrealProjects/AuravanaCity001/Intermediate/Shaders/WorkingDirectory/28644/).
[2017.07.27-19.36.08:315][  0]LogShaderCompilers: Cleaned the shader compiler working directory 'C:/Users/3DSim/AppData/Local/Temp/UnrealShaderWorkingDir/59E3B19142EFACE7D57854BF0531336A/'.
[2017.07.27-19.36.08:315][  0]LogShaderCompilers:Display: Using Local Shader Compiler.
[2017.07.27-19.36.09:381][  0]LogTemp:Display: Loaded TP AllDesktopTargetPlatform
[2017.07.27-19.36.09:427][  0]LogTemp:Display: Loaded TP MacClientTargetPlatform
[2017.07.27-19.36.09:468][  0]LogTemp:Display: Loaded TP MacNoEditorTargetPlatform
[2017.07.27-19.36.09:510][  0]LogTemp:Display: Loaded TP MacServerTargetPlatform
[2017.07.27-19.36.09:550][  0]LogTemp:Display: Loaded TP MacTargetPlatform
[2017.07.27-19.36.09:591][  0]LogTemp:Display: Loaded TP WindowsClientTargetPlatform
[2017.07.27-19.36.09:632][  0]LogTemp:Display: Loaded TP WindowsNoEditorTargetPlatform
[2017.07.27-19.36.09:672][  0]LogTemp:Display: Loaded TP WindowsServerTargetPlatform
[2017.07.27-19.36.09:707][  0]LogTemp:Display: Loaded TP WindowsTargetPlatform
[2017.07.27-19.36.09:747][  0]LogTemp:Display: Loaded TP AndroidTargetPlatform
[2017.07.27-19.36.09:787][  0]LogTemp:Display: Loaded TP Android_ASTCTargetPlatform
[2017.07.27-19.36.09:827][  0]LogTemp:Display: Loaded TP Android_ATCTargetPlatform
[2017.07.27-19.36.09:867][  0]LogTemp:Display: Loaded TP Android_DXTTargetPlatform
[2017.07.27-19.36.09:909][  0]LogTemp:Display: Loaded TP Android_ETC1TargetPlatform
[2017.07.27-19.36.09:952][  0]LogTemp:Display: Loaded TP Android_ETC2TargetPlatform
[2017.07.27-19.36.10:038][  0]LogTemp:Display: Loaded TP Android_MultiTargetPlatform
[2017.07.27-19.36.10:038][  0]LogTemp:Display: Loaded TP Android_PVRTCTargetPlatform
[2017.07.27-19.36.10:071][  0]LogTemp:Display: Loaded TP HTML5TargetPlatform
[2017.07.27-19.36.10:151][  0]LogTemp:Display: Loaded TP IOSTargetPlatform
[2017.07.27-19.36.10:178][  0]LogTemp:Display: Loaded TP TVOSTargetPlatform
[2017.07.27-19.36.10:239][  0]LogTemp:Display: Loaded TP LinuxClientTargetPlatform
[2017.07.27-19.36.10:279][  0]LogTemp:Display: Loaded TP LinuxNoEditorTargetPlatform
[2017.07.27-19.36.10:319][  0]LogTemp:Display: Loaded TP LinuxServerTargetPlatform
[2017.07.27-19.36.10:359][  0]LogTemp:Display: Loaded TP LinuxTargetPlatform
[2017.07.27-19.36.10:359][  0]LogTargetPlatformManager:Display: Building Assets For Windows
[2017.07.27-19.36.10:780][  0]LogDerivedDataCache:Display: Max Cache Size: 512 MB
[2017.07.27-19.36.10:897][  0]LogDerivedDataCache: Loaded boot cache 0.12s 103MB C:/Users/3DSim/AppData/Local/UnrealEngine/4.16/DerivedDataCache/Boot.ddc.
[2017.07.27-19.36.10:897][  0]LogDerivedDataCache:Display: Loaded Boot cache: C:/Users/3DSim/AppData/Local/UnrealEngine/4.16/DerivedDataCache/Boot.ddc
[2017.07.27-19.36.10:897][  0]LogDerivedDataCache: FDerivedDataBackendGraph:  Pak pak cache file H:/UnrealProjects/AuravanaCity001/DerivedDataCache/DDC.ddp not found, will not use a pak cache.
[2017.07.27-19.36.10:897][  0]LogDerivedDataCache: Unable to find inner node Pak for hierarchical cache Hierarchy.
[2017.07.27-19.36.10:897][  0]LogDerivedDataCache: FDerivedDataBackendGraph:  CompressedPak pak cache file H:/UnrealProjects/AuravanaCity001/DerivedDataCache/Compressed.ddp not found, will not use a pak cache.
[2017.07.27-19.36.10:897][  0]LogDerivedDataCache: Unable to find inner node CompressedPak for hierarchical cache Hierarchy.
[2017.07.27-19.36.10:913][  0]LogDerivedDataCache:Display: Pak cache opened for reading ../../../Engine/DerivedDataCache/Compressed.ddp.
[2017.07.27-19.36.10:925][  0]LogDerivedDataCache: Using Local data cache path C:/Users/3DSim/AppData/Local/UnrealEngine/Common/DerivedDataCache: Writable
[2017.07.27-19.36.10:935][  0]LogMaterial: Verifying Global Shaders for PCD3D_SM5
[2017.07.27-19.36.10:936][  0]LogSlate: Using Freetype 2.6.0
[2017.07.27-19.36.10:937][  0]LogSlate: SlateFontCache - WITH_FREETYPE: 1, WITH_HARFBUZZ: 1
[2017.07.27-19.36.10:937][  0]LogSlate: SlateFontCache - WITH_FREETYPE: 1, WITH_HARFBUZZ: 1
[2017.07.27-19.36.11:305][  0]LogInit: Selected Device Profile: [Windows]
[2017.07.27-19.36.11:380][  0]LogContentStreaming: Texture pool size is 0.00 MB
[2017.07.27-19.36.11:533][  0]LogMeshUtilities: Using QuadricMeshReduction for automatic static mesh reduction
[2017.07.27-19.36.11:570][  0]LogSimplygon: Simplygon DLL not present - disabling.
[2017.07.27-19.36.11:610][  0]LogMeshUtilities: Using SimplygonSwarm for distributed automatic mesh merging
[2017.07.27-19.36.11:610][  0]LogMeshUtilities: No automatic skeletal mesh reduction module available
[2017.07.27-19.36.11:610][  0]LogMeshUtilities: No automatic mesh merging module available
[2017.07.27-19.36.12:134][  0]LogNetVersion: AuravanaCity001 , NetCL: 3452394, EngineNetVer: 2, GameNetVer: 0 (Checksum: 1292853749)
[2017.07.27-19.36.12:190][  0]LogAssetRegistry: FAssetRegistry took 0.0258 seconds to start up
[2017.07.27-19.36.12:235][  0]LogPackageLocalizationCache: Processed 4 localized package path(s) for 2 prioritized culture(s) in 0.028149 seconds
[2017.07.27-19.36.12:241][  0]LogUObjectArray: 34194 objects as part of root set at end of initial load.
[2017.07.27-19.36.12:241][  0]LogUObjectAllocator: 7260424 out of 0 bytes used by permanent object pool.
[2017.07.27-19.36.12:241][  0]LogUObjectArray: CloseDisregardForGC: 0/0 objects in disregard for GC pool
[2017.07.27-19.36.12:286][  0]LogInit: WinSock: version 1.1 (2.2), MaxSocks=32767, MaxUdp=65467
[2017.07.27-19.36.15:098][  0]LogSubstanceCoreModule: Substance [CPU] Engine Loaded, Max Texture Size = 2048
[2017.07.27-19.36.15:122][  0]LogTcpMessaging: Initializing TcpMessaging bridge
[2017.07.27-19.36.15:154][  0]LogUdpMessaging: Initializing bridge on interface 0.0.0.0:0 to multicast group 230.0.0.1:6666.
[2017.07.27-19.36.15:605][  0]LogMaterial: Uniform references updated for custom material expression Custom.
[2017.07.27-19.36.15:944][  0]SourceControl: Info Source control is disabled
[2017.07.27-19.36.15:945][  0]SourceControl: Info Source control is disabled
[2017.07.27-19.36.15:983][  0]SourceControl: Info Source control is disabled
[2017.07.27-19.36.16:022][  0]SourceControl: Info Source control is disabled
[2017.07.27-19.36.16:573][  0]LogAndroidPermission: UAndroidPermissionCallbackProxy::GetInstance
[2017.07.27-19.36.17:133][  0]LogEngine: Initializing Engine...
[2017.07.27-19.36.17:730][  0]LogHMD: SteamVR initialized.  Driver: lighthouse  Display: LHR-BFAFBB1F
[2017.07.27-19.36.17:935][  0]LogStats: UGameplayTagsManager::ConstructGameplayTagTree: Construct from data asset -  0.000 s
[2017.07.27-19.36.17:935][  0]LogStats: UGameplayTagsManager::ConstructGameplayTagTree: GameplayTagTreeChangedEvent.Broadcast -  0.000 s
[2017.07.27-19.36.18:033][  0]LogAIModule: Creating AISystem for world Untitled
[2017.07.27-19.36.18:055][  0]LogInit: XAudio2 using 'HTC-VIVE-8 (NVIDIA High Definition Audio)' : 2 channels at 48 kHz using 16 bits per sample (channel mask 0x3)
[2017.07.27-19.36.18:066][  0]LogInit: FAudioDevice initialized.
[2017.07.27-19.36.18:115][  0]LogDerivedDataCache: Saved boot cache 0.05s 103MB C:/Users/3DSim/AppData/Local/UnrealEngine/4.16/DerivedDataCache/Boot.ddc.
[2017.07.27-19.36.18:133][  0]LogInit: Texture streaming: Enabled
[2017.07.27-19.36.18:204][  0]LogEngineSessionManager: EngineSessionManager initialized
[2017.07.27-19.36.18:378][  0]LogInit: Transaction tracking system initialized
[2017.07.27-19.36.18:612][  0]BlueprintLog: New page: Editor Load
[2017.07.27-19.36.19:316][  0]LocalizationService: Info Localization service is disabled
[2017.07.27-19.36.19:842][  0]LogConsoleResponse:Display: 
[2017.07.27-19.36.19:976][  0]LogCook:Display: Max memory allowance for cook 16384mb min free memory 0mb
[2017.07.27-19.36.19:976][  0]LogCook:Display: Mobile HDR setting 0
[2017.07.27-19.36.20:723][  0]LogFileCache: Scanning file cache for directory 'H:/UnrealProjects/AuravanaCity001/Content/' took 0.02s
[2017.07.27-19.36.20:759][  0]SourceControl: Info Source control is disabled
[2017.07.27-19.36.20:759][  0]Cmd: MAP LOAD FILE="H:/UnrealProjects/AuravanaCity001/Content/VirtualRealityBP/Maps/CityAura-Mini_v2.umap" TEMPLATE=0 SHOWPROGRESS=1 FEATURELEVEL=3
[2017.07.27-19.36.20:760][  0]LightingResults: New page: Lighting Build
[2017.07.27-19.36.20:791][  0]MapCheck: New page: Map Check
[2017.07.27-19.36.20:791][  0]LightingResults: New page: Lighting Build
[2017.07.27-19.36.23:327][  0]LogAIModule: Creating AISystem for world CityAura-Mini_v2
[2017.07.27-19.36.23:429][  0]LogEditorServer: Finished looking for orphan Actors (0.000 secs)
[2017.07.27-19.36.23:482][  0]Cmd: MAP CHECKDEP NOCLEARLOG
[2017.07.27-19.36.23:656][  0]MapCheck: Info Map check complete: 0 Error(s), 0 Warning(s), took 174.49ms to complete.
[2017.07.27-19.36.23:656][  0]LogFileHelpers: Loading map 'CityAura-Mini_v2' took 2.897
[2017.07.27-19.36.23:778][  0]LogCollectionManager: Loaded 1 collections in 0.001783 seconds
[2017.07.27-19.36.23:858][  0]LogFileCache: Scanning file cache for directory 'H:/UnrealProjects/AuravanaCity001/Saved/Collections/' took 0.01s
[2017.07.27-19.36.23:858][  0]LogFileCache: Scanning file cache for directory 'H:/UnrealProjects/AuravanaCity001/Content/Developers/3DSim/Collections/' took 0.01s
[2017.07.27-19.36.23:858][  0]LogFileCache: Scanning file cache for directory 'H:/UnrealProjects/AuravanaCity001/Content/Collections/' took 0.01s
[2017.07.27-19.36.23:858][  0]LogCollectionManager: Rebuilt the GUID cache for 1 collections in 0.000004 seconds
[2017.07.27-19.36.23:858][  0]LogCollectionManager: Rebuilt the hierarchy cache for 1 collections in 0.000000 seconds
[2017.07.27-19.36.23:867][  0]LogContentBrowser: Native class hierarchy populated in 0.0085 seconds. Added 2343 classes and 497 folders.
[2017.07.27-19.36.23:920][  0]LogContentBrowser: Native class hierarchy updated for 'WidgetCarousel' in 0.0007 seconds. Added 0 classes and 0 folders.
[2017.07.27-19.36.23:982][  0]LogContentBrowser: Native class hierarchy updated for 'AddContentDialog' in 0.0008 seconds. Added 0 classes and 0 folders.
[2017.07.27-19.36.24:022][  0]LogContentBrowser: Native class hierarchy updated for 'SceneOutliner' in 0.0006 seconds. Added 1 classes and 2 folders.
[2017.07.27-19.36.24:136][  0]LogCrashTracker: Crashtracker disabled due to settings.
[2017.07.27-19.36.24:143][  0]LogUObjectGlobals:Warning: Failed to find object 'Class None.'
[2017.07.27-19.36.24:199][  0]LogContentBrowser: Native class hierarchy updated for 'HierarchicalLODOutliner' in 0.0005 seconds. Added 1 classes and 2 folders.
[2017.07.27-19.36.24:199][  0]LogLoad: (Engine Initialization) Total time: 19.83 seconds
[2017.07.27-19.36.24:199][  0]LogLoad: (Engine Initialization) Total Blueprint compile time: 0.20 seconds
[2017.07.27-19.36.24:199][  0]LogExternalProfiler: Found external profiler: VSPerf
[2017.07.27-19.36.24:199][  0]LogExternalProfiler: Using external profiler: VSPerf
[2017.07.27-19.36.24:208][  0]LogWindowsTextInputMethodSystem:Display: IME system now deactivated.
[2017.07.27-19.36.24:371][  0]LogSteamController: SteamController is not available
[2017.07.27-19.36.24:372][  0]LogOcInput: OculusInput pre-init called
[2017.07.27-19.36.24:372][  0]LogHMD: Starting GearVRController plugin
[2017.07.27-19.36.24:392][  0]LogContentStreaming: Texture pool size now 1000 MB
[2017.07.27-19.36.24:393][  0]LogSlate: Took 0.000319 seconds to synchronously load lazily loaded font '../../../Engine/Content/Slate/Fonts/Roboto-Regular.ttf' (155K)
[2017.07.27-19.36.24:396][  0]LogSlate: Took 0.000487 seconds to synchronously load lazily loaded font '../../../Engine/Content/Slate/Fonts/Roboto-Bold.ttf' (160K)
[2017.07.27-19.36.24:400][  0]LogSlate: Took 0.000440 seconds to synchronously load lazily loaded font '../../../Engine/Content/Editor/Slate/Fonts/FontAwesome.ttf' (139K)
[2017.07.27-19.36.24:504][  0]LogSlate: Took 0.000646 seconds to synchronously load lazily loaded font '../../../Engine/Content/Slate/Fonts/Roboto-Light.ttf' (159K)
[2017.07.27-19.36.24:535][  1]LogRenderer: Reallocating scene render targets to support 828x552 NumSamples 1 (Frame:1).
[2017.07.27-19.36.24:547][  1]LogAssetRegistry: Asset discovery search completed in 12.3798 seconds
[2017.07.27-19.36.24:549][  1]LogCollectionManager: Rebuilt the object cache for 1 collections in 0.000001 seconds (found 0 objects)
[2017.07.27-19.36.24:549][  1]LogCollectionManager: Fixed up redirectors for 1 collections in 0.000020 seconds (updated 0 objects)
[2017.07.27-19.36.51:611][865]Cmd: MAP LOAD FILE="H:/UnrealProjects/AuravanaCity001/Content/VirtualRealityBP/Maps/CityAura-Mini_v3.umap" TEMPLATE=0 SHOWPROGRESS=1 FEATURELEVEL=3
[2017.07.27-19.36.51:619][865]LogSlate: Took 0.000247 seconds to synchronously load lazily loaded font '../../../Engine/Content/Slate/Fonts/Roboto-Light.ttf' (159K)
[2017.07.27-19.36.51:627][865]LightingResults: New page: Lighting Build
[2017.07.27-19.36.51:627][865]LoadErrors: New page: Loading map: CityAura-Mini_v3.umap
[2017.07.27-19.36.51:652][865]MapCheck: New page: Map Check
[2017.07.27-19.36.51:652][865]LightingResults: New page: Lighting Build
[2017.07.27-19.36.51:963][865]LogAIModule: Creating AISystem for world CityAura-Mini_v3
[2017.07.27-19.36.52:174][865]LogEditorServer: Finished looking for orphan Actors (0.000 secs)
[2017.07.27-19.36.52:231][865]Cmd: MAP CHECKDEP NOCLEARLOG
[2017.07.27-19.36.52:395][865]MapCheck: Info Map check complete: 0 Error(s), 0 Warning(s), took 164.707ms to complete.
[2017.07.27-19.36.52:395][865]LogFileHelpers: Loading map 'CityAura-Mini_v3' took 0.786
[2017.07.27-19.38.28:043][400]LogFactory: FactoryCreateFile: Texture with ReimportTextureFactory (0 0 \\DATAWIND\TAG-Vol2\PROJ.ASSETS\0-TexturesMaterials\Textures_Free_Mapped\Terrain\T_Terrain-SandRipples_01_D.tga)
[2017.07.27-19.38.38:933][400]LogTexture:Display: Building textures: T_Terrain-SandRipples_01_D (AutoDXT, 1024X1024)
[2017.07.27-19.39.08:439][868]Cmd: OBJ SAVEPACKAGE PACKAGE="/Game/City-Aura/T_Terrain-SandRipples_01_D" FILE="H:/UnrealProjects/AuravanaCity001/Content/City-Aura/T_Terrain-SandRipples_01_D.uasset" SILENT=true
[2017.07.27-19.39.08:603][868]LogSavePackage: Save=158.71ms
[2017.07.27-19.39.08:603][868]LogSavePackage: Moving 'H:/UnrealProjects/AuravanaCity001/Saved/T_Terrain-SandRipples_01_DD05279294F3C5B90F67735B41C6232A5.tmp' to 'H:/UnrealProjects/AuravanaCity001/Content/City-Aura/T_Terrain-SandRipples_01_D.uasset'
[2017.07.27-19.39.08:605][868]LogSavePackage:Display: Finished SavePackage H:/UnrealProjects/AuravanaCity001/Content/City-Aura/T_Terrain-SandRipples_01_D.uasset
[2017.07.27-19.39.08:608][868]Cmd: MAP LOAD FILE="H:/UnrealProjects/AuravanaCity001/Content/VirtualRealityBP/Maps/CityAura-Mini_v1.umap" TEMPLATE=0 SHOWPROGRESS=1 FEATURELEVEL=3
[2017.07.27-19.39.08:618][868]LightingResults: New page: Lighting Build
[2017.07.27-19.39.08:619][868]LoadErrors: New page: Loading map: CityAura-Mini_v1.umap
[2017.07.27-19.39.08:645][868]MapCheck: New page: Map Check
[2017.07.27-19.39.08:645][868]LightingResults: New page: Lighting Build
[2017.07.27-19.39.08:737][868]LogAIModule: Creating AISystem for world CityAura-Mini_v1
[2017.07.27-19.39.08:908][868]LogEditorServer: Finished looking for orphan Actors (0.000 secs)
[2017.07.27-19.39.08:936][868]Cmd: MAP CHECKDEP NOCLEARLOG
[2017.07.27-19.39.09:091][868]MapCheck: Info Map check complete: 0 Error(s), 0 Warning(s), took 154.632ms to complete.
[2017.07.27-19.39.09:091][868]LogFileHelpers: Loading map 'CityAura-Mini_v1' took 0.483
[2017.07.27-19.39.34:939][619]LogAIModule: Creating AISystem for world CityAura-Mini-45degree
[2017.07.27-19.39.35:524][619]LogSavePackage: Save=536.32ms
[2017.07.27-19.39.35:524][619]LogSavePackage: Moving 'H:/UnrealProjects/AuravanaCity001/Saved/CityAura-Mini-45degree534155F0494D42E44244029ABF057193.tmp' to 'H:/UnrealProjects/AuravanaCity001/Content/VirtualRealityBP/Maps/CityAura-Mini-45degree.umap'
[2017.07.27-19.39.35:526][619]LogSavePackage:Display: Finished SavePackage H:/UnrealProjects/AuravanaCity001/Content/VirtualRealityBP/Maps/CityAura-Mini-45degree.umap
[2017.07.27-19.39.35:625][619]LogSavePackage: Save=80.26ms
[2017.07.27-19.39.35:625][619]LogSavePackage: Moving 'H:/UnrealProjects/AuravanaCity001/Saved/CityAura-Mini-45degree_BuiltData725EF59848D506C8D45D5EB19E47C4A2.tmp' to 'H:/UnrealProjects/AuravanaCity001/Content/VirtualRealityBP/Maps/CityAura-Mini-45degree_BuiltData.uasset'
[2017.07.27-19.39.35:626][619]LogSavePackage:Display: Finished SavePackage H:/UnrealProjects/AuravanaCity001/Content/VirtualRealityBP/Maps/CityAura-Mini-45degree_BuiltData.uasset
[2017.07.27-19.39.35:629][619]LogFileHelpers: Saving map 'CityAura-Mini-45degree' took 1.281
[2017.07.27-19.39.35:630][619]Cmd: MAP LOAD FILE="H:/UnrealProjects/AuravanaCity001/Content/VirtualRealityBP/Maps/CityAura-Mini-45degree.umap" TEMPLATE=0 SHOWPROGRESS=1 FEATURELEVEL=3
[2017.07.27-19.39.35:641][619]LightingResults: New page: Lighting Build
[2017.07.27-19.39.35:642][619]LoadErrors: New page: Loading map: CityAura-Mini-45degree.umap
[2017.07.27-19.39.35:647][619]MapCheck: New page: Map Check
[2017.07.27-19.39.35:647][619]LightingResults: New page: Lighting Build
[2017.07.27-19.39.35:870][619]LogEditorServer: Finished looking for orphan Actors (0.000 secs)
[2017.07.27-19.39.35:896][619]Cmd: MAP CHECKDEP NOCLEARLOG
[2017.07.27-19.39.36:043][619]MapCheck: Info Map check complete: 0 Error(s), 0 Warning(s), took 147.049ms to complete.
[2017.07.27-19.39.36:043][619]LogFileHelpers: Loading map 'CityAura-Mini-45degree' took 0.414
[2017.07.27-19.39.48:687][747]LogSavePackage: Save=526.33ms
[2017.07.27-19.39.48:687][747]LogSavePackage: Moving 'H:/UnrealProjects/AuravanaCity001/Saved/CityAura-Mini-45degreeB9B7DBB64B22852BC51316B9380BB748.tmp' to 'H:/UnrealProjects/AuravanaCity001/Content/VirtualRealityBP/Maps/CityAura-Mini-45degree.umap'
[2017.07.27-19.39.48:688][747]LogSavePackage:Display: Finished SavePackage H:/UnrealProjects/AuravanaCity001/Content/VirtualRealityBP/Maps/CityAura-Mini-45degree.umap
[2017.07.27-19.39.48:703][747]LogFileHelpers: Saving map 'CityAura-Mini-45degree' took 0.702
[2017.07.27-19.39.48:706][747]Cmd: MAP LOAD FILE="H:/UnrealProjects/AuravanaCity001/Content/VirtualRealityBP/Maps/CityAura-Mini_v2.umap" TEMPLATE=0 SHOWPROGRESS=1 FEATURELEVEL=3
[2017.07.27-19.39.48:716][747]LightingResults: New page: Lighting Build
[2017.07.27-19.39.48:717][747]LoadErrors: New page: Loading map: CityAura-Mini_v2.umap
[2017.07.27-19.39.48:721][747]MapCheck: New page: Map Check
[2017.07.27-19.39.48:721][747]LightingResults: New page: Lighting Build
[2017.07.27-19.39.49:006][747]LogAIModule: Creating AISystem for world CityAura-Mini_v2
[2017.07.27-19.39.49:381][747]LogEditorServer: Finished looking for orphan Actors (0.000 secs)
[2017.07.27-19.39.49:444][747]Cmd: MAP CHECKDEP NOCLEARLOG
[2017.07.27-19.39.49:593][747]MapCheck: Info Map check complete: 0 Error(s), 0 Warning(s), took 148.667ms to complete.
[2017.07.27-19.39.49:593][747]LogFileHelpers: Loading map 'CityAura-Mini_v2' took 0.888
[2017.07.27-19.40.01:213][596]Cmd: MAP LOAD FILE="H:/UnrealProjects/AuravanaCity001/Content/VirtualRealityBP/Maps/CityAura-Mini_v3.umap" TEMPLATE=0 SHOWPROGRESS=1 FEATURELEVEL=3
[2017.07.27-19.40.01:223][596]LightingResults: New page: Lighting Build
[2017.07.27-19.40.01:224][596]LoadErrors: New page: Loading map: CityAura-Mini_v3.umap
[2017.07.27-19.40.01:249][596]MapCheck: New page: Map Check
[2017.07.27-19.40.01:249][596]LightingResults: New page: Lighting Build
[2017.07.27-19.40.01:539][596]LogAIModule: Creating AISystem for world CityAura-Mini_v3
[2017.07.27-19.40.01:960][596]LogEditorServer: Finished looking for orphan Actors (0.000 secs)
[2017.07.27-19.40.02:017][596]Cmd: MAP CHECKDEP NOCLEARLOG
[2017.07.27-19.40.02:167][596]MapCheck: Info Map check complete: 0 Error(s), 0 Warning(s), took 149.983ms to complete.
[2017.07.27-19.40.02:167][596]LogFileHelpers: Loading map 'CityAura-Mini_v3' took 0.955
[2017.07.27-19.40.16:677][792]LogEditorViewport: Clicking on Actor (LMB): StaticMeshActor (S_ARCH_BldgE-F3-RectaCurve-2)
[2017.07.27-19.40.39:668][450]Cmd: MAP LOAD FILE="H:/UnrealProjects/AuravanaCity001/Content/VirtualRealityBP/Maps/CityAura-Mini_v3.umap" TEMPLATE=0 SHOWPROGRESS=1 FEATURELEVEL=3
[2017.07.27-19.40.39:678][450]LightingResults: New page: Lighting Build
[2017.07.27-19.40.39:679][450]LoadErrors: New page: Loading map: CityAura-Mini_v3.umap
[2017.07.27-19.40.39:706][450]MapCheck: New page: Map Check
[2017.07.27-19.40.39:706][450]LightingResults: New page: Lighting Build
[2017.07.27-19.40.40:000][450]LogAIModule: Creating AISystem for world CityAura-Mini_v3
[2017.07.27-19.40.40:465][450]LogEditorServer: Finished looking for orphan Actors (0.000 secs)
[2017.07.27-19.40.40:524][450]Cmd: MAP CHECKDEP NOCLEARLOG
[2017.07.27-19.40.40:676][450]MapCheck: Info Map check complete: 0 Error(s), 0 Warning(s), took 152.549ms to complete.
[2017.07.27-19.40.40:676][450]LogFileHelpers: Loading map 'CityAura-Mini_v3' took 1.009
[2017.07.27-19.41.03:851][861]Cmd: MAP LOAD FILE="H:/UnrealProjects/AuravanaCity001/Content/VirtualRealityBP/Maps/CityAura-Mini_v2.umap" TEMPLATE=0 SHOWPROGRESS=1 FEATURELEVEL=3
[2017.07.27-19.41.03:862][861]LightingResults: New page: Lighting Build
[2017.07.27-19.41.03:863][861]LoadErrors: New page: Loading map: CityAura-Mini_v2.umap
[2017.07.27-19.41.03:889][861]MapCheck: New page: Map Check
[2017.07.27-19.41.03:890][861]LightingResults: New page: Lighting Build
[2017.07.27-19.41.04:187][861]LogAIModule: Creating AISystem for world CityAura-Mini_v2
[2017.07.27-19.41.04:710][861]LogEditorServer: Finished looking for orphan Actors (0.000 secs)
[2017.07.27-19.41.04:768][861]Cmd: MAP CHECKDEP NOCLEARLOG
[2017.07.27-19.41.04:917][861]MapCheck: Info Map check complete: 0 Error(s), 0 Warning(s), took 149.328ms to complete.
[2017.07.27-19.41.04:917][861]LogFileHelpers: Loading map 'CityAura-Mini_v2' took 1.067
[2017.07.27-19.41.36:207][816]LogAIModule: Creating AISystem for world CityAura-Mini-360degree
[2017.07.27-19.41.39:280][816]LogSavePackage: Save=2823.05ms
[2017.07.27-19.41.39:280][816]LogSavePackage: Moving 'H:/UnrealProjects/AuravanaCity001/Saved/CityAura-Mini-360degree88616B2D4CCDD88E163D709592F26234.tmp' to 'H:/UnrealProjects/AuravanaCity001/Content/VirtualRealityBP/Maps/CityAura-Mini-360degree.umap'
[2017.07.27-19.41.39:282][816]LogSavePackage:Display: Finished SavePackage H:/UnrealProjects/AuravanaCity001/Content/VirtualRealityBP/Maps/CityAura-Mini-360degree.umap
[2017.07.27-19.41.39:391][816]LogSlate: Took 0.000241 seconds to synchronously load lazily loaded font '../../../Engine/Content/Slate/Fonts/Roboto-Regular.ttf' (155K)
[2017.07.27-19.41.40:860][816]LogSavePackage: Save=1463.65ms
[2017.07.27-19.41.40:860][816]LogSavePackage: Moving 'H:/UnrealProjects/AuravanaCity001/Saved/CityAura-Mini-360degree_BuiltData74A3BB3A4940307063EE8EA621785B02.tmp' to 'H:/UnrealProjects/AuravanaCity001/Content/VirtualRealityBP/Maps/CityAura-Mini-360degree_BuiltData.uasset'
[2017.07.27-19.41.40:860][816]LogSavePackage:Display: Finished SavePackage H:/UnrealProjects/AuravanaCity001/Content/VirtualRealityBP/Maps/CityAura-Mini-360degree_BuiltData.uasset
[2017.07.27-19.41.40:865][816]LogFileHelpers: Saving map 'CityAura-Mini-360degree' took 10.670
[2017.07.27-19.41.40:866][816]Cmd: MAP LOAD FILE="H:/UnrealProjects/AuravanaCity001/Content/VirtualRealityBP/Maps/CityAura-Mini-360degree.umap" TEMPLATE=0 SHOWPROGRESS=1 FEATURELEVEL=3
[2017.07.27-19.41.40:877][816]LightingResults: New page: Lighting Build
[2017.07.27-19.41.40:878][816]LoadErrors: New page: Loading map: CityAura-Mini-360degree.umap
[2017.07.27-19.41.40:904][816]MapCheck: New page: Map Check
[2017.07.27-19.41.40:904][816]LightingResults: New page: Lighting Build
[2017.07.27-19.41.41:537][816]LogEditorServer: Finished looking for orphan Actors (0.000 secs)
[2017.07.27-19.41.41:593][816]Cmd: MAP CHECKDEP NOCLEARLOG
[2017.07.27-19.41.41:741][816]MapCheck: Info Map check complete: 0 Error(s), 0 Warning(s), took 148.581ms to complete.
[2017.07.27-19.41.41:741][816]LogFileHelpers: Loading map 'CityAura-Mini-360degree' took 0.876
[2017.07.27-19.42.12:853][846]LogAIModule: Creating AISystem for world CityAura-Mini_v1
[2017.07.27-19.42.13:137][846]LogAIModule: Creating AISystem for world CityAura-Mini_v2
[2017.07.27-19.42.13:457][846]LogAIModule: Creating AISystem for world CityAura-Mini_v3
[2017.07.27-19.42.23:291][ 34]LogSavePackage: Save=2725.89ms
[2017.07.27-19.42.23:291][ 34]LogSavePackage: Moving 'H:/UnrealProjects/AuravanaCity001/Saved/CityAura-Mini-360degreeC3F190C74C469D5BBC3C9B8CC8650701.tmp' to 'H:/UnrealProjects/AuravanaCity001/Content/VirtualRealityBP/Maps/CityAura-Mini-360degree.umap'
[2017.07.27-19.42.23:293][ 34]LogSavePackage:Display: Finished SavePackage H:/UnrealProjects/AuravanaCity001/Content/VirtualRealityBP/Maps/CityAura-Mini-360degree.umap
[2017.07.27-19.42.24:838][ 34]LogSavePackage: Save=1456.22ms
[2017.07.27-19.42.24:838][ 34]LogSavePackage: Moving 'H:/UnrealProjects/AuravanaCity001/Saved/CityAura-Mini-360degree_BuiltData4B321B9B48B412A6EEECFC9D9CD9B9CA.tmp' to 'H:/UnrealProjects/AuravanaCity001/Content/VirtualRealityBP/Maps/CityAura-Mini-360degree_BuiltData.uasset'
[2017.07.27-19.42.24:857][ 34]LogSavePackage:Display: Finished SavePackage H:/UnrealProjects/AuravanaCity001/Content/VirtualRealityBP/Maps/CityAura-Mini-360degree_BuiltData.uasset
[2017.07.27-19.42.38:601][374]LogTemp: Executing iPhonePackager certificates Engine -bundlename com.YourCompany.AuravanaCity001
[2017.07.27-19.42.38:601][374]LogTemp: CWD: G:\Epic Games\UE_4.16\Engine\Binaries\DotNET\IOS
[2017.07.27-19.42.38:601][374]LogTemp: Initial Dir: G:\Epic Games\UE_4.16
[2017.07.27-19.42.38:601][374]LogTemp: Env CWD: G:\Epic Games\UE_4.16\Engine\Binaries\DotNET\IOS
[2017.07.27-19.42.38:601][374]LogTemp: BranchPath = THERMALWIND/G/Epic Games/UE_4.16/Engine/Binaries --- GameBranchPath = THERMALWIND/G/Epic Games/UE_4.16/Engine/Binaries
[2017.07.27-19.42.38:601][374]LogSlate: Only BGRA pngs, bmps or icos are supported in by External Image Picker
[2017.07.27-19.42.38:640][374]LogTemp: IPP ERROR: Could not find provision directory 'C:\Users\3DSim\AppData\Local/Apple Computer/MobileDevice/Provisioning Profiles/'.
[2017.07.27-19.43.34:867][990]LogSavePackage: Save=2716.68ms
[2017.07.27-19.43.34:867][990]LogSavePackage: Moving 'H:/UnrealProjects/AuravanaCity001/Saved/CityAura-Mini-360degree41489C474478217E9027BD8241BE5F3D.tmp' to 'H:/UnrealProjects/AuravanaCity001/Content/VirtualRealityBP/Maps/CityAura-Mini-360degree.umap'
[2017.07.27-19.43.34:869][990]LogSavePackage:Display: Finished SavePackage H:/UnrealProjects/AuravanaCity001/Content/VirtualRealityBP/Maps/CityAura-Mini-360degree.umap
[2017.07.27-19.43.36:333][990]LogSavePackage: Save=1443.98ms
[2017.07.27-19.43.36:333][990]LogSavePackage: Moving 'H:/UnrealProjects/AuravanaCity001/Saved/CityAura-Mini-360degree_BuiltDataB92D39C8464561A80AB462805DFB1ABD.tmp' to 'H:/UnrealProjects/AuravanaCity001/Content/VirtualRealityBP/Maps/CityAura-Mini-360degree_BuiltData.uasset'
[2017.07.27-19.43.36:345][990]LogSavePackage:Display: Finished SavePackage H:/UnrealProjects/AuravanaCity001/Content/VirtualRealityBP/Maps/CityAura-Mini-360degree_BuiltData.uasset
[2017.07.27-19.43.38:565][209]Cmd: CLOSE_SLATE_MAINFRAME
[2017.07.27-19.43.38:593][209]LogWindowsTextInputMethodSystem:Display: IME system now deactivated.
[2017.07.27-19.43.38:895][210]Cmd: QUIT_EDITOR
[2017.07.27-19.43.38:915][210]LogExit: Preparing to exit.
[2017.07.27-19.43.39:523][210]LogExit: Editor shut down
[2017.07.27-19.43.39:527][210]LogExit: Transaction tracking system shut down
[2017.07.27-19.43.39:655][210]LogObj: Freed 0b from 0 cluster array pools.
[2017.07.27-19.43.39:655][210]LogExit: Object subsystem successfully closed.
[2017.07.27-19.43.39:681][210]LogD3D11RHI: Shutdown
[2017.07.27-19.43.39:681][210]LogD3D11RHI: CleanupD3DDevice
[2017.07.27-19.43.39:828][210]LogD3D11RHI: ~FD3D11DynamicRHI
[2017.07.27-19.43.39:834][210]LogModuleManager: Shutting down and abandoning module ExternalImagePicker (532)
[2017.07.27-19.43.39:834][210]LogModuleManager: Shutting down and abandoning module HierarchicalLODOutliner (530)
[2017.07.27-19.43.39:834][210]LogModuleManager: Shutting down and abandoning module CrashTracker (528)
[2017.07.27-19.43.39:834][210]LogModuleManager: Shutting down and abandoning module SceneOutliner (526)
[2017.07.27-19.43.39:834][210]LogModuleManager: Shutting down and abandoning module AddContentDialog (524)
[2017.07.27-19.43.39:834][210]LogDirectoryWatcher: A directory notification for 'G:/Epic Games/UE_4.16/FeaturePacks/' was aborted.
[2017.07.27-19.43.39:835][210]LogModuleManager: Shutting down and abandoning module WidgetCarousel (523)
[2017.07.27-19.43.39:835][210]LogModuleManager: Shutting down and abandoning module EditorWidgets (520)
[2017.07.27-19.43.39:835][210]LogModuleManager: Shutting down and abandoning module CollectionManager (518)
[2017.07.27-19.43.39:835][210]LogDirectoryWatcher: A directory notification for 'H:/UnrealProjects/AuravanaCity001/Content/Collections/' was aborted.
[2017.07.27-19.43.39:835][210]LogDirectoryWatcher: A directory notification for 'H:/UnrealProjects/AuravanaCity001/Content/Developers/3DSim/Collections/' was aborted.
[2017.07.27-19.43.39:836][210]LogDirectoryWatcher: A directory notification for 'H:/UnrealProjects/AuravanaCity001/Saved/Collections/' was aborted.
[2017.07.27-19.43.39:836][210]LogModuleManager: Shutting down and abandoning module StatsViewer (516)
[2017.07.27-19.43.39:836][210]LogModuleManager: Shutting down and abandoning module FoliageEdit (514)
[2017.07.27-19.43.39:836][210]LogModuleManager: Shutting down and abandoning module LandscapeEditor (512)
[2017.07.27-19.43.39:836][210]LogModuleManager: Shutting down and abandoning module MeshPaintMode (510)
[2017.07.27-19.43.39:836][210]LogModuleManager: Shutting down and abandoning module SceneDepthPickerMode (508)
[2017.07.27-19.43.39:836][210]LogModuleManager: Shutting down and abandoning module ActorPickerMode (506)
[2017.07.27-19.43.39:836][210]LogModuleManager: Shutting down and abandoning module GeometryMode (504)
[2017.07.27-19.43.39:836][210]LogModuleManager: Shutting down and abandoning module TextureAlignMode (502)
[2017.07.27-19.43.39:836][210]LogModuleManager: Shutting down and abandoning module BspMode (500)
[2017.07.27-19.43.39:836][210]LogModuleManager: Shutting down and abandoning module HardwareSurvey (498)
[2017.07.27-19.43.39:836][210]LogModuleManager: Shutting down and abandoning module SequenceRecorderSections (496)
[2017.07.27-19.43.39:836][210]LogModuleManager: Shutting down and abandoning module AutomationWorker (494)
[2017.07.27-19.43.39:836][210]LogModuleManager: Shutting down and abandoning module MatineeToLevelSequence (492)
[2017.07.27-19.43.39:836][210]LogModuleManager: Shutting down and abandoning module LevelSequenceEditor (490)
[2017.07.27-19.43.39:836][210]LogModuleManager: Shutting down and abandoning module PlacementMode (489)
[2017.07.27-19.43.39:836][210]LogModuleManager: Shutting down and abandoning module WmfMediaFactory (486)
[2017.07.27-19.43.39:836][210]LogModuleManager: Shutting down and abandoning module WmfMediaEditor (484)
[2017.07.27-19.43.39:836][210]LogModuleManager: Shutting down and abandoning module AvfMediaFactory (482)
[2017.07.27-19.43.39:836][210]LogModuleManager: Shutting down and abandoning module AvfMediaEditor (480)
[2017.07.27-19.43.39:836][210]LogModuleManager: Shutting down and abandoning module AndroidMediaFactory (478)
[2017.07.27-19.43.39:836][210]LogModuleManager: Shutting down and abandoning module Media (477)
[2017.07.27-19.43.39:836][210]LogModuleManager: Shutting down and abandoning module AndroidMediaEditor (474)
[2017.07.27-19.43.39:836][210]LogModuleManager: Shutting down and abandoning module CharacterAI (472)
[2017.07.27-19.43.39:836][210]LogModuleManager: Shutting down and abandoning module AudioCapture (470)
[2017.07.27-19.43.39:836][210]LogModuleManager: Shutting down and abandoning module SequenceRecorder (469)
[2017.07.27-19.43.39:836][210]LogModuleManager: Shutting down and abandoning module SmartSnapping (466)
[2017.07.27-19.43.39:836][210]LogModuleManager: Shutting down and abandoning module SessionServices (464)
[2017.07.27-19.43.39:836][210]LogModuleManager: Shutting down and abandoning module ViewportSnapping (462)
[2017.07.27-19.43.39:836][210]LogModuleManager: Shutting down and abandoning module ViewportInteraction (460)
[2017.07.27-19.43.39:836][210]LogModuleManager: Shutting down and abandoning module ClothPainter (458)
[2017.07.27-19.43.39:836][210]LogModuleManager: Shutting down and abandoning module LogVisualizer (456)
[2017.07.27-19.43.39:836][210]LogModuleManager: Shutting down and abandoning module IntroTutorials (454)
[2017.07.27-19.43.39:836][210]LogModuleManager: Shutting down and abandoning module GameProjectGeneration (453)
[2017.07.27-19.43.39:836][210]LogModuleManager: Shutting down and abandoning module EditorLiveStreaming (450)
[2017.07.27-19.43.39:836][210]LogModuleManager: Shutting down and abandoning module IOSPlatformEditor (448)
[2017.07.27-19.43.39:836][210]LogModuleManager: Shutting down and abandoning module HTML5PlatformEditor (446)
[2017.07.27-19.43.39:836][210]LogModuleManager: Shutting down and abandoning module AndroidPlatformEditor (444)
[2017.07.27-19.43.39:836][210]LogModuleManager: Shutting down and abandoning module AndroidDeviceDetection (443)
[2017.07.27-19.43.40:736][210]LogModuleManager: Shutting down and abandoning module IOSRuntimeSettings (440)
[2017.07.27-19.43.40:736][210]LogModuleManager: Shutting down and abandoning module AndroidRuntimeSettings (438)
[2017.07.27-19.43.40:736][210]LogModuleManager: Shutting down and abandoning module InputBindingEditor (436)
[2017.07.27-19.43.40:736][210]LogModuleManager: Shutting down and abandoning module MergeActors (434)
[2017.07.27-19.43.40:736][210]LogModuleManager: Shutting down and abandoning module SizeMap (432)
[2017.07.27-19.43.40:736][210]LogModuleManager: Shutting down and abandoning module TreeMap (430)
[2017.07.27-19.43.40:736][210]LogModuleManager: Shutting down and abandoning module ReferenceViewer (428)
[2017.07.27-19.43.40:736][210]LogModuleManager: Shutting down and abandoning module LocalizationDashboard (426)
[2017.07.27-19.43.40:736][210]LogModuleManager: Shutting down and abandoning module LocalizationService (425)
[2017.07.27-19.43.40:736][210]LogModuleManager: Shutting down and abandoning module HardwareTargeting (422)
[2017.07.27-19.43.40:736][210]LogModuleManager: Shutting down and abandoning module DeviceProfileEditor (420)
[2017.07.27-19.43.40:736][210]LogModuleManager: Shutting down and abandoning module UndoHistory (418)
[2017.07.27-19.43.40:736][210]LogModuleManager: Shutting down and abandoning module UserFeedback (416)
[2017.07.27-19.43.40:736][210]LogModuleManager: Shutting down and abandoning module XmlParser (414)
[2017.07.27-19.43.40:736][210]LogModuleManager: Shutting down and abandoning module Blutility (412)
[2017.07.27-19.43.40:736][210]LogModuleManager: Shutting down and abandoning module ProjectSettingsViewer (410)
[2017.07.27-19.43.40:736][210]LogModuleManager: Shutting down and abandoning module ProjectTargetPlatformEditor (409)
[2017.07.27-19.43.40:736][210]LogModuleManager: Shutting down and abandoning module EditorSettingsViewer (406)
[2017.07.27-19.43.40:736][210]LogModuleManager: Shutting down and abandoning module SettingsEditor (404)
[2017.07.27-19.43.40:736][210]LogModuleManager: Shutting down and abandoning module ProjectLauncher (402)
[2017.07.27-19.43.40:736][210]LogModuleManager: Shutting down and abandoning module SessionFrontend (400)
[2017.07.27-19.43.40:736][210]LogModuleManager: Shutting down and abandoning module ProfilerClient (398)
[2017.07.27-19.43.40:736][210]LogModuleManager: Shutting down and abandoning module DeviceManager (396)
[2017.07.27-19.43.40:736][210]LogModuleManager: Shutting down and abandoning module TargetDeviceServices (395)
[2017.07.27-19.43.40:788][210]LogModuleManager: Shutting down and abandoning module AutomationController (392)
[2017.07.27-19.43.40:788][210]LogModuleManager: Shutting down and abandoning module AutomationWindow (390)
[2017.07.27-19.43.40:788][210]LogModuleManager: Shutting down and abandoning module Layers (388)
[2017.07.27-19.43.40:788][210]LogModuleManager: Shutting down and abandoning module ComponentVisualizers (386)
[2017.07.27-19.43.40:788][210]LogModuleManager: Shutting down and abandoning module DetailCustomizations (384)
[2017.07.27-19.43.40:788][210]LogModuleManager: Shutting down and abandoning module PackagesDialog (382)
[2017.07.27-19.43.40:788][210]LogModuleManager: Shutting down and abandoning module Persona (380)
[2017.07.27-19.43.40:788][210]LogModuleManager: Shutting down and abandoning module AdvancedPreviewScene (379)
[2017.07.27-19.43.40:788][210]LogModuleManager: Shutting down and abandoning module AnimGraph (377)
[2017.07.27-19.43.40:788][210]LogModuleManager: Shutting down and abandoning module Kismet (374)
[2017.07.27-19.43.40:789][210]LogModuleManager: Shutting down and abandoning module ClassViewer (372)
[2017.07.27-19.43.40:790][210]LogModuleManager: Shutting down and abandoning module Toolbox (370)
[2017.07.27-19.43.40:790][210]LogModuleManager: Shutting down and abandoning module ModuleUI (368)
[2017.07.27-19.43.40:790][210]LogModuleManager: Shutting down and abandoning module MovieSceneTools (366)
[2017.07.27-19.43.40:790][210]LogModuleManager: Shutting down and abandoning module OutputLog (364)
[2017.07.27-19.43.40:790][210]LogModuleManager: Shutting down and abandoning module GammaUI (362)
[2017.07.27-19.43.40:790][210]LogModuleManager: Shutting down and abandoning module Documentation (360)
[2017.07.27-19.43.40:790][210]LogModuleManager: Shutting down and abandoning module MovieSceneTracks (358)
[2017.07.27-19.43.40:791][210]LogModuleManager: Shutting down and abandoning module MovieScene (356)
[2017.07.27-19.43.40:791][210]LogModuleManager: Shutting down and abandoning module Niagara (354)
[2017.07.27-19.43.40:791][210]LogModuleManager: Shutting down and abandoning module NiagaraEditor (353)
[2017.07.27-19.43.40:791][210]LogModuleManager: Shutting down and abandoning module StreamingPauseRendering (350)
[2017.07.27-19.43.40:791][210]LogModuleManager: Shutting down and abandoning module AnalyticsET (348)
[2017.07.27-19.43.40:791][210]LogModuleManager: Shutting down and abandoning module PortalServices (346)
[2017.07.27-19.43.40:791][210]LogModuleManager: Shutting down and abandoning module PortalRpc (344)
[2017.07.27-19.43.40:791][210]LogModuleManager: Shutting down and abandoning module MessagingRpc (342)
[2017.07.27-19.43.40:791][210]LogModuleManager: Shutting down and abandoning module AIModule (340)
[2017.07.27-19.43.40:791][210]LogModuleManager: Shutting down and abandoning module GameplayDebugger (339)
[2017.07.27-19.43.40:791][210]LogModuleManager: Shutting down and abandoning module AITestSuite (337)
[2017.07.27-19.43.40:791][210]LogModuleManager: Shutting down and abandoning module ProfilerService (334)
[2017.07.27-19.43.40:867][210]LogModuleManager: Shutting down and abandoning module TaskGraph (332)
[2017.07.27-19.43.40:867][210]LogModuleManager: Shutting down and abandoning module SubstanceEditor (330)
[2017.07.27-19.43.40:867][210]LogModuleManager: Shutting down and abandoning module SteamVRController (328)
[2017.07.27-19.43.40:867][210]LogModuleManager: Shutting down and abandoning module SteamVR (326)
[2017.07.27-19.43.40:867][210]LogModuleManager: Shutting down and abandoning module SteamController (324)
[2017.07.27-19.43.40:867][210]LogModuleManager: Shutting down and abandoning module ProceduralMeshComponentEditor (322)
[2017.07.27-19.43.40:867][210]LogModuleManager: Shutting down and abandoning module ProceduralMeshComponent (320)
[2017.07.27-19.43.40:867][210]LogModuleManager: Shutting down and abandoning module OculusLibrary (318)
[2017.07.27-19.43.40:867][210]LogModuleManager: Shutting down and abandoning module OculusInput (316)
[2017.07.27-19.43.40:867][210]LogModuleManager: Shutting down and abandoning module MobilePatchingUtils (314)
[2017.07.27-19.43.40:867][210]LogModuleManager: Shutting down and abandoning module CustomMeshComponent (312)
[2017.07.27-19.43.40:867][210]LogModuleManager: Shutting down and abandoning module CableComponent (310)
[2017.07.27-19.43.40:867][210]LogModuleManager: Shutting down and abandoning module ArchVisCharacter (308)
[2017.07.27-19.43.40:867][210]LogModuleManager: Shutting down and abandoning module AndroidPermission (306)
[2017.07.27-19.43.40:867][210]LogModuleManager: Shutting down and abandoning module MediaPlayerEditor (302)
[2017.07.27-19.43.40:867][210]LogModuleManager: Shutting down and abandoning module HTML5Networking (300)
[2017.07.27-19.43.40:867][210]LogModuleManager: Shutting down and abandoning module AlembicImporter (298)
[2017.07.27-19.43.40:867][210]LogModuleManager: Shutting down and abandoning module AlembicLibrary (297)
[2017.07.27-19.43.40:867][210]LogModuleManager: Shutting down and abandoning module GeometryCache (296)
[2017.07.27-19.43.40:867][210]LogModuleManager: Shutting down and abandoning module GeometryCacheEd (295)
[2017.07.27-19.43.40:867][210]LogModuleManager: Shutting down and abandoning module SuperSearchEditor (290)
[2017.07.27-19.43.40:867][210]LogModuleManager: Shutting down and abandoning module SuperSearch (289)
[2017.07.27-19.43.40:867][210]LogModuleManager: Shutting down and abandoning module SpeedTreeImporter (286)
[2017.07.27-19.43.40:867][210]LogModuleManager: Shutting down and abandoning module PluginBrowser (284)
[2017.07.27-19.43.40:867][210]LogModuleManager: Shutting down and abandoning module MobileLauncherProfileWizard (282)
[2017.07.27-19.43.40:867][210]LogModuleManager: Shutting down and abandoning module VisualStudioSourceCodeAccess (280)
[2017.07.27-19.43.40:867][210]LogModuleManager: Shutting down and abandoning module DesktopPlatform (279)
[2017.07.27-19.43.40:867][210]LogModuleManager: Shutting down and abandoning module UObjectPlugin (276)
[2017.07.27-19.43.40:867][210]LogModuleManager: Shutting down and abandoning module SubversionSourceControl (274)
[2017.07.27-19.43.40:867][210]LogModuleManager: Shutting down and abandoning module PerforceSourceControl (272)
[2017.07.27-19.43.40:867][210]LogModuleManager: Shutting down and abandoning module GitSourceControl (270)
[2017.07.27-19.43.40:867][210]LogModuleManager: Shutting down and abandoning module SourceControl (269)
[2017.07.27-19.43.40:868][210]LogModuleManager: Shutting down and abandoning module LightPropagationVolumeEditor (266)
[2017.07.27-19.43.40:868][210]LogModuleManager: Shutting down and abandoning module PaperTiledImporter (264)
[2017.07.27-19.43.40:868][210]LogModuleManager: Shutting down and abandoning module PaperSpriteSheetImporter (262)
[2017.07.27-19.43.40:868][210]LogModuleManager: Shutting down and abandoning module Paper2DEditor (260)
[2017.07.27-19.43.40:868][210]LogModuleManager: Shutting down and abandoning module MeshPaint (259)
[2017.07.27-19.43.40:868][210]LogModuleManager: Shutting down and abandoning module LevelEditor (257)
[2017.07.27-19.43.40:868][210]LogModuleManager: Shutting down and abandoning module PixelInspectorModule (256)
[2017.07.27-19.43.40:868][210]LogModuleManager: Shutting down and abandoning module MainFrame (254)
[2017.07.27-19.43.40:868][210]LogModuleManager: Shutting down and abandoning module HotReload (253)
[2017.07.27-19.43.40:868][210]LogDirectoryWatcher: A directory notification for 'H:/UnrealProjects/AuravanaCity001/Binaries/Win64' was aborted.
[2017.07.27-19.43.40:869][210]LogModuleManager: Shutting down and abandoning module PhysXVehiclesEditor (248)
[2017.07.27-19.43.40:869][210]LogModuleManager: Shutting down and abandoning module PhysXVehicles (246)
[2017.07.27-19.43.40:869][210]LogModuleManager: Shutting down and abandoning module LocationServicesBPLibrary (244)
[2017.07.27-19.43.40:869][210]LogModuleManager: Shutting down and abandoning module ImmediatePhysicsEditor (242)
[2017.07.27-19.43.40:869][210]LogModuleManager: Shutting down and abandoning module ImmediatePhysics (240)
[2017.07.27-19.43.40:869][210]LogModuleManager: Shutting down and abandoning module UdpMessaging (238)
[2017.07.27-19.43.40:970][210]LogModuleManager: Shutting down and abandoning module TcpMessaging (236)
[2017.07.27-19.43.41:070][210]LogModuleManager: Shutting down and abandoning module SubstanceCore (234)
[2017.07.27-19.43.41:070][210]LogModuleManager: Shutting down and abandoning module GameplayTagsEditor (232)
[2017.07.27-19.43.41:070][210]LogModuleManager: Shutting down and abandoning module FacialAnimationEditor (230)
[2017.07.27-19.43.41:070][210]LogModuleManager: Shutting down and abandoning module FacialAnimation (228)
[2017.07.27-19.43.41:070][210]LogModuleManager: Shutting down and abandoning module AssetManagerEditor (226)
[2017.07.27-19.43.41:070][210]LogModuleManager: Shutting down and abandoning module GraphEditor (225)
[2017.07.27-19.43.41:070][210]LogModuleManager: Shutting down and abandoning module ContentBrowser (223)
[2017.07.27-19.43.41:071][210]LogModuleManager: Shutting down and abandoning module LightPropagationVolumeRuntime (220)
[2017.07.27-19.43.41:071][210]LogModuleManager: Shutting down and abandoning module Paper2D (218)
[2017.07.27-19.43.41:071][210]LogModuleManager: Shutting down and abandoning module WindowsMoviePlayer (216)
[2017.07.27-19.43.41:071][210]LogModuleManager: Shutting down and abandoning module WmfMedia (214)
[2017.07.27-19.43.41:071][210]LogModuleManager: Shutting down and abandoning module ClothingSystemEditor (212)
[2017.07.27-19.43.41:071][210]LogModuleManager: Shutting down and abandoning module ClothingSystemRuntime (210)
[2017.07.27-19.43.41:071][210]LogModuleManager: Shutting down and abandoning module MediaAssets (208)
[2017.07.27-19.43.41:071][210]LogModuleManager: Shutting down and abandoning module GameLiveStreaming (206)
[2017.07.27-19.43.41:071][210]LogModuleManager: Shutting down and abandoning module VREditor (204)
[2017.07.27-19.43.41:071][210]LogModuleManager: Shutting down and abandoning module StringTableEditor (202)
[2017.07.27-19.43.41:071][210]LogModuleManager: Shutting down and abandoning module GameplayTasksEditor (200)
[2017.07.27-19.43.41:071][210]LogModuleManager: Shutting down and abandoning module BehaviorTreeEditor (198)
[2017.07.27-19.43.41:071][210]LogModuleManager: Shutting down and abandoning module FunctionalTesting (196)
[2017.07.27-19.43.41:071][210]LogModuleManager: Shutting down and abandoning module CollisionAnalyzer (194)
[2017.07.27-19.43.41:071][210]LogModuleManager: Shutting down and abandoning module UMG (192)
[2017.07.27-19.43.41:071][210]LogModuleManager: Shutting down and abandoning module UMGEditor (191)
[2017.07.27-19.43.41:071][210]LogModuleManager: Shutting down and abandoning module Sequencer (190)
[2017.07.27-19.43.41:071][210]LogModuleManager: Shutting down and abandoning module AssetTools (188)
[2017.07.27-19.43.41:071][210]LogModuleManager: Shutting down and abandoning module MessageLog (187)
[2017.07.27-19.43.41:071][210]LogModuleManager: Shutting down and abandoning module WorkspaceMenuStructure (186)
[2017.07.27-19.43.41:071][210]LogModuleManager: Shutting down and abandoning module SlateReflector (180)
[2017.07.27-19.43.41:071][210]LogModuleManager: Shutting down and abandoning module Slate (178)
[2017.07.27-19.43.41:071][210]LogModuleManager: Shutting down and abandoning module EditorStyle (176)
[2017.07.27-19.43.41:073][210]LogModuleManager: Shutting down and abandoning module SourceCodeAccess (174)
[2017.07.27-19.43.41:073][210]LogModuleManager: Shutting down and abandoning module HeadMountedDisplay (172)
[2017.07.27-19.43.41:073][210]LogModuleManager: Shutting down and abandoning module XAudio2 (170)
[2017.07.27-19.43.41:073][210]LogModuleManager: Shutting down and abandoning module Networking (168)
[2017.07.27-19.43.41:073][210]LogModuleManager: Shutting down and abandoning module Core (164)
[2017.07.27-19.43.41:073][210]LogModuleManager: Shutting down and abandoning module AssetRegistry (162)
[2017.07.27-19.43.41:126][210]LogDirectoryWatcher: A directory notification for '../../../Engine/Content/' was aborted.
[2017.07.27-19.43.41:126][210]LogDirectoryWatcher: A directory notification for 'H:/UnrealProjects/AuravanaCity001/Content/' was aborted.
[2017.07.27-19.43.41:126][210]LogDirectoryWatcher: A directory notification for '../../../Engine/Plugins/2D/Paper2D/Content/' was aborted.
[2017.07.27-19.43.41:127][210]LogDirectoryWatcher: A directory notification for '../../../Engine/Plugins/Runtime/GearVR/Content/' was aborted.
[2017.07.27-19.43.41:130][210]LogModuleManager: Shutting down and abandoning module DirectoryWatcher (161)
[2017.07.27-19.43.41:130][210]LogModuleManager: Shutting down and abandoning module KismetCompiler (158)
[2017.07.27-19.43.41:130][210]LogModuleManager: Shutting down and abandoning module LevelSequence (156)
[2017.07.27-19.43.41:130][210]LogModuleManager: Shutting down and abandoning module PhysXFormats (154)
[2017.07.27-19.43.41:130][210]LogModuleManager: Shutting down and abandoning module MeshUtilities (152)
[2017.07.27-19.43.41:130][210]LogModuleManager: Shutting down and abandoning module SimplygonSwarm (151)
[2017.07.27-19.43.41:130][210]LogModuleManager: Shutting down and abandoning module SimplygonMeshReduction (149)
[2017.07.27-19.43.41:130][210]LogModuleManager: Shutting down and abandoning module QuadricMeshReduction (147)
[2017.07.27-19.43.41:130][210]LogModuleManager: Shutting down and abandoning module DerivedDataCache (144)
[2017.07.27-19.43.41:194][210]LogDerivedDataCache: Shutdown
[2017.07.27-19.43.41:194][210]LogModuleManager: Shutting down and abandoning module TargetPlatform (142)
[2017.07.27-19.43.41:194][210]LogModuleManager: Shutting down and abandoning module VulkanShaderFormat (141)
[2017.07.27-19.43.41:194][210]LogModuleManager: Shutting down and abandoning module ShaderFormatVectorVM (139)
[2017.07.27-19.43.41:194][210]LogModuleManager: Shutting down and abandoning module ShaderFormatOpenGL (137)
[2017.07.27-19.43.41:194][210]LogModuleManager: Shutting down and abandoning module ShaderFormatD3D (135)
[2017.07.27-19.43.41:194][210]LogModuleManager: Shutting down and abandoning module MetalShaderFormat (133)
[2017.07.27-19.43.41:194][210]LogModuleManager: Shutting down and abandoning module TextureFormatUncompressed (131)
[2017.07.27-19.43.41:194][210]LogModuleManager: Shutting down and abandoning module TextureFormatPVR (129)
[2017.07.27-19.43.41:194][210]LogModuleManager: Shutting down and abandoning module TextureFormatDXT (127)
[2017.07.27-19.43.41:194][210]LogModuleManager: Shutting down and abandoning module TextureFormatIntelISPCTexComp (125)
[2017.07.27-19.43.41:194][210]LogModuleManager: Shutting down and abandoning module TextureFormatASTC (123)
[2017.07.27-19.43.41:194][210]LogModuleManager: Shutting down and abandoning module ImageWrapper (122)
[2017.07.27-19.43.41:194][210]LogModuleManager: Shutting down and abandoning module TextureFormatAndroid (119)
[2017.07.27-19.43.41:194][210]LogModuleManager: Shutting down and abandoning module AudioFormatOpus (117)
[2017.07.27-19.43.41:194][210]LogModuleManager: Shutting down and abandoning module AudioFormatOgg (115)
[2017.07.27-19.43.41:194][210]LogModuleManager: Shutting down and abandoning module AudioFormatADPCM (113)
[2017.07.27-19.43.41:194][210]LogModuleManager: Shutting down and abandoning module LinuxTargetPlatform (111)
[2017.07.27-19.43.41:194][210]LogModuleManager: Shutting down and abandoning module LinuxServerTargetPlatform (109)
[2017.07.27-19.43.41:194][210]LogModuleManager: Shutting down and abandoning module LinuxNoEditorTargetPlatform (107)
[2017.07.27-19.43.41:194][210]LogModuleManager: Shutting down and abandoning module LinuxClientTargetPlatform (105)
[2017.07.27-19.43.41:194][210]LogModuleManager: Shutting down and abandoning module TVOSTargetPlatform (103)
[2017.07.27-19.43.41:194][210]LogModuleManager: Shutting down and abandoning module Messaging (101)
[2017.07.27-19.43.41:194][210]LogModuleManager: Shutting down and abandoning module IOSTargetPlatform (99)
[2017.07.27-19.43.41:194][210]LogModuleManager: Shutting down and abandoning module HTML5TargetPlatform (97)
[2017.07.27-19.43.41:194][210]LogModuleManager: Shutting down and abandoning module Android_PVRTCTargetPlatform (95)
[2017.07.27-19.43.41:194][210]LogModuleManager: Shutting down and abandoning module Android_MultiTargetPlatform (93)
[2017.07.27-19.43.41:194][210]LogModuleManager: Shutting down and abandoning module Android_ETC2TargetPlatform (91)
[2017.07.27-19.43.41:194][210]LogModuleManager: Shutting down and abandoning module Android_ETC1TargetPlatform (89)
[2017.07.27-19.43.41:194][210]LogModuleManager: Shutting down and abandoning module Android_DXTTargetPlatform (87)
[2017.07.27-19.43.41:194][210]LogModuleManager: Shutting down and abandoning module Android_ATCTargetPlatform (85)
[2017.07.27-19.43.41:194][210]LogModuleManager: Shutting down and abandoning module Android_ASTCTargetPlatform (83)
[2017.07.27-19.43.41:194][210]LogModuleManager: Shutting down and abandoning module AndroidTargetPlatform (81)
[2017.07.27-19.43.41:194][210]LogModuleManager: Shutting down and abandoning module WindowsTargetPlatform (79)
[2017.07.27-19.43.41:194][210]LogModuleManager: Shutting down and abandoning module WindowsServerTargetPlatform (77)
[2017.07.27-19.43.41:194][210]LogModuleManager: Shutting down and abandoning module WindowsNoEditorTargetPlatform (75)
[2017.07.27-19.43.41:194][210]LogModuleManager: Shutting down and abandoning module WindowsClientTargetPlatform (73)
[2017.07.27-19.43.41:194][210]LogModuleManager: Shutting down and abandoning module MacTargetPlatform (71)
[2017.07.27-19.43.41:194][210]LogModuleManager: Shutting down and abandoning module MacServerTargetPlatform (69)
[2017.07.27-19.43.41:194][210]LogModuleManager: Shutting down and abandoning module MacNoEditorTargetPlatform (67)
[2017.07.27-19.43.41:194][210]LogModuleManager: Shutting down and abandoning module MacClientTargetPlatform (65)
[2017.07.27-19.43.41:194][210]LogModuleManager: Shutting down and abandoning module AllDesktopTargetPlatform (63)
[2017.07.27-19.43.41:194][210]LogModuleManager: Shutting down and abandoning module InputCore (60)
[2017.07.27-19.43.41:194][210]LogModuleManager: Shutting down and abandoning module Settings (58)
[2017.07.27-19.43.41:194][210]LogModuleManager: Shutting down and abandoning module OculusRift (56)
[2017.07.27-19.43.41:194][210]LogModuleManager: Shutting down and abandoning module GearVRController (54)
[2017.07.27-19.43.41:194][210]LogModuleManager: Shutting down and abandoning module GearVR (52)
[2017.07.27-19.43.41:194][210]LogModuleManager: Shutting down and abandoning module ExampleDeviceProfileSelector (50)
[2017.07.27-19.43.41:194][210]LogModuleManager: Shutting down and abandoning module OnlineBlueprintSupport (48)
[2017.07.27-19.43.41:194][210]LogModuleManager: Shutting down and abandoning module OnlineSubsystem (44)
[2017.07.27-19.43.41:194][210]LogOnline:Display: Unloading online subsystem: NULL
[2017.07.27-19.43.41:194][210]LogModuleManager: Shutting down and abandoning module XMPP (43)
[2017.07.27-19.43.41:194][210]LogModuleManager: Shutting down and abandoning module HTTP (41)
[2017.07.27-19.43.41:194][210]LogHttp:Display: Http module shutting down, but needs to wait on 1 outstanding Http requests:
[2017.07.27-19.43.41:194][210]LogHttp:Display: 	verb=[POST] url=[https://datarouter.ol.epicgames.com/datarouter/api/v1/public/data?SessionID=%7BBF4CCF1C-47B2-E624-0971-1BB273C3BCFF%7D&AppID=UEEditor.Rocket.Release&AppVersion=4.16.1-3466753%2B%2B%2BUE4%2BRelease-4.16&UserID=f97e27c542cf35a05c58b18006c58f43%7C874c566fab4d4d43bfd5064effd8eea5%7Cae763ea4-ab73-4209-8aa1-7cfa082d9280&AppEnvironment=datacollector-binary&UploadType=eteventstream] status=Processing
[2017.07.27-19.43.41:209][210]LogModuleManager: Shutting down and abandoning module SSL (40)
[2017.07.27-19.43.41:211][210]LogModuleManager: Shutting down and abandoning module HTTPChunkInstaller (36)
[2017.07.27-19.43.41:211][210]LogModuleManager: Shutting down and abandoning module AnimationModifiers (34)
[2017.07.27-19.43.41:211][210]LogModuleManager: Shutting down and abandoning module PropertyEditor (33)
[2017.07.27-19.43.41:211][210]LogModuleManager: Shutting down and abandoning module AudioEditor (30)
[2017.07.27-19.43.41:211][210]LogModuleManager: Shutting down and abandoning module TextureCompressor (28)
[2017.07.27-19.43.41:211][210]LogModuleManager: Shutting down and abandoning module ShaderCore (26)
[2017.07.27-19.43.41:211][210]LogModuleManager: Shutting down and abandoning module Landscape (24)
[2017.07.27-19.43.41:211][210]LogModuleManager: Shutting down and abandoning module SlateRHIRenderer (22)
[2017.07.27-19.43.41:211][210]LogModuleManager: Shutting down and abandoning module OpenGLDrv (20)
[2017.07.27-19.43.41:211][210]LogModuleManager: Shutting down and abandoning module D3D11RHI (18)
[2017.07.27-19.43.41:211][210]LogModuleManager: Shutting down and abandoning module AnimGraphRuntime (16)
[2017.07.27-19.43.41:211][210]LogModuleManager: Shutting down and abandoning module Renderer (14)
[2017.07.27-19.43.41:211][210]LogModuleManager: Shutting down and abandoning module Engine (12)
[2017.07.27-19.43.41:211][210]LogModuleManager: Shutting down and abandoning module CoreUObject (10)
[2017.07.27-19.43.41:211][210]LogModuleManager: Shutting down and abandoning module NetworkFile (8)
[2017.07.27-19.43.41:211][210]LogModuleManager: Shutting down and abandoning module StreamingFile (6)
[2017.07.27-19.43.41:211][210]LogModuleManager: Shutting down and abandoning module SandboxFile (4)
[2017.07.27-19.43.41:211][210]LogModuleManager: Shutting down and abandoning module PakFile (2)
[2017.07.27-19.43.41:213][210]LogExit: Exiting.
[2017.07.27-19.43.41:215][210]Log file closed, 07/27/17 15:43:41
