Log file open, 06/27/17 20:49:00
LogInit:Display: Running engine for game: VRMobileScalable
LogPlatformFile: Not using cached read wrapper
LogInit:Display: RandInit(1797663283) SRandInit(1797663283).
LogTaskGraph: Started task graph with 5 named threads and 10 total threads with 1 sets of task threads.
LogStats: Stats thread started at 0.111794
LogInit: Using libcurl 7.47.1
LogInit:  - built for x86_64-pc-win32
LogInit:  - supports SSL with OpenSSL/1.0.2g
LogInit:  - supports HTTP deflate (compression) using libz 1.2.8
LogInit:  - other features:
LogInit:      CURL_VERSION_SSL
LogInit:      CURL_VERSION_LIBZ
LogInit:      CURL_VERSION_IPV6
LogInit:      CURL_VERSION_ASYNCHDNS
LogInit:      CURL_VERSION_LARGEFILE
LogInit:      CURL_VERSION_IDN
LogInit:  CurlRequestOptions (configurable via config and command line):
LogInit:  - bVerifyPeer = false  - Libcurl will NOT verify peer certificate
LogInit:  - bUseHttpProxy = false  - Libcurl will NOT use HTTP proxy
LogInit:  - bDontReuseConnections = false  - Libcurl will reuse connections
LogInit:  - CertBundlePath = nullptr  - Libcurl will use whatever was configured at build time.
LogInit: Build: ++UE4+Release-4.16-CL-3466753
LogInit: Engine Version: 4.16.1-3466753+++UE4+Release-4.16
LogInit: Compatible Engine Version: 4.16.0-3452394+++UE4+Release-4.16
LogInit: Net CL: 3452394
LogDevObjectVersion: Number of dev versions registered: 16
LogDevObjectVersion:   Dev-Blueprints (B0D832E4-1F89-4F0D-ACCF-7EB736FD4AA2): 9
LogDevObjectVersion:   Dev-Build (E1C64328-A22C-4D53-A36C-8E866417BD8C): 0
LogDevObjectVersion:   Dev-Core (375EC13C-06E4-48FB-B500-84F0262A717E): 2
LogDevObjectVersion:   Dev-Editor (E4B068ED-F494-42E9-A231-DA0B2E46BB41): 17
LogDevObjectVersion:   Dev-Framework (CFFC743F-43B0-4480-9391-14DF171D2073): 23
LogDevObjectVersion:   Dev-Mobile (B02B49B5-BB20-44E9-A304-32B752E40360): 0
LogDevObjectVersion:   Dev-Networking (A4E4105C-59A1-49B5-A7C5-40C4547EDFEE): 0
LogDevObjectVersion:   Dev-Online (39C831C9-5AE6-47DC-9A44-9C173E1C8E7C): 0
LogDevObjectVersion:   Dev-Physics (78F01B33-EBEA-4F98-B9B4-84EACCB95AA2): 0
LogDevObjectVersion:   Dev-Platform (6631380F-2D4D-43E0-8009-CF276956A95A): 0
LogDevObjectVersion:   Dev-Rendering (12F88B9F-8875-4AFC-A67C-D90C383ABD29): 15
LogDevObjectVersion:   Dev-Sequencer (7B5AE74C-D270-4C10-A958-57980B212A5A): 4
LogDevObjectVersion:   Dev-VR (D7296918-1DD6-4BDD-9DE2-64A83CC13884): 0
LogDevObjectVersion:   Dev-LoadTimes (C2A15278-BFE7-4AFE-6C17-90FF531DF755): 1
LogDevObjectVersion:   Private-Geometry (6EACA3D4-40EC-4CC1-B786-8BED09428FC5): 1
LogDevObjectVersion:   Dev-AnimPhys (29E575DD-E0A3-4627-9D10-D276232CDCEA): 3
LogInit: Compiled (64-bit): May 31 2017 02:03:30
LogInit: Compiled with Visual C++: 19.00.24215.01
LogInit: Build Configuration: Development
LogInit: Branch Name: ++UE4+Release-4.16
LogInit: Command line:  
LogInit: Base directory: G:/Epic Games/UE_4.16/Engine/Binaries/Win64/
LogInit: Installed Engine Build: 1
LogInit: Presizing for max 8388607 objects, including 0 objects not considered by GC, pre-allocating 0 bytes for permanent pool.
LogInit: Object subsystem initialized
[2017.06.28-00.49.00:700][  0]LogInit: Selected Device Profile: [Windows]
[2017.06.28-00.49.00:700][  0]LogInit: Applying CVar settings loaded from the selected device profile: [Windows]
[2017.06.28-00.49.00:710][  0]LogInit: Computer: THERMALWIND
[2017.06.28-00.49.00:710][  0]LogInit: User: 3DSim
[2017.06.28-00.49.00:710][  0]LogInit: CPU Page size=4096, Cores=6
[2017.06.28-00.49.00:710][  0]LogInit: High frequency timer resolution =3.416979 MHz
[2017.06.28-00.49.00:710][  0]LogMemory: Memory total: Physical=47.9GB (48GB approx)
[2017.06.28-00.49.00:710][  0]LogMemory: Platform Memory Stats for Windows
[2017.06.28-00.49.00:710][  0]LogMemory: Process Physical Memory: 275.19 MB used, 275.19 MB peak
[2017.06.28-00.49.00:710][  0]LogMemory: Process Virtual Memory: 267.34 MB used, 267.34 MB peak
[2017.06.28-00.49.00:710][  0]LogMemory: Physical Memory: 21822.01 MB used,  27223.55 MB free, 49045.56 MB total
[2017.06.28-00.49.00:710][  0]LogMemory: Virtual Memory: 647.88 MB used,  27223.55 MB free, 134217728.00 MB total
[2017.06.28-00.49.00:778][  0]LogInit: Using OS detected language (en-US).
[2017.06.28-00.49.00:778][  0]LogInit: Using OS detected locale (en-US).
[2017.06.28-00.49.00:783][  0]LogTextLocalizationManager: No specific localization for 'en-US' exists, so the 'en' localization will be used.
[2017.06.28-00.49.01:884][  0]LogD3D11RHI: D3D11 adapters:
[2017.06.28-00.49.02:577][  0]LogD3D11RHI:    0. 'NVIDIA GeForce GTX TITAN X' (Feature Level 11_0)
[2017.06.28-00.49.02:577][  0]LogD3D11RHI:       12244/0/24522 MB DedicatedVideo/DedicatedSystem/SharedSystem, Outputs:2, VendorId:0x10de
[2017.06.28-00.49.02:579][  0]LogD3D11RHI:    1. 'Microsoft Basic Render Driver' (Feature Level 11_0)
[2017.06.28-00.49.02:579][  0]LogD3D11RHI:       0/0/24522 MB DedicatedVideo/DedicatedSystem/SharedSystem, Outputs:0, VendorId:0x1414
[2017.06.28-00.49.02:579][  0]LogD3D11RHI: Chosen D3D11 Adapter: 0
[2017.06.28-00.49.02:589][  0]LogD3D11RHI: Creating new Direct3DDevice
[2017.06.28-00.49.02:589][  0]LogD3D11RHI:     GPU DeviceId: 0x17c2 (for the marketing name, search the web for "GPU Device Id")
[2017.06.28-00.49.02:589][  0]LogWindows: EnumDisplayDevices:
[2017.06.28-00.49.02:589][  0]LogWindows:    0. 'NVIDIA GeForce GTX TITAN X' (P:1 D:1)
[2017.06.28-00.49.02:589][  0]LogWindows:    1. 'NVIDIA GeForce GTX TITAN X' (P:0 D:1)
[2017.06.28-00.49.02:589][  0]LogWindows:    2. 'NVIDIA GeForce GTX TITAN X' (P:0 D:0)
[2017.06.28-00.49.02:590][  0]LogWindows:    3. 'NVIDIA GeForce GTX TITAN X' (P:0 D:0)
[2017.06.28-00.49.02:590][  0]LogWindows: DebugString: FoundDriverCount:4 
[2017.06.28-00.49.02:590][  0]LogD3D11RHI:     Adapter Name: NVIDIA GeForce GTX TITAN X
[2017.06.28-00.49.02:590][  0]LogD3D11RHI:   Driver Version: 382.33 (internal:22.21.13.8233, unified:382.33)
[2017.06.28-00.49.02:590][  0]LogD3D11RHI:      Driver Date: 5-17-2017
[2017.06.28-00.49.02:590][  0]LogRHI: Texture pool is 1361 MB (70% of 1945 MB)
[2017.06.28-00.49.03:236][  0]LogD3D11RHI: Async texture creation enabled
[2017.06.28-00.49.03:273][  0]LogD3D11RHI: GPU Timing Frequency: 1000.000000 (Debug: 2 2)
[2017.06.28-00.49.03:322][  0]LogD3D11RHI: HDR output is supported on display 1 (NvId: 0x80061080).
[2017.06.28-00.49.03:323][  0]LogShaderCompilers: Guid format shader working directory is 11 characters bigger than the processId version (H:/UnrealProjects/VRMobileScalable/Intermediate/Shaders/WorkingDirectory/35552/).
[2017.06.28-00.49.03:323][  0]LogShaderCompilers: Cleaned the shader compiler working directory 'C:/Users/3DSim/AppData/Local/Temp/UnrealShaderWorkingDir/B1161381423B86EF1B625BA92018D85A/'.
[2017.06.28-00.49.03:323][  0]LogShaderCompilers:Display: Using Local Shader Compiler.
[2017.06.28-00.49.04:442][  0]LogTemp:Display: Loaded TP AllDesktopTargetPlatform
[2017.06.28-00.49.04:490][  0]LogTemp:Display: Loaded TP MacClientTargetPlatform
[2017.06.28-00.49.04:536][  0]LogTemp:Display: Loaded TP MacNoEditorTargetPlatform
[2017.06.28-00.49.04:581][  0]LogTemp:Display: Loaded TP MacServerTargetPlatform
[2017.06.28-00.49.04:627][  0]LogTemp:Display: Loaded TP MacTargetPlatform
[2017.06.28-00.49.04:671][  0]LogTemp:Display: Loaded TP WindowsClientTargetPlatform
[2017.06.28-00.49.04:719][  0]LogTemp:Display: Loaded TP WindowsNoEditorTargetPlatform
[2017.06.28-00.49.04:764][  0]LogTemp:Display: Loaded TP WindowsServerTargetPlatform
[2017.06.28-00.49.04:801][  0]LogTemp:Display: Loaded TP WindowsTargetPlatform
[2017.06.28-00.49.04:845][  0]LogTemp:Display: Loaded TP AndroidTargetPlatform
[2017.06.28-00.49.04:891][  0]LogTemp:Display: Loaded TP Android_ASTCTargetPlatform
[2017.06.28-00.49.04:936][  0]LogTemp:Display: Loaded TP Android_ATCTargetPlatform
[2017.06.28-00.49.04:981][  0]LogTemp:Display: Loaded TP Android_DXTTargetPlatform
[2017.06.28-00.49.05:024][  0]LogTemp:Display: Loaded TP Android_ETC1TargetPlatform
[2017.06.28-00.49.05:077][  0]LogTemp:Display: Loaded TP Android_ETC2TargetPlatform
[2017.06.28-00.49.05:171][  0]LogTemp:Display: Loaded TP Android_MultiTargetPlatform
[2017.06.28-00.49.05:171][  0]LogTemp:Display: Loaded TP Android_PVRTCTargetPlatform
[2017.06.28-00.49.05:204][  0]LogTemp:Display: Loaded TP HTML5TargetPlatform
[2017.06.28-00.49.05:292][  0]LogTemp:Display: Loaded TP IOSTargetPlatform
[2017.06.28-00.49.05:320][  0]LogTemp:Display: Loaded TP TVOSTargetPlatform
[2017.06.28-00.49.05:369][  0]LogTemp:Display: Loaded TP LinuxClientTargetPlatform
[2017.06.28-00.49.05:413][  0]LogTemp:Display: Loaded TP LinuxNoEditorTargetPlatform
[2017.06.28-00.49.05:459][  0]LogTemp:Display: Loaded TP LinuxServerTargetPlatform
[2017.06.28-00.49.05:509][  0]LogTemp:Display: Loaded TP LinuxTargetPlatform
[2017.06.28-00.49.05:509][  0]LogTargetPlatformManager:Display: Building Assets For Windows
[2017.06.28-00.49.05:960][  0]LogDerivedDataCache:Display: Max Cache Size: 512 MB
[2017.06.28-00.49.06:063][  0]LogDerivedDataCache: Loaded boot cache 0.10s 90MB C:/Users/3DSim/AppData/Local/UnrealEngine/4.16/DerivedDataCache/Boot.ddc.
[2017.06.28-00.49.06:064][  0]LogDerivedDataCache:Display: Loaded Boot cache: C:/Users/3DSim/AppData/Local/UnrealEngine/4.16/DerivedDataCache/Boot.ddc
[2017.06.28-00.49.06:064][  0]LogDerivedDataCache: FDerivedDataBackendGraph:  Pak pak cache file H:/UnrealProjects/VRMobileScalable/DerivedDataCache/DDC.ddp not found, will not use a pak cache.
[2017.06.28-00.49.06:064][  0]LogDerivedDataCache: Unable to find inner node Pak for hierarchical cache Hierarchy.
[2017.06.28-00.49.06:064][  0]LogDerivedDataCache: FDerivedDataBackendGraph:  CompressedPak pak cache file H:/UnrealProjects/VRMobileScalable/DerivedDataCache/Compressed.ddp not found, will not use a pak cache.
[2017.06.28-00.49.06:064][  0]LogDerivedDataCache: Unable to find inner node CompressedPak for hierarchical cache Hierarchy.
[2017.06.28-00.49.06:080][  0]LogDerivedDataCache:Display: Pak cache opened for reading ../../../Engine/DerivedDataCache/Compressed.ddp.
[2017.06.28-00.49.06:093][  0]LogDerivedDataCache: Using Local data cache path C:/Users/3DSim/AppData/Local/UnrealEngine/Common/DerivedDataCache: Writable
[2017.06.28-00.49.06:103][  0]LogMaterial: Verifying Global Shaders for PCD3D_SM5
[2017.06.28-00.49.06:103][  0]LogSlate: Using Freetype 2.6.0
[2017.06.28-00.49.06:104][  0]LogSlate: SlateFontCache - WITH_FREETYPE: 1, WITH_HARFBUZZ: 1
[2017.06.28-00.49.06:104][  0]LogSlate: SlateFontCache - WITH_FREETYPE: 1, WITH_HARFBUZZ: 1
[2017.06.28-00.49.06:475][  0]LogInit: Selected Device Profile: [Windows]
[2017.06.28-00.49.06:560][  0]LogContentStreaming: Texture pool size is 0.00 MB
[2017.06.28-00.49.06:737][  0]LogMeshUtilities: Using QuadricMeshReduction for automatic static mesh reduction
[2017.06.28-00.49.06:786][  0]LogSimplygon: Simplygon DLL not present - disabling.
[2017.06.28-00.49.06:837][  0]LogMeshUtilities: Using SimplygonSwarm for distributed automatic mesh merging
[2017.06.28-00.49.06:837][  0]LogMeshUtilities: No automatic skeletal mesh reduction module available
[2017.06.28-00.49.06:837][  0]LogMeshUtilities: No automatic mesh merging module available
[2017.06.28-00.49.07:406][  0]LogNetVersion: VRMobileScalable , NetCL: 3452394, EngineNetVer: 2, GameNetVer: 0 (Checksum: 3431896694)
[2017.06.28-00.49.07:464][  0]LogAssetRegistry: FAssetRegistry took 0.0254 seconds to start up
[2017.06.28-00.49.07:516][  0]LogPackageLocalizationCache: Processed 4 localized package path(s) for 2 prioritized culture(s) in 0.033047 seconds
[2017.06.28-00.49.07:523][  0]LogUObjectArray: 34194 objects as part of root set at end of initial load.
[2017.06.28-00.49.07:523][  0]LogUObjectAllocator: 7260416 out of 0 bytes used by permanent object pool.
[2017.06.28-00.49.07:523][  0]LogUObjectArray: CloseDisregardForGC: 0/0 objects in disregard for GC pool
[2017.06.28-00.49.07:586][  0]LogInit: WinSock: version 1.1 (2.2), MaxSocks=32767, MaxUdp=65467
[2017.06.28-00.49.10:462][  0]LogSubstanceCoreModule: Substance [CPU] Engine Loaded, Max Texture Size = 2048
[2017.06.28-00.49.10:488][  0]LogTcpMessaging: Initializing TcpMessaging bridge
[2017.06.28-00.49.10:525][  0]LogUdpMessaging: Initializing bridge on interface 0.0.0.0:0 to multicast group 230.0.0.1:6666.
[2017.06.28-00.49.11:020][  0]LogMaterial: Uniform references updated for custom material expression Custom.
[2017.06.28-00.49.11:402][  0]SourceControl: Info Source control is disabled
[2017.06.28-00.49.11:403][  0]SourceControl: Info Source control is disabled
[2017.06.28-00.49.11:447][  0]SourceControl: Info Source control is disabled
[2017.06.28-00.49.11:493][  0]SourceControl: Info Source control is disabled
[2017.06.28-00.49.12:119][  0]LogAndroidPermission: UAndroidPermissionCallbackProxy::GetInstance
[2017.06.28-00.49.12:775][  0]LogEngine: Initializing Engine...
[2017.06.28-00.49.13:341][  0]LogHMD: SteamVR initialized.  Driver: lighthouse  Display: LHR-BFAFBB1F
[2017.06.28-00.49.13:550][  0]LogStats: UGameplayTagsManager::ConstructGameplayTagTree: Construct from data asset -  0.000 s
[2017.06.28-00.49.13:550][  0]LogStats: UGameplayTagsManager::ConstructGameplayTagTree: GameplayTagTreeChangedEvent.Broadcast -  0.000 s
[2017.06.28-00.49.13:660][  0]LogAIModule: Creating AISystem for world Untitled
[2017.06.28-00.49.13:680][  0]LogInit: XAudio2 using 'HTC-VIVE-8 (NVIDIA High Definition Audio)' : 2 channels at 48 kHz using 16 bits per sample (channel mask 0x3)
[2017.06.28-00.49.13:691][  0]LogInit: FAudioDevice initialized.
[2017.06.28-00.49.13:735][  0]LogDerivedDataCache: Saved boot cache 0.04s 90MB C:/Users/3DSim/AppData/Local/UnrealEngine/4.16/DerivedDataCache/Boot.ddc.
[2017.06.28-00.49.13:750][  0]LogInit: Texture streaming: Enabled
[2017.06.28-00.49.13:829][  0]LogEngineSessionManager: EngineSessionManager initialized
[2017.06.28-00.49.14:029][  0]LogInit: Transaction tracking system initialized
[2017.06.28-00.49.14:299][  0]BlueprintLog: New page: Editor Load
[2017.06.28-00.49.15:094][  0]LocalizationService: Info Localization service is disabled
[2017.06.28-00.49.15:684][  0]LogConsoleResponse:Display: 
[2017.06.28-00.49.15:826][  0]LogCook:Display: Max memory allowance for cook 16384mb min free memory 0mb
[2017.06.28-00.49.15:826][  0]LogCook:Display: Mobile HDR setting 0
[2017.06.28-00.49.16:663][  0]LogFileCache: Scanning file cache for directory 'H:/UnrealProjects/VRMobileScalable/Content/' took 0.02s
[2017.06.28-00.49.16:705][  0]SourceControl: Info Source control is disabled
[2017.06.28-00.49.16:705][  0]Cmd: MAP LOAD FILE="H:/UnrealProjects/VRMobileScalable/Content/VirtualRealityBP/Maps/StartupMap.umap" TEMPLATE=0 SHOWPROGRESS=1 FEATURELEVEL=3
[2017.06.28-00.49.16:706][  0]LightingResults: New page: Lighting Build
[2017.06.28-00.49.16:743][  0]MapCheck: New page: Map Check
[2017.06.28-00.49.16:743][  0]LightingResults: New page: Lighting Build
[2017.06.28-00.49.16:821][  0]LogAIModule: Creating AISystem for world StartupMap
[2017.06.28-00.49.16:827][  0]LogEditorServer: Finished looking for orphan Actors (0.000 secs)
[2017.06.28-00.49.16:834][  0]Cmd: MAP CHECKDEP NOCLEARLOG
[2017.06.28-00.49.16:924][  0]MapCheck: Info Map check complete: 0 Error(s), 0 Warning(s), took 89.398ms to complete.
[2017.06.28-00.49.16:924][  0]LogFileHelpers: Loading map 'StartupMap' took 0.218
[2017.06.28-00.49.17:078][  0]LogCollectionManager: Loaded 1 collections in 0.001425 seconds
[2017.06.28-00.49.17:155][  0]LogFileCache: Scanning file cache for directory 'H:/UnrealProjects/VRMobileScalable/Saved/Collections/' took 0.01s
[2017.06.28-00.49.17:155][  0]LogFileCache: Scanning file cache for directory 'H:/UnrealProjects/VRMobileScalable/Content/Developers/3DSim/Collections/' took 0.01s
[2017.06.28-00.49.17:155][  0]LogFileCache: Scanning file cache for directory 'H:/UnrealProjects/VRMobileScalable/Content/Collections/' took 0.01s
[2017.06.28-00.49.17:155][  0]LogCollectionManager: Rebuilt the GUID cache for 1 collections in 0.000003 seconds
[2017.06.28-00.49.17:155][  0]LogCollectionManager: Rebuilt the hierarchy cache for 1 collections in 0.000000 seconds
[2017.06.28-00.49.17:164][  0]LogContentBrowser: Native class hierarchy populated in 0.0087 seconds. Added 2343 classes and 497 folders.
[2017.06.28-00.49.17:216][  0]LogContentBrowser: Native class hierarchy updated for 'WidgetCarousel' in 0.0006 seconds. Added 0 classes and 0 folders.
[2017.06.28-00.49.17:270][  0]LogContentBrowser: Native class hierarchy updated for 'AddContentDialog' in 0.0006 seconds. Added 0 classes and 0 folders.
[2017.06.28-00.49.17:309][  0]LogContentBrowser: Native class hierarchy updated for 'SceneOutliner' in 0.0005 seconds. Added 1 classes and 2 folders.
[2017.06.28-00.49.17:385][  0]LogCrashTracker: Crashtracker disabled due to settings.
[2017.06.28-00.49.17:391][  0]LogSlate: Took 0.000253 seconds to synchronously load lazily loaded font '../../../Engine/Content/Slate/Fonts/Roboto-Regular.ttf' (155K)
[2017.06.28-00.49.17:394][  0]LogSlate: Took 0.000585 seconds to synchronously load lazily loaded font '../../../Engine/Content/Slate/Fonts/Roboto-Bold.ttf' (160K)
[2017.06.28-00.49.17:400][  0]LogSlate: Took 0.000534 seconds to synchronously load lazily loaded font '../../../Engine/Content/Editor/Slate/Fonts/FontAwesome.ttf' (139K)
[2017.06.28-00.49.17:493][  0]LogRenderer: Reallocating scene render targets to support 1052x572 NumSamples 1 (Frame:1).
[2017.06.28-00.49.17:590][  0]LogUObjectGlobals:Warning: Failed to find object 'Class None.'
[2017.06.28-00.49.17:650][  0]LogContentBrowser: Native class hierarchy updated for 'HierarchicalLODOutliner' in 0.0006 seconds. Added 1 classes and 2 folders.
[2017.06.28-00.49.17:650][  0]LogLoad: (Engine Initialization) Total time: 18.66 seconds
[2017.06.28-00.49.17:650][  0]LogLoad: (Engine Initialization) Total Blueprint compile time: 0.04 seconds
[2017.06.28-00.49.17:650][  0]LogExternalProfiler: Found external profiler: VSPerf
[2017.06.28-00.49.17:650][  0]LogExternalProfiler: Using external profiler: VSPerf
[2017.06.28-00.49.17:660][  0]LogWindowsTextInputMethodSystem:Display: IME system now deactivated.
[2017.06.28-00.49.17:664][  0]LogSteamController: SteamController is not available
[2017.06.28-00.49.17:664][  0]LogOcInput: OculusInput pre-init called
[2017.06.28-00.49.17:664][  0]LogHMD: Starting GearVRController plugin
[2017.06.28-00.49.17:664][  0]LogSteamVRController: Controller role for device 1 is 2 (invalid=0, left=1, right=2).
[2017.06.28-00.49.17:664][  0]LogSteamVRController:Warning: Controller device 1 is being assigned to its prefered role 'right'.
[2017.06.28-00.49.17:664][  0]LogSteamVRController: Controller device 1 is being assigned unreal hand 1 (left=0, right=1).
[2017.06.28-00.49.17:682][  0]LogContentStreaming: Texture pool size now 1000 MB
[2017.06.28-00.49.17:722][  0]LogSlate: Took 0.000611 seconds to synchronously load lazily loaded font '../../../Engine/Content/Slate/Fonts/Roboto-Light.ttf' (159K)
[2017.06.28-00.49.17:780][  1]LogAssetRegistry: Asset discovery search completed in 10.3378 seconds
[2017.06.28-00.49.17:782][  1]LogCollectionManager: Rebuilt the object cache for 1 collections in 0.000001 seconds (found 0 objects)
[2017.06.28-00.49.17:782][  1]LogCollectionManager: Fixed up redirectors for 1 collections in 0.000020 seconds (updated 0 objects)
[2017.06.28-00.49.21:943][457]LogContentBrowser:Verbose: The majority of assets in the view are of type: World
[2017.06.28-00.49.25:456][854]Cmd: MAP LOAD FILE="H:/UnrealProjects/VRMobileScalable/Content/VirtualRealityBP/Maps/CityAura-MiniSimulation_v2.umap" TEMPLATE=0 SHOWPROGRESS=1 FEATURELEVEL=3
[2017.06.28-00.49.25:466][854]LogSlate: Took 0.000243 seconds to synchronously load lazily loaded font '../../../Engine/Content/Slate/Fonts/Roboto-Light.ttf' (159K)
[2017.06.28-00.49.25:474][854]LightingResults: New page: Lighting Build
[2017.06.28-00.49.25:475][854]LoadErrors: New page: Loading map: CityAura-MiniSimulation_v2.umap
[2017.06.28-00.49.25:477][854]MapCheck: New page: Map Check
[2017.06.28-00.49.25:477][854]LightingResults: New page: Lighting Build
[2017.06.28-00.49.26:500][854]LogSlate: Took 0.000177 seconds to synchronously load lazily loaded font '../../../Engine/Content/Slate/Fonts/Roboto-Regular.ttf' (155K)
[2017.06.28-00.49.27:686][854]LogAIModule: Creating AISystem for world CityAura-MiniSimulation_v2
[2017.06.28-00.49.27:833][854]LogEditorServer: Finished looking for orphan Actors (0.000 secs)
[2017.06.28-00.49.27:876][854]Cmd: MAP CHECKDEP NOCLEARLOG
[2017.06.28-00.49.28:019][854]MapCheck: Info Map check complete: 0 Error(s), 0 Warning(s), took 142.895ms to complete.
[2017.06.28-00.49.28:019][854]LogFileHelpers: Loading map 'CityAura-MiniSimulation_v2' took 2.563
[2017.06.28-00.49.30:641][115]LogTemp: Repeting last play command: VR Preview
[2017.06.28-00.49.30:695][115]LogBlueprintUserMessages: Early PlayInEditor Detection: Level '/Game/VirtualRealityBP/Maps/CityAura-MiniSimulation_v2.CityAura-MiniSimulation_v2:PersistentLevel' has LevelScriptBlueprint '/Game/VirtualRealityBP/Maps/CityAura-MiniSimulation_v2.CityAura-MiniSimulation_v2:PersistentLevel.CityAura-MiniSimulation_v2' with GeneratedClass '/Game/VirtualRealityBP/Maps/CityAura-MiniSimulation_v2.CityAura-MiniSimulation_v2_C' with ClassGeneratedBy '/Game/VirtualRealityBP/Maps/CityAura-MiniSimulation_v2.CityAura-MiniSimulation_v2:PersistentLevel.CityAura-MiniSimulation_v2'
[2017.06.28-00.49.30:695][115]LogPlayLevel: PlayLevel: No blueprints needed recompiling
[2017.06.28-00.49.30:696][115]PIE: New page: PIE session: CityAura-MiniSimulation_v2 (Jun 27, 2017, 4:49:30 PM)
[2017.06.28-00.49.30:696][115]LogPlayLevel: Creating play world package: /Game/VirtualRealityBP/Maps/UEDPIE_0_CityAura-MiniSimulation_v2
[2017.06.28-00.49.30:726][115]LogPlayLevel: PIE: StaticDuplicateObject took: (0.030302s)
[2017.06.28-00.49.30:726][115]LogAIModule: Creating AISystem for world CityAura-MiniSimulation_v2
[2017.06.28-00.49.30:727][115]LogPlayLevel: PIE: World Init took: (0.000654s)
[2017.06.28-00.49.30:727][115]LogPlayLevel: PIE: Created PIE world by copying editor world from /Game/VirtualRealityBP/Maps/CityAura-MiniSimulation_v2.CityAura-MiniSimulation_v2 to /Game/VirtualRealityBP/Maps/UEDPIE_0_CityAura-MiniSimulation_v2.CityAura-MiniSimulation_v2 (0.031304s)
[2017.06.28-00.49.30:749][115]LogInit: XAudio2 using 'HTC-VIVE-8 (NVIDIA High Definition Audio)' : 2 channels at 48 kHz using 16 bits per sample (channel mask 0x3)
[2017.06.28-00.49.30:756][115]LogInit: FAudioDevice initialized.
[2017.06.28-00.49.30:863][115]LogUObjectGlobals:Warning: Failed to find object 'Class None.'
[2017.06.28-00.49.30:863][115]LogLoad: Game class is 'GameModeBase'
[2017.06.28-00.49.30:884][115]LogWorld: Bringing World /Game/VirtualRealityBP/Maps/UEDPIE_0_CityAura-MiniSimulation_v2.CityAura-MiniSimulation_v2 up for play (max tick rate 0) at 2017.06.27-20.49.30
[2017.06.28-00.49.30:887][115]LogWorld: Bringing up level for play took: 0.022252
[2017.06.28-00.49.30:925][115]LogContentBrowser: Native class hierarchy updated for 'MovieSceneCapture' in 0.0006 seconds. Added 11 classes and 0 folders.
[2017.06.28-00.49.30:934][115]PIE: Info Play in editor start time for /Game/VirtualRealityBP/Maps/UEDPIE_0_CityAura-MiniSimulation_v2 0.781
[2017.06.28-00.49.30:934][115]LogBlueprintUserMessages: Late PlayInEditor Detection: Level '/Game/VirtualRealityBP/Maps/CityAura-MiniSimulation_v2.CityAura-MiniSimulation_v2:PersistentLevel' has LevelScriptBlueprint '/Game/VirtualRealityBP/Maps/CityAura-MiniSimulation_v2.CityAura-MiniSimulation_v2:PersistentLevel.CityAura-MiniSimulation_v2' with GeneratedClass '/Game/VirtualRealityBP/Maps/CityAura-MiniSimulation_v2.CityAura-MiniSimulation_v2_C' with ClassGeneratedBy '/Game/VirtualRealityBP/Maps/CityAura-MiniSimulation_v2.CityAura-MiniSimulation_v2:PersistentLevel.CityAura-MiniSimulation_v2'
[2017.06.28-00.49.30:988][116]LogRenderer: Reallocating scene render targets to support 3024x1680 NumSamples 1 (Frame:1).
[2017.06.28-00.55.30:584][599]LogBlueprintUserMessages: Early EndPlayMap Detection: Level '/Game/VirtualRealityBP/Maps/CityAura-MiniSimulation_v2.CityAura-MiniSimulation_v2:PersistentLevel' has LevelScriptBlueprint '/Game/VirtualRealityBP/Maps/CityAura-MiniSimulation_v2.CityAura-MiniSimulation_v2:PersistentLevel.CityAura-MiniSimulation_v2' with GeneratedClass '/Game/VirtualRealityBP/Maps/CityAura-MiniSimulation_v2.CityAura-MiniSimulation_v2_C' with ClassGeneratedBy '/Game/VirtualRealityBP/Maps/CityAura-MiniSimulation_v2.CityAura-MiniSimulation_v2:PersistentLevel.CityAura-MiniSimulation_v2'
[2017.06.28-00.55.30:737][599]LogBlueprintUserMessages: Late EndPlayMap Detection: Level '/Game/VirtualRealityBP/Maps/CityAura-MiniSimulation_v2.CityAura-MiniSimulation_v2:PersistentLevel' has LevelScriptBlueprint '/Game/VirtualRealityBP/Maps/CityAura-MiniSimulation_v2.CityAura-MiniSimulation_v2:PersistentLevel.CityAura-MiniSimulation_v2' with GeneratedClass '/Game/VirtualRealityBP/Maps/CityAura-MiniSimulation_v2.CityAura-MiniSimulation_v2_C' with ClassGeneratedBy '/Game/VirtualRealityBP/Maps/CityAura-MiniSimulation_v2.CityAura-MiniSimulation_v2:PersistentLevel.CityAura-MiniSimulation_v2'
[2017.06.28-00.55.50:185][722]LogTemp: Repeting last play command: VR Preview
[2017.06.28-00.55.50:197][722]LogBlueprintUserMessages: Early PlayInEditor Detection: Level '/Game/VirtualRealityBP/Maps/CityAura-MiniSimulation_v2.CityAura-MiniSimulation_v2:PersistentLevel' has LevelScriptBlueprint '/Game/VirtualRealityBP/Maps/CityAura-MiniSimulation_v2.CityAura-MiniSimulation_v2:PersistentLevel.CityAura-MiniSimulation_v2' with GeneratedClass '/Game/VirtualRealityBP/Maps/CityAura-MiniSimulation_v2.CityAura-MiniSimulation_v2_C' with ClassGeneratedBy '/Game/VirtualRealityBP/Maps/CityAura-MiniSimulation_v2.CityAura-MiniSimulation_v2:PersistentLevel.CityAura-MiniSimulation_v2'
[2017.06.28-00.55.50:197][722]LogPlayLevel: PlayLevel: No blueprints needed recompiling
[2017.06.28-00.55.50:197][722]PIE: New page: PIE session: CityAura-MiniSimulation_v2 (Jun 27, 2017, 4:55:50 PM)
[2017.06.28-00.55.50:197][722]LogPlayLevel: Creating play world package: /Game/VirtualRealityBP/Maps/UEDPIE_0_CityAura-MiniSimulation_v2
[2017.06.28-00.55.50:226][722]LogPlayLevel: PIE: StaticDuplicateObject took: (0.028216s)
[2017.06.28-00.55.50:226][722]LogAIModule: Creating AISystem for world CityAura-MiniSimulation_v2
[2017.06.28-00.55.50:226][722]LogPlayLevel: PIE: World Init took: (0.000637s)
[2017.06.28-00.55.50:226][722]LogPlayLevel: PIE: Created PIE world by copying editor world from /Game/VirtualRealityBP/Maps/CityAura-MiniSimulation_v2.CityAura-MiniSimulation_v2 to /Game/VirtualRealityBP/Maps/UEDPIE_0_CityAura-MiniSimulation_v2.CityAura-MiniSimulation_v2 (0.029180s)
[2017.06.28-00.55.50:247][722]LogInit: XAudio2 using 'HTC-VIVE-8 (NVIDIA High Definition Audio)' : 2 channels at 48 kHz using 16 bits per sample (channel mask 0x3)
[2017.06.28-00.55.50:254][722]LogInit: FAudioDevice initialized.
[2017.06.28-00.55.50:339][722]LogUObjectGlobals:Warning: Failed to find object 'Class None.'
[2017.06.28-00.55.50:339][722]LogLoad: Game class is 'GameModeBase'
[2017.06.28-00.55.50:361][722]LogWorld: Bringing World /Game/VirtualRealityBP/Maps/UEDPIE_0_CityAura-MiniSimulation_v2.CityAura-MiniSimulation_v2 up for play (max tick rate 0) at 2017.06.27-20.55.50
[2017.06.28-00.55.50:365][722]LogWorld: Bringing up level for play took: 0.024508
[2017.06.28-00.55.50:373][722]PIE: Info Play in editor start time for /Game/VirtualRealityBP/Maps/UEDPIE_0_CityAura-MiniSimulation_v2 0.22
[2017.06.28-00.55.50:374][722]LogBlueprintUserMessages: Late PlayInEditor Detection: Level '/Game/VirtualRealityBP/Maps/CityAura-MiniSimulation_v2.CityAura-MiniSimulation_v2:PersistentLevel' has LevelScriptBlueprint '/Game/VirtualRealityBP/Maps/CityAura-MiniSimulation_v2.CityAura-MiniSimulation_v2:PersistentLevel.CityAura-MiniSimulation_v2' with GeneratedClass '/Game/VirtualRealityBP/Maps/CityAura-MiniSimulation_v2.CityAura-MiniSimulation_v2_C' with ClassGeneratedBy '/Game/VirtualRealityBP/Maps/CityAura-MiniSimulation_v2.CityAura-MiniSimulation_v2:PersistentLevel.CityAura-MiniSimulation_v2'
[2017.06.28-00.58.56:660][186]LogBlueprintUserMessages: Early EndPlayMap Detection: Level '/Game/VirtualRealityBP/Maps/CityAura-MiniSimulation_v2.CityAura-MiniSimulation_v2:PersistentLevel' has LevelScriptBlueprint '/Game/VirtualRealityBP/Maps/CityAura-MiniSimulation_v2.CityAura-MiniSimulation_v2:PersistentLevel.CityAura-MiniSimulation_v2' with GeneratedClass '/Game/VirtualRealityBP/Maps/CityAura-MiniSimulation_v2.CityAura-MiniSimulation_v2_C' with ClassGeneratedBy '/Game/VirtualRealityBP/Maps/CityAura-MiniSimulation_v2.CityAura-MiniSimulation_v2:PersistentLevel.CityAura-MiniSimulation_v2'
[2017.06.28-00.58.56:834][186]LogBlueprintUserMessages: Late EndPlayMap Detection: Level '/Game/VirtualRealityBP/Maps/CityAura-MiniSimulation_v2.CityAura-MiniSimulation_v2:PersistentLevel' has LevelScriptBlueprint '/Game/VirtualRealityBP/Maps/CityAura-MiniSimulation_v2.CityAura-MiniSimulation_v2:PersistentLevel.CityAura-MiniSimulation_v2' with GeneratedClass '/Game/VirtualRealityBP/Maps/CityAura-MiniSimulation_v2.CityAura-MiniSimulation_v2_C' with ClassGeneratedBy '/Game/VirtualRealityBP/Maps/CityAura-MiniSimulation_v2.CityAura-MiniSimulation_v2:PersistentLevel.CityAura-MiniSimulation_v2'
[2017.06.28-01.00.27:300][ 57]LogTemp: Repeting last play command: VR Preview
[2017.06.28-01.00.27:313][ 57]LogBlueprintUserMessages: Early PlayInEditor Detection: Level '/Game/VirtualRealityBP/Maps/CityAura-MiniSimulation_v2.CityAura-MiniSimulation_v2:PersistentLevel' has LevelScriptBlueprint '/Game/VirtualRealityBP/Maps/CityAura-MiniSimulation_v2.CityAura-MiniSimulation_v2:PersistentLevel.CityAura-MiniSimulation_v2' with GeneratedClass '/Game/VirtualRealityBP/Maps/CityAura-MiniSimulation_v2.CityAura-MiniSimulation_v2_C' with ClassGeneratedBy '/Game/VirtualRealityBP/Maps/CityAura-MiniSimulation_v2.CityAura-MiniSimulation_v2:PersistentLevel.CityAura-MiniSimulation_v2'
[2017.06.28-01.00.27:313][ 57]LogPlayLevel: PlayLevel: No blueprints needed recompiling
[2017.06.28-01.00.27:313][ 57]PIE: New page: PIE session: CityAura-MiniSimulation_v2 (Jun 27, 2017, 5:00:27 PM)
[2017.06.28-01.00.27:313][ 57]LogPlayLevel: Creating play world package: /Game/VirtualRealityBP/Maps/UEDPIE_0_CityAura-MiniSimulation_v2
[2017.06.28-01.00.27:344][ 57]LogPlayLevel: PIE: StaticDuplicateObject took: (0.030462s)
[2017.06.28-01.00.27:345][ 57]LogAIModule: Creating AISystem for world CityAura-MiniSimulation_v2
[2017.06.28-01.00.27:345][ 57]LogPlayLevel: PIE: World Init took: (0.000780s)
[2017.06.28-01.00.27:345][ 57]LogPlayLevel: PIE: Created PIE world by copying editor world from /Game/VirtualRealityBP/Maps/CityAura-MiniSimulation_v2.CityAura-MiniSimulation_v2 to /Game/VirtualRealityBP/Maps/UEDPIE_0_CityAura-MiniSimulation_v2.CityAura-MiniSimulation_v2 (0.031580s)
[2017.06.28-01.00.27:368][ 57]LogInit: XAudio2 using 'HTC-VIVE-8 (NVIDIA High Definition Audio)' : 2 channels at 48 kHz using 16 bits per sample (channel mask 0x3)
[2017.06.28-01.00.27:374][ 57]LogInit: FAudioDevice initialized.
[2017.06.28-01.00.27:497][ 57]LogUObjectGlobals:Warning: Failed to find object 'Class None.'
[2017.06.28-01.00.27:497][ 57]LogLoad: Game class is 'GameModeBase'
[2017.06.28-01.00.27:516][ 57]LogWorld: Bringing World /Game/VirtualRealityBP/Maps/UEDPIE_0_CityAura-MiniSimulation_v2.CityAura-MiniSimulation_v2 up for play (max tick rate 0) at 2017.06.27-21.00.27
[2017.06.28-01.00.27:519][ 57]LogWorld: Bringing up level for play took: 0.020411
[2017.06.28-01.00.27:531][ 57]PIE: Info Play in editor start time for /Game/VirtualRealityBP/Maps/UEDPIE_0_CityAura-MiniSimulation_v2 -0.621
[2017.06.28-01.00.27:532][ 57]LogBlueprintUserMessages: Late PlayInEditor Detection: Level '/Game/VirtualRealityBP/Maps/CityAura-MiniSimulation_v2.CityAura-MiniSimulation_v2:PersistentLevel' has LevelScriptBlueprint '/Game/VirtualRealityBP/Maps/CityAura-MiniSimulation_v2.CityAura-MiniSimulation_v2:PersistentLevel.CityAura-MiniSimulation_v2' with GeneratedClass '/Game/VirtualRealityBP/Maps/CityAura-MiniSimulation_v2.CityAura-MiniSimulation_v2_C' with ClassGeneratedBy '/Game/VirtualRealityBP/Maps/CityAura-MiniSimulation_v2.CityAura-MiniSimulation_v2:PersistentLevel.CityAura-MiniSimulation_v2'
[2017.06.28-01.03.33:605][494]LogBlueprintUserMessages: Early EndPlayMap Detection: Level '/Game/VirtualRealityBP/Maps/CityAura-MiniSimulation_v2.CityAura-MiniSimulation_v2:PersistentLevel' has LevelScriptBlueprint '/Game/VirtualRealityBP/Maps/CityAura-MiniSimulation_v2.CityAura-MiniSimulation_v2:PersistentLevel.CityAura-MiniSimulation_v2' with GeneratedClass '/Game/VirtualRealityBP/Maps/CityAura-MiniSimulation_v2.CityAura-MiniSimulation_v2_C' with ClassGeneratedBy '/Game/VirtualRealityBP/Maps/CityAura-MiniSimulation_v2.CityAura-MiniSimulation_v2:PersistentLevel.CityAura-MiniSimulation_v2'
[2017.06.28-01.03.33:766][494]LogBlueprintUserMessages: Late EndPlayMap Detection: Level '/Game/VirtualRealityBP/Maps/CityAura-MiniSimulation_v2.CityAura-MiniSimulation_v2:PersistentLevel' has LevelScriptBlueprint '/Game/VirtualRealityBP/Maps/CityAura-MiniSimulation_v2.CityAura-MiniSimulation_v2:PersistentLevel.CityAura-MiniSimulation_v2' with GeneratedClass '/Game/VirtualRealityBP/Maps/CityAura-MiniSimulation_v2.CityAura-MiniSimulation_v2_C' with ClassGeneratedBy '/Game/VirtualRealityBP/Maps/CityAura-MiniSimulation_v2.CityAura-MiniSimulation_v2:PersistentLevel.CityAura-MiniSimulation_v2'
[2017.06.28-01.04.03:564][644]LogEditorViewport: Clicking on Actor (LMB): BP_PickupCube_C (S_STRU_COMP_Platform-Circular13)
[2017.06.28-01.04.04:482][742]LogEditorViewport: Clicking on Actor (CTRL LMB): BP_PickupCube_C (S_STRU_COMP_Platform-Circular12)
[2017.06.28-01.04.05:379][839]LogEditorViewport: Clicking on Actor (CTRL LMB): BP_PickupCube_C (S_STRU_COMP_Platform-Circular11)
[2017.06.28-01.04.06:365][946]LogEditorViewport: Clicking on Actor (CTRL LMB): BP_PickupCube_C (S_STRU_COMP_Platform-Circular10)
[2017.06.28-01.04.07:149][ 29]LogEditorViewport: Clicking on Actor (CTRL LMB): BP_PickupCube_C (S_STRU_COMP_Platform-Circular9)
[2017.06.28-01.04.08:129][135]LogEditorViewport: Clicking on Actor (CTRL LMB): BP_PickupCube_C (S_STRU_COMP_Platform-Circular8)
[2017.06.28-01.05.01:826][821]LogEditorViewport: Clicking on Actor (CTRL LMB): BP_PickupCube_C (S_STRU_COMP_Platform-Circular6)
[2017.06.28-01.05.03:440][984]LogEditorViewport: Clicking on Actor (CTRL LMB): BP_PickupCube_C (S_STRU_COMP_Platform-Circular7)
[2017.06.28-01.05.44:414][ 76]LogEditorViewport: Clicking on Actor (LMB): BP_PickupCube_C (S_ARCH_BldgE-F2-SemiCylinder-3LWindow)
[2017.06.28-01.06.18:334][682]LogEditorViewport: Clicking on Actor (CTRL LMB): BP_PickupCube_C (S_ARCH_BldgE-F1-CylinderSquash2)
[2017.06.28-01.06.19:051][751]LogEditorViewport: Clicking on Actor (CTRL LMB): BP_PickupCube_C (S_ARCH_BldgE-F1-DoubLatCylin-Three4)
[2017.06.28-01.06.19:748][817]LogEditorViewport: Clicking on Actor (CTRL LMB): BP_PickupCube_C (S_ARCH_BldgE-F1-Rec-SemiCylin6)
[2017.06.28-01.06.20:500][891]LogEditorViewport: Clicking on Actor (CTRL LMB): BP_PickupCube_C (S_ARCH_BldgE-F1-CylinderSquash3)
[2017.06.28-01.06.21:761][ 17]LogEditorViewport: Clicking on Actor (CTRL LMB): BP_PickupCube_C (S_ARCH_BldgE-F1-Rec-SemiCylin8)
[2017.06.28-01.06.22:566][ 96]LogEditorViewport: Clicking on Actor (CTRL LMB): BP_PickupCube_C (S_ARCH_BldgE-F1-CylinderSquash4)
[2017.06.28-01.06.23:766][217]LogEditorViewport: Clicking on Actor (CTRL LMB): BP_PickupCube_C (S_ARCH_BldgE-F1-DoubLatCylin-Three3)
[2017.06.28-01.06.24:632][303]LogEditorViewport: Clicking on Actor (CTRL LMB): BP_PickupCube_C (S_ARCH_BldgE-F2-CylinderSquash4)
[2017.06.28-01.06.25:335][369]LogEditorViewport: Clicking on Actor (CTRL LMB): BP_PickupCube_C (S_ARCH_BldgE-F1-Rec-SemiCylin5)
[2017.06.28-01.06.25:957][428]LogEditorViewport: Clicking on Actor (CTRL LMB): BP_PickupCube_C (S_ARCH_BldgE-F1-DoubLatCylin-Three2)
[2017.06.28-01.06.26:646][494]LogEditorViewport: Clicking on Actor (CTRL LMB): BP_PickupCube_C (S_ARCH_BldgE-F1-CylinderSquash)
[2017.06.28-01.06.27:079][531]LogEditorViewport: Clicking on Actor (CTRL LMB): BP_PickupCube_C (S_ARCH_BldgE-F2-CylinderSquash)
[2017.06.28-01.06.27:822][604]LogEditorViewport: Clicking on Actor (CTRL LMB): BP_PickupCube_C (S_ARCH_BldgE-F2-CylinderSquash2)
[2017.06.28-01.06.28:780][699]LogEditorViewport: Clicking on Actor (CTRL LMB): BP_PickupCube_C (S_ARCH_BldgE-F2-CylinderSquash3)
[2017.06.28-01.06.29:744][794]LogEditorViewport: Clicking on Actor (CTRL LMB): BP_PickupCube_C (S_ARCH_BldgE-F1-Rec-SemiCylin)
[2017.06.28-01.06.30:261][842]LogEditorViewport: Clicking on Actor (CTRL LMB): BP_PickupCube_C (S_ARCH_BldgE-F1-Rec-SemiCylin2)
[2017.06.28-01.06.30:763][888]LogEditorViewport: Clicking on Actor (CTRL LMB): BP_PickupCube_C (S_ARCH_BldgE-F1-Rec-SemiCylin3)
[2017.06.28-01.06.31:308][938]LogEditorViewport: Clicking on Actor (CTRL LMB): BP_PickupCube_C (S_ARCH_BldgE-F1-Rec-SemiCylin4)
[2017.06.28-01.06.31:913][994]LogEditorViewport: Clicking on Actor (CTRL LMB): BP_PickupCube_C (S_ARCH_BldgE-F1-DoubLatCylin-Three)
[2017.06.28-01.06.32:476][ 45]LogEditorViewport: Clicking on Actor (CTRL LMB): BP_PickupCube_C (S_ARCH_BldgE-F1-Torus-01)
[2017.06.28-01.06.35:474][348]LogEditorViewport: Clicking on Actor (CTRL LMB): BP_PickupCube_C (S_ARCH_BldgE-F1-Torus-2)
[2017.06.28-01.06.36:252][422]LogEditorViewport: Clicking on Actor (CTRL LMB): BP_PickupCube_C (S_ARCH_BldgE-F1-Torus-3)
[2017.06.28-01.06.36:814][474]LogEditorViewport: Clicking on Actor (CTRL LMB): BP_PickupCube_C (S_ARCH_BldgE-F1-Torus-4)
[2017.06.28-01.06.37:724][562]LogEditorViewport: Clicking on Actor (CTRL LMB): BP_PickupCube_C (S_ARCH_BldgE-F2-CylinderSquash5)
[2017.06.28-01.06.38:435][628]LogEditorViewport: Clicking on Actor (CTRL LMB): BP_PickupCube_C (S_ARCH_BldgE-F1-Rec-SemiCylin7)
[2017.06.28-01.08.04:898][291]Cmd: TRANSACTION UNDO
[2017.06.28-01.08.04:898][291]LogEditorTransaction: Undo Move Actors
[2017.06.28-01.08.04:921][291]LogActorComponent: ~FComponentReregisterContext: (/Game/VirtualRealityBP/Maps/CityAura-MiniSimulation_v2.CityAura-MiniSimulation_v2:PersistentLevel.S_ARCH_BldgE-F2-SemiCylinder-3LWindow.StaticMeshComponent0) Component already registered.
[2017.06.28-01.08.04:926][291]LogActorComponent: ~FComponentReregisterContext: (/Game/VirtualRealityBP/Maps/CityAura-MiniSimulation_v2.CityAura-MiniSimulation_v2:PersistentLevel.S_ARCH_BldgE-F1-Rec-SemiCylin3_66.StaticMeshComponent0) Component already registered.
[2017.06.28-01.08.04:929][291]LogActorComponent: ~FComponentReregisterContext: (/Game/VirtualRealityBP/Maps/CityAura-MiniSimulation_v2.CityAura-MiniSimulation_v2:PersistentLevel.S_STRU_COMP_Platform-Circular38.StaticMeshComponent0) Component already registered.
[2017.06.28-01.08.04:930][291]LogActorComponent: ~FComponentReregisterContext: (/Game/VirtualRealityBP/Maps/CityAura-MiniSimulation_v2.CityAura-MiniSimulation_v2:PersistentLevel.S_STRU_COMP_Platform-Circular32.StaticMeshComponent0) Component already registered.
[2017.06.28-01.08.04:931][291]LogActorComponent: ~FComponentReregisterContext: (/Game/VirtualRealityBP/Maps/CityAura-MiniSimulation_v2.CityAura-MiniSimulation_v2:PersistentLevel.S_STRU_COMP_Platform-Circular41.StaticMeshComponent0) Component already registered.
[2017.06.28-01.08.04:934][291]LogActorComponent: ~FComponentReregisterContext: (/Game/VirtualRealityBP/Maps/CityAura-MiniSimulation_v2.CityAura-MiniSimulation_v2:PersistentLevel.S_STRU_COMP_Platform-Circular16.StaticMeshComponent0) Component already registered.
[2017.06.28-01.08.04:934][291]LogActorComponent: ~FComponentReregisterContext: (/Game/VirtualRealityBP/Maps/CityAura-MiniSimulation_v2.CityAura-MiniSimulation_v2:PersistentLevel.S_STRU_COMP_Platform-Circular6_6.StaticMeshComponent0) Component already registered.
[2017.06.28-01.08.04:971][291]LogSlate: Took 0.000294 seconds to synchronously load lazily loaded font '../../../Engine/Content/Slate/Fonts/Roboto-Light.ttf' (159K)
[2017.06.28-01.08.13:574][ 34]LogEditorViewport: Clicking on Actor (CTRL LMB): StaticMeshActor (S_GRID_C2-Pool-Water)
[2017.06.28-01.08.15:006][157]Cmd: EDIT COPY
[2017.06.28-01.08.15:410][193]Cmd: EDIT PASTE
[2017.06.28-01.08.19:278][480]LogEditorViewport: Clicking on Actor (CTRL LMB): StaticMeshActor (S_GRID_C2-Pool-Water2)
[2017.06.28-01.08.22:131][698]Cmd: MODE ROTGRID=1
[2017.06.28-01.08.26:252][ 27]Cmd: EDIT COPY
[2017.06.28-01.08.26:671][ 62]Cmd: EDIT PASTE
[2017.06.28-01.08.31:002][352]LogEditorViewport: Clicking on Actor (CTRL LMB): StaticMeshActor (S_GRID_C2-Pool-Water3)
[2017.06.28-01.08.39:950][ 28]Cmd: EDIT COPY
[2017.06.28-01.08.40:323][ 61]Cmd: EDIT PASTE
[2017.06.28-01.08.42:456][210]LogEditorViewport: Clicking on Actor (CTRL LMB): StaticMeshActor (S_GRID_C2-Pool-Water4)
[2017.06.28-01.08.46:143][513]Cmd: EDIT COPY
[2017.06.28-01.08.46:511][544]Cmd: EDIT PASTE
[2017.06.28-01.08.50:136][806]LogEditorViewport: Clicking on Actor (CTRL LMB): StaticMeshActor (S_GRID_C2-Pool-Water5)
[2017.06.28-01.08.55:595][206]Cmd: EDIT COPY
[2017.06.28-01.08.55:930][228]Cmd: EDIT PASTE
[2017.06.28-01.08.58:219][353]LogEditorViewport: Clicking on Actor (CTRL LMB): StaticMeshActor (S_GRID_C2-Pool-Water6)
[2017.06.28-01.09.00:871][520]Cmd: EDIT COPY
[2017.06.28-01.09.01:241][544]Cmd: EDIT PASTE
[2017.06.28-01.09.03:762][674]LogEditorViewport: Clicking on Actor (CTRL LMB): StaticMeshActor (S_GRID_C2-Pool-Water7)
[2017.06.28-01.09.06:181][813]Cmd: EDIT COPY
[2017.06.28-01.09.06:515][833]Cmd: EDIT PASTE
[2017.06.28-01.09.08:703][932]LogEditorViewport: Clicking on Actor (CTRL LMB): StaticMeshActor (S_GRID_C2-Pool-Water8)
[2017.06.28-01.09.14:379][141]LogSavePackage: Save=1735.35ms
[2017.06.28-01.09.14:379][141]LogSavePackage: Moving 'H:/UnrealProjects/VRMobileScalable/Saved/CityAura-MiniSimulation_v23BCDBA34416F4F05A8B773A817AE11E5.tmp' to 'H:/UnrealProjects/VRMobileScalable/Content/VirtualRealityBP/Maps/CityAura-MiniSimulation_v2.umap'
[2017.06.28-01.09.14:381][141]LogSavePackage:Display: Finished SavePackage H:/UnrealProjects/VRMobileScalable/Content/VirtualRealityBP/Maps/CityAura-MiniSimulation_v2.umap
[2017.06.28-01.09.14:540][141]LogSavePackage: Save=126.59ms
[2017.06.28-01.09.14:540][141]LogSavePackage: Moving 'H:/UnrealProjects/VRMobileScalable/Saved/CityAura-MiniSimulation_v2_BuiltData4F3F7908435FB43A3F7FE49496C43BC4.tmp' to 'H:/UnrealProjects/VRMobileScalable/Content/VirtualRealityBP/Maps/CityAura-MiniSimulation_v2_BuiltData.uasset'
[2017.06.28-01.09.14:541][141]LogSavePackage:Display: Finished SavePackage H:/UnrealProjects/VRMobileScalable/Content/VirtualRealityBP/Maps/CityAura-MiniSimulation_v2_BuiltData.uasset
[2017.06.28-01.09.15:568][198]LogTemp: Repeting last play command: VR Preview
[2017.06.28-01.09.15:579][198]LogBlueprintUserMessages: Early PlayInEditor Detection: Level '/Game/VirtualRealityBP/Maps/CityAura-MiniSimulation_v2.CityAura-MiniSimulation_v2:PersistentLevel' has LevelScriptBlueprint '/Game/VirtualRealityBP/Maps/CityAura-MiniSimulation_v2.CityAura-MiniSimulation_v2:PersistentLevel.CityAura-MiniSimulation_v2' with GeneratedClass '/Game/VirtualRealityBP/Maps/CityAura-MiniSimulation_v2.CityAura-MiniSimulation_v2_C' with ClassGeneratedBy '/Game/VirtualRealityBP/Maps/CityAura-MiniSimulation_v2.CityAura-MiniSimulation_v2:PersistentLevel.CityAura-MiniSimulation_v2'
[2017.06.28-01.09.15:579][198]LogPlayLevel: PlayLevel: No blueprints needed recompiling
[2017.06.28-01.09.15:579][198]PIE: New page: PIE session: CityAura-MiniSimulation_v2 (Jun 27, 2017, 5:09:15 PM)
[2017.06.28-01.09.15:579][198]LogPlayLevel: Creating play world package: /Game/VirtualRealityBP/Maps/UEDPIE_0_CityAura-MiniSimulation_v2
[2017.06.28-01.09.15:634][198]LogPlayLevel: PIE: StaticDuplicateObject took: (0.055094s)
[2017.06.28-01.09.15:635][198]LogAIModule: Creating AISystem for world CityAura-MiniSimulation_v2
[2017.06.28-01.09.15:635][198]LogPlayLevel: PIE: World Init took: (0.000673s)
[2017.06.28-01.09.15:635][198]LogPlayLevel: PIE: Created PIE world by copying editor world from /Game/VirtualRealityBP/Maps/CityAura-MiniSimulation_v2.CityAura-MiniSimulation_v2 to /Game/VirtualRealityBP/Maps/UEDPIE_0_CityAura-MiniSimulation_v2.CityAura-MiniSimulation_v2 (0.056281s)
[2017.06.28-01.09.15:658][198]LogInit: XAudio2 using 'HTC-VIVE-8 (NVIDIA High Definition Audio)' : 2 channels at 48 kHz using 16 bits per sample (channel mask 0x3)
[2017.06.28-01.09.15:666][198]LogInit: FAudioDevice initialized.
[2017.06.28-01.09.15:765][198]LogUObjectGlobals:Warning: Failed to find object 'Class None.'
[2017.06.28-01.09.15:765][198]LogLoad: Game class is 'GameModeBase'
[2017.06.28-01.09.15:817][198]LogWorld: Bringing World /Game/VirtualRealityBP/Maps/UEDPIE_0_CityAura-MiniSimulation_v2.CityAura-MiniSimulation_v2 up for play (max tick rate 0) at 2017.06.27-21.09.15
[2017.06.28-01.09.15:823][198]LogWorld: Bringing up level for play took: 0.056777
[2017.06.28-01.09.15:833][198]PIE: Info Play in editor start time for /Game/VirtualRealityBP/Maps/UEDPIE_0_CityAura-MiniSimulation_v2 -0.32
[2017.06.28-01.09.15:834][198]LogBlueprintUserMessages: Late PlayInEditor Detection: Level '/Game/VirtualRealityBP/Maps/CityAura-MiniSimulation_v2.CityAura-MiniSimulation_v2:PersistentLevel' has LevelScriptBlueprint '/Game/VirtualRealityBP/Maps/CityAura-MiniSimulation_v2.CityAura-MiniSimulation_v2:PersistentLevel.CityAura-MiniSimulation_v2' with GeneratedClass '/Game/VirtualRealityBP/Maps/CityAura-MiniSimulation_v2.CityAura-MiniSimulation_v2_C' with ClassGeneratedBy '/Game/VirtualRealityBP/Maps/CityAura-MiniSimulation_v2.CityAura-MiniSimulation_v2:PersistentLevel.CityAura-MiniSimulation_v2'
[2017.06.28-01.13.45:232][293]LogBlueprintUserMessages: Early EndPlayMap Detection: Level '/Game/VirtualRealityBP/Maps/CityAura-MiniSimulation_v2.CityAura-MiniSimulation_v2:PersistentLevel' has LevelScriptBlueprint '/Game/VirtualRealityBP/Maps/CityAura-MiniSimulation_v2.CityAura-MiniSimulation_v2:PersistentLevel.CityAura-MiniSimulation_v2' with GeneratedClass '/Game/VirtualRealityBP/Maps/CityAura-MiniSimulation_v2.CityAura-MiniSimulation_v2_C' with ClassGeneratedBy '/Game/VirtualRealityBP/Maps/CityAura-MiniSimulation_v2.CityAura-MiniSimulation_v2:PersistentLevel.CityAura-MiniSimulation_v2'
[2017.06.28-01.13.45:420][293]LogBlueprintUserMessages: Late EndPlayMap Detection: Level '/Game/VirtualRealityBP/Maps/CityAura-MiniSimulation_v2.CityAura-MiniSimulation_v2:PersistentLevel' has LevelScriptBlueprint '/Game/VirtualRealityBP/Maps/CityAura-MiniSimulation_v2.CityAura-MiniSimulation_v2:PersistentLevel.CityAura-MiniSimulation_v2' with GeneratedClass '/Game/VirtualRealityBP/Maps/CityAura-MiniSimulation_v2.CityAura-MiniSimulation_v2_C' with ClassGeneratedBy '/Game/VirtualRealityBP/Maps/CityAura-MiniSimulation_v2.CityAura-MiniSimulation_v2:PersistentLevel.CityAura-MiniSimulation_v2'
[2017.06.28-01.13.58:808][391]LogActorFactory: Actor Factory created S_POW_GEN_SOL-ELEC_Panel-RectangularGround
[2017.06.28-01.14.00:822][585]LogActorFactory: Actor Factory created S_POW_GEN_SOL-ELEC_Panel-RectangularGround
[2017.06.28-01.14.08:501][372]LogActorFactory: Actor Factory created S_POW_GEN_SOL-ELEC_SphereGlass
[2017.06.28-01.14.09:095][439]LogActorFactory: Actor Factory created S_POW_GEN_SOL-ELEC_SphereGlass
[2017.06.28-01.14.10:221][563]LogEditorViewport: Clicking on Actor (LMB): StaticMeshActor (S_POW_GEN_SOL-ELEC_Panel-RectangularGround)
[2017.06.28-01.14.37:449][693]LogEditorViewport: Clicking on Actor (LMB): StaticMeshActor (S_POW_GEN_SOL-ELEC_SphereGlass)
[2017.06.28-01.14.54:871][674]LogEditorViewport: Clicking on Actor (LMB): StaticMeshActor (S_POW_GEN_SOL-ELEC_Panel-RectangularGround)
[2017.06.28-01.14.55:809][777]LogEditorViewport: Clicking on Actor (CTRL LMB): StaticMeshActor (S_GRID_Ground-C9)
[2017.06.28-01.14.56:442][843]LogEditorViewport: Clicking on Actor (CTRL LMB): StaticMeshActor (S_POW_GEN_SOL-ELEC_Panel-RectangularGround3)
[2017.06.28-01.14.57:542][965]LogEditorViewport: Clicking on Actor (LMB): StaticMeshActor (S_POW_GEN_SOL-ELEC_Panel-RectangularGround2)
[2017.06.28-01.14.58:902][119]LogEditorViewport: Clicking on Actor (CTRL LMB): StaticMeshActor (S_POW_GEN_SOL-ELEC_Panel-RectangularGround)
[2017.06.28-01.15.00:465][297]LogEditorViewport: Clicking on Actor (CTRL LMB): StaticMeshActor (S_POW_GEN_SOL-ELEC_Panel-RectangularGround3)
[2017.06.28-01.15.02:107][486]LogEditorViewport: Clicking on Actor (CTRL LMB): StaticMeshActor (S_POW_GEN_SOL-ELEC_Panel-RectangularGround4)
[2017.06.28-01.15.03:201][610]LogEditorViewport: Clicking on Actor (CTRL LMB): StaticMeshActor (S_POW_GEN_SOL-ELEC_Panel-RectangularGround5)
[2017.06.28-01.15.04:109][710]LogEditorViewport: Clicking on Actor (CTRL LMB): StaticMeshActor (S_POW_GEN_SOL-ELEC_Panel-RectangularGround6)
[2017.06.28-01.15.05:031][812]LogEditorViewport: Clicking on Actor (CTRL LMB): StaticMeshActor (S_POW_GEN_SOL-ELEC_Panel-RectangularGround7)
[2017.06.28-01.15.13:444][771]LogEditorViewport: Clicking on Actor (LMB): StaticMeshActor (S_POW_GEN_SOL-ELEC_SphereGlass2)
[2017.06.28-01.15.16:515][117]Cmd: TRANSACTION UNDO
[2017.06.28-01.15.16:515][117]LogEditorTransaction: Undo Move Actors
[2017.06.28-01.15.16:965][149]Cmd: TRANSACTION UNDO
[2017.06.28-01.15.16:965][149]LogEditorTransaction: Undo Clicking on Actors
[2017.06.28-01.15.20:867][581]LogEditorViewport: Clicking on Actor (LMB): StaticMeshActor (S_POW_GEN_SOL-ELEC_SphereGlass2)
[2017.06.28-01.15.27:824][147]LogSavePackage: Save=1770.35ms
[2017.06.28-01.15.27:824][147]LogSavePackage: Moving 'H:/UnrealProjects/VRMobileScalable/Saved/CityAura-MiniSimulation_v2348BA7C84E2F14D60C47C19B905B88B2.tmp' to 'H:/UnrealProjects/VRMobileScalable/Content/VirtualRealityBP/Maps/CityAura-MiniSimulation_v2.umap'
[2017.06.28-01.15.27:826][147]LogSavePackage:Display: Finished SavePackage H:/UnrealProjects/VRMobileScalable/Content/VirtualRealityBP/Maps/CityAura-MiniSimulation_v2.umap
[2017.06.28-01.15.27:937][147]LogSavePackage: Save=85.14ms
[2017.06.28-01.15.27:937][147]LogSavePackage: Moving 'H:/UnrealProjects/VRMobileScalable/Saved/CityAura-MiniSimulation_v2_BuiltData03369BB648077B454F9D7587BC461726.tmp' to 'H:/UnrealProjects/VRMobileScalable/Content/VirtualRealityBP/Maps/CityAura-MiniSimulation_v2_BuiltData.uasset'
[2017.06.28-01.15.27:938][147]LogSavePackage:Display: Finished SavePackage H:/UnrealProjects/VRMobileScalable/Content/VirtualRealityBP/Maps/CityAura-MiniSimulation_v2_BuiltData.uasset
[2017.06.28-01.15.29:216][298]LogTemp: Repeting last play command: VR Preview
[2017.06.28-01.15.29:227][298]LogBlueprintUserMessages: Early PlayInEditor Detection: Level '/Game/VirtualRealityBP/Maps/CityAura-MiniSimulation_v2.CityAura-MiniSimulation_v2:PersistentLevel' has LevelScriptBlueprint '/Game/VirtualRealityBP/Maps/CityAura-MiniSimulation_v2.CityAura-MiniSimulation_v2:PersistentLevel.CityAura-MiniSimulation_v2' with GeneratedClass '/Game/VirtualRealityBP/Maps/CityAura-MiniSimulation_v2.CityAura-MiniSimulation_v2_C' with ClassGeneratedBy '/Game/VirtualRealityBP/Maps/CityAura-MiniSimulation_v2.CityAura-MiniSimulation_v2:PersistentLevel.CityAura-MiniSimulation_v2'
[2017.06.28-01.15.29:227][298]LogPlayLevel: PlayLevel: No blueprints needed recompiling
[2017.06.28-01.15.29:227][298]PIE: New page: PIE session: CityAura-MiniSimulation_v2 (Jun 27, 2017, 5:15:29 PM)
[2017.06.28-01.15.29:227][298]LogPlayLevel: Creating play world package: /Game/VirtualRealityBP/Maps/UEDPIE_0_CityAura-MiniSimulation_v2
[2017.06.28-01.15.29:286][298]LogPlayLevel: PIE: StaticDuplicateObject took: (0.058594s)
[2017.06.28-01.15.29:287][298]LogAIModule: Creating AISystem for world CityAura-MiniSimulation_v2
[2017.06.28-01.15.29:287][298]LogPlayLevel: PIE: World Init took: (0.000610s)
[2017.06.28-01.15.29:287][298]LogPlayLevel: PIE: Created PIE world by copying editor world from /Game/VirtualRealityBP/Maps/CityAura-MiniSimulation_v2.CityAura-MiniSimulation_v2 to /Game/VirtualRealityBP/Maps/UEDPIE_0_CityAura-MiniSimulation_v2.CityAura-MiniSimulation_v2 (0.059819s)
[2017.06.28-01.15.29:311][298]LogInit: XAudio2 using 'HTC-VIVE-8 (NVIDIA High Definition Audio)' : 2 channels at 48 kHz using 16 bits per sample (channel mask 0x3)
[2017.06.28-01.15.29:319][298]LogInit: FAudioDevice initialized.
[2017.06.28-01.15.29:408][298]LogUObjectGlobals:Warning: Failed to find object 'Class None.'
[2017.06.28-01.15.29:408][298]LogLoad: Game class is 'GameModeBase'
[2017.06.28-01.15.29:447][298]LogWorld: Bringing World /Game/VirtualRealityBP/Maps/UEDPIE_0_CityAura-MiniSimulation_v2.CityAura-MiniSimulation_v2 up for play (max tick rate 0) at 2017.06.27-21.15.29
[2017.06.28-01.15.29:453][298]LogWorld: Bringing up level for play took: 0.043330
[2017.06.28-01.15.29:461][298]PIE: Info Play in editor start time for /Game/VirtualRealityBP/Maps/UEDPIE_0_CityAura-MiniSimulation_v2 -0.691
[2017.06.28-01.15.29:462][298]LogBlueprintUserMessages: Late PlayInEditor Detection: Level '/Game/VirtualRealityBP/Maps/CityAura-MiniSimulation_v2.CityAura-MiniSimulation_v2:PersistentLevel' has LevelScriptBlueprint '/Game/VirtualRealityBP/Maps/CityAura-MiniSimulation_v2.CityAura-MiniSimulation_v2:PersistentLevel.CityAura-MiniSimulation_v2' with GeneratedClass '/Game/VirtualRealityBP/Maps/CityAura-MiniSimulation_v2.CityAura-MiniSimulation_v2_C' with ClassGeneratedBy '/Game/VirtualRealityBP/Maps/CityAura-MiniSimulation_v2.CityAura-MiniSimulation_v2:PersistentLevel.CityAura-MiniSimulation_v2'
[2017.06.28-01.18.41:062][472]LogBlueprintUserMessages: Early EndPlayMap Detection: Level '/Game/VirtualRealityBP/Maps/CityAura-MiniSimulation_v2.CityAura-MiniSimulation_v2:PersistentLevel' has LevelScriptBlueprint '/Game/VirtualRealityBP/Maps/CityAura-MiniSimulation_v2.CityAura-MiniSimulation_v2:PersistentLevel.CityAura-MiniSimulation_v2' with GeneratedClass '/Game/VirtualRealityBP/Maps/CityAura-MiniSimulation_v2.CityAura-MiniSimulation_v2_C' with ClassGeneratedBy '/Game/VirtualRealityBP/Maps/CityAura-MiniSimulation_v2.CityAura-MiniSimulation_v2:PersistentLevel.CityAura-MiniSimulation_v2'
[2017.06.28-01.18.41:234][472]LogBlueprintUserMessages: Late EndPlayMap Detection: Level '/Game/VirtualRealityBP/Maps/CityAura-MiniSimulation_v2.CityAura-MiniSimulation_v2:PersistentLevel' has LevelScriptBlueprint '/Game/VirtualRealityBP/Maps/CityAura-MiniSimulation_v2.CityAura-MiniSimulation_v2:PersistentLevel.CityAura-MiniSimulation_v2' with GeneratedClass '/Game/VirtualRealityBP/Maps/CityAura-MiniSimulation_v2.CityAura-MiniSimulation_v2_C' with ClassGeneratedBy '/Game/VirtualRealityBP/Maps/CityAura-MiniSimulation_v2.CityAura-MiniSimulation_v2:PersistentLevel.CityAura-MiniSimulation_v2'
[2017.06.28-01.18.48:782][313]LogEditorViewport: Clicking on Actor (LMB): StaticMeshActor (S_POW_GEN_SOL-ELEC_SphereGlass3)
[2017.06.28-01.18.51:306][605]LogEditorViewport: Clicking on Actor (CTRL LMB): StaticMeshActor (S_POW_GEN_SOL-ELEC_SphereGlass2)
[2017.06.28-01.18.52:143][698]LogEditorViewport: Clicking on Actor (CTRL LMB): StaticMeshActor (S_POW_GEN_SOL-ELEC_SphereGlass)
[2017.06.28-01.19.29:062][189]LogEditorViewport: Clicking on Actor (LMB): StaticMeshActor (S_ARCH_BldgO-F1-Pavillion-WireSupported2)
[2017.06.28-01.19.35:015][796]LogEditorActor: Deleted Actor: StaticMeshActor
[2017.06.28-01.19.35:023][796]LogEditorActor: Deleted 1 Actors (0.011 secs)
[2017.06.28-01.19.35:024][796]LogEditor: Converted: S_ARCH_BldgO-F1-Pavillion-WireSupported2 to S_ARCH_BldgO-F1-Pavillion-WireSupported2
[2017.06.28-01.19.35:025][796]EditorErrors: New page: Actor Reattachment
[2017.06.28-01.20.07:494][671]LogEditorViewport: Clicking on Actor (LMB): StaticMeshActor (spruce_5)
[2017.06.28-01.20.15:583][377]LogEditorViewport: Clicking on Actor (LMB): StaticMeshActor (spruce_04)
[2017.06.28-01.21.29:070][646]LogEditorViewport: Clicking on Actor (LMB): StaticMeshActor (bananaPlant_3)
[2017.06.28-01.22.09:625][826]LogSavePackage: Save=1787.80ms
[2017.06.28-01.22.09:625][826]LogSavePackage: Moving 'H:/UnrealProjects/VRMobileScalable/Saved/CityAura-MiniSimulation_v2619A3EA64156F05824C079B4F1D71818.tmp' to 'H:/UnrealProjects/VRMobileScalable/Content/VirtualRealityBP/Maps/CityAura-MiniSimulation_v2.umap'
[2017.06.28-01.22.09:627][826]LogSavePackage:Display: Finished SavePackage H:/UnrealProjects/VRMobileScalable/Content/VirtualRealityBP/Maps/CityAura-MiniSimulation_v2.umap
[2017.06.28-01.22.09:738][826]LogSavePackage: Save=83.06ms
[2017.06.28-01.22.09:738][826]LogSavePackage: Moving 'H:/UnrealProjects/VRMobileScalable/Saved/CityAura-MiniSimulation_v2_BuiltData1BC752834A93B0E82F4B0D9934DCCAF0.tmp' to 'H:/UnrealProjects/VRMobileScalable/Content/VirtualRealityBP/Maps/CityAura-MiniSimulation_v2_BuiltData.uasset'
[2017.06.28-01.22.09:739][826]LogSavePackage:Display: Finished SavePackage H:/UnrealProjects/VRMobileScalable/Content/VirtualRealityBP/Maps/CityAura-MiniSimulation_v2_BuiltData.uasset
[2017.06.28-01.22.13:476][232]Cmd: QUIT_EDITOR
[2017.06.28-01.22.14:214][232]LogWindowsTextInputMethodSystem:Display: IME system now deactivated.
[2017.06.28-01.22.14:223][232]LogExit: Preparing to exit.
[2017.06.28-01.22.15:376][232]LogExit: Editor shut down
[2017.06.28-01.22.15:380][232]LogExit: Transaction tracking system shut down
[2017.06.28-01.22.15:483][232]LogObj: Freed 0b from 0 cluster array pools.
[2017.06.28-01.22.15:483][232]LogExit: Object subsystem successfully closed.
[2017.06.28-01.22.15:513][232]LogD3D11RHI: Shutdown
[2017.06.28-01.22.15:513][232]LogD3D11RHI: CleanupD3DDevice
[2017.06.28-01.22.15:516][232]LogD3D11RHI: ~FD3D11DynamicRHI
[2017.06.28-01.22.15:527][232]LogModuleManager: Shutting down and abandoning module MovieSceneCapture (532)
[2017.06.28-01.22.15:527][232]LogModuleManager: Shutting down and abandoning module HierarchicalLODOutliner (530)
[2017.06.28-01.22.15:527][232]LogModuleManager: Shutting down and abandoning module CrashTracker (528)
[2017.06.28-01.22.15:527][232]LogModuleManager: Shutting down and abandoning module SceneOutliner (526)
[2017.06.28-01.22.15:527][232]LogModuleManager: Shutting down and abandoning module AddContentDialog (524)
[2017.06.28-01.22.15:527][232]LogDirectoryWatcher: A directory notification for 'G:/Epic Games/UE_4.16/FeaturePacks/' was aborted.
[2017.06.28-01.22.15:528][232]LogModuleManager: Shutting down and abandoning module WidgetCarousel (523)
[2017.06.28-01.22.15:528][232]LogModuleManager: Shutting down and abandoning module EditorWidgets (520)
[2017.06.28-01.22.15:528][232]LogModuleManager: Shutting down and abandoning module CollectionManager (518)
[2017.06.28-01.22.15:528][232]LogDirectoryWatcher: A directory notification for 'H:/UnrealProjects/VRMobileScalable/Content/Collections/' was aborted.
[2017.06.28-01.22.15:529][232]LogDirectoryWatcher: A directory notification for 'H:/UnrealProjects/VRMobileScalable/Content/Developers/3DSim/Collections/' was aborted.
[2017.06.28-01.22.15:529][232]LogDirectoryWatcher: A directory notification for 'H:/UnrealProjects/VRMobileScalable/Saved/Collections/' was aborted.
[2017.06.28-01.22.15:529][232]LogModuleManager: Shutting down and abandoning module StatsViewer (516)
[2017.06.28-01.22.15:529][232]LogModuleManager: Shutting down and abandoning module FoliageEdit (514)
[2017.06.28-01.22.15:529][232]LogModuleManager: Shutting down and abandoning module LandscapeEditor (512)
[2017.06.28-01.22.15:529][232]LogModuleManager: Shutting down and abandoning module MeshPaintMode (510)
[2017.06.28-01.22.15:529][232]LogModuleManager: Shutting down and abandoning module SceneDepthPickerMode (508)
[2017.06.28-01.22.15:529][232]LogModuleManager: Shutting down and abandoning module ActorPickerMode (506)
[2017.06.28-01.22.15:529][232]LogModuleManager: Shutting down and abandoning module GeometryMode (504)
[2017.06.28-01.22.15:529][232]LogModuleManager: Shutting down and abandoning module TextureAlignMode (502)
[2017.06.28-01.22.15:529][232]LogModuleManager: Shutting down and abandoning module BspMode (500)
[2017.06.28-01.22.15:529][232]LogModuleManager: Shutting down and abandoning module HardwareSurvey (498)
[2017.06.28-01.22.15:529][232]LogModuleManager: Shutting down and abandoning module SequenceRecorderSections (496)
[2017.06.28-01.22.15:529][232]LogModuleManager: Shutting down and abandoning module AutomationWorker (494)
[2017.06.28-01.22.15:529][232]LogModuleManager: Shutting down and abandoning module MatineeToLevelSequence (492)
[2017.06.28-01.22.15:529][232]LogModuleManager: Shutting down and abandoning module LevelSequenceEditor (490)
[2017.06.28-01.22.15:529][232]LogModuleManager: Shutting down and abandoning module PlacementMode (489)
[2017.06.28-01.22.15:529][232]LogModuleManager: Shutting down and abandoning module WmfMediaFactory (486)
[2017.06.28-01.22.15:529][232]LogModuleManager: Shutting down and abandoning module WmfMediaEditor (484)
[2017.06.28-01.22.15:529][232]LogModuleManager: Shutting down and abandoning module AvfMediaFactory (482)
[2017.06.28-01.22.15:529][232]LogModuleManager: Shutting down and abandoning module AvfMediaEditor (480)
[2017.06.28-01.22.15:529][232]LogModuleManager: Shutting down and abandoning module AndroidMediaFactory (478)
[2017.06.28-01.22.15:529][232]LogModuleManager: Shutting down and abandoning module Media (477)
[2017.06.28-01.22.15:529][232]LogModuleManager: Shutting down and abandoning module AndroidMediaEditor (474)
[2017.06.28-01.22.15:529][232]LogModuleManager: Shutting down and abandoning module CharacterAI (472)
[2017.06.28-01.22.15:529][232]LogModuleManager: Shutting down and abandoning module AudioCapture (470)
[2017.06.28-01.22.15:529][232]LogModuleManager: Shutting down and abandoning module SequenceRecorder (469)
[2017.06.28-01.22.15:529][232]LogModuleManager: Shutting down and abandoning module SmartSnapping (466)
[2017.06.28-01.22.15:529][232]LogModuleManager: Shutting down and abandoning module SessionServices (464)
[2017.06.28-01.22.15:529][232]LogModuleManager: Shutting down and abandoning module ViewportSnapping (462)
[2017.06.28-01.22.15:529][232]LogModuleManager: Shutting down and abandoning module ViewportInteraction (460)
[2017.06.28-01.22.15:529][232]LogModuleManager: Shutting down and abandoning module ClothPainter (458)
[2017.06.28-01.22.15:529][232]LogModuleManager: Shutting down and abandoning module LogVisualizer (456)
[2017.06.28-01.22.15:529][232]LogModuleManager: Shutting down and abandoning module IntroTutorials (454)
[2017.06.28-01.22.15:529][232]LogModuleManager: Shutting down and abandoning module GameProjectGeneration (453)
[2017.06.28-01.22.15:529][232]LogModuleManager: Shutting down and abandoning module EditorLiveStreaming (450)
[2017.06.28-01.22.15:529][232]LogModuleManager: Shutting down and abandoning module IOSPlatformEditor (448)
[2017.06.28-01.22.15:529][232]LogModuleManager: Shutting down and abandoning module HTML5PlatformEditor (446)
[2017.06.28-01.22.15:529][232]LogModuleManager: Shutting down and abandoning module AndroidPlatformEditor (444)
[2017.06.28-01.22.15:529][232]LogModuleManager: Shutting down and abandoning module AndroidDeviceDetection (443)
[2017.06.28-01.22.16:036][232]LogModuleManager: Shutting down and abandoning module IOSRuntimeSettings (440)
[2017.06.28-01.22.16:036][232]LogModuleManager: Shutting down and abandoning module AndroidRuntimeSettings (438)
[2017.06.28-01.22.16:036][232]LogModuleManager: Shutting down and abandoning module InputBindingEditor (436)
[2017.06.28-01.22.16:036][232]LogModuleManager: Shutting down and abandoning module MergeActors (434)
[2017.06.28-01.22.16:036][232]LogModuleManager: Shutting down and abandoning module SizeMap (432)
[2017.06.28-01.22.16:036][232]LogModuleManager: Shutting down and abandoning module TreeMap (430)
[2017.06.28-01.22.16:036][232]LogModuleManager: Shutting down and abandoning module ReferenceViewer (428)
[2017.06.28-01.22.16:036][232]LogModuleManager: Shutting down and abandoning module LocalizationDashboard (426)
[2017.06.28-01.22.16:036][232]LogModuleManager: Shutting down and abandoning module LocalizationService (425)
[2017.06.28-01.22.16:036][232]LogModuleManager: Shutting down and abandoning module HardwareTargeting (422)
[2017.06.28-01.22.16:036][232]LogModuleManager: Shutting down and abandoning module DeviceProfileEditor (420)
[2017.06.28-01.22.16:036][232]LogModuleManager: Shutting down and abandoning module UndoHistory (418)
[2017.06.28-01.22.16:036][232]LogModuleManager: Shutting down and abandoning module UserFeedback (416)
[2017.06.28-01.22.16:036][232]LogModuleManager: Shutting down and abandoning module XmlParser (414)
[2017.06.28-01.22.16:036][232]LogModuleManager: Shutting down and abandoning module Blutility (412)
[2017.06.28-01.22.16:036][232]LogModuleManager: Shutting down and abandoning module ProjectSettingsViewer (410)
[2017.06.28-01.22.16:036][232]LogModuleManager: Shutting down and abandoning module ProjectTargetPlatformEditor (409)
[2017.06.28-01.22.16:036][232]LogModuleManager: Shutting down and abandoning module EditorSettingsViewer (406)
[2017.06.28-01.22.16:036][232]LogModuleManager: Shutting down and abandoning module SettingsEditor (404)
[2017.06.28-01.22.16:036][232]LogModuleManager: Shutting down and abandoning module ProjectLauncher (402)
[2017.06.28-01.22.16:036][232]LogModuleManager: Shutting down and abandoning module SessionFrontend (400)
[2017.06.28-01.22.16:036][232]LogModuleManager: Shutting down and abandoning module ProfilerClient (398)
[2017.06.28-01.22.16:036][232]LogModuleManager: Shutting down and abandoning module DeviceManager (396)
[2017.06.28-01.22.16:037][232]LogModuleManager: Shutting down and abandoning module TargetDeviceServices (395)
[2017.06.28-01.22.16:092][232]LogModuleManager: Shutting down and abandoning module AutomationController (392)
[2017.06.28-01.22.16:092][232]LogModuleManager: Shutting down and abandoning module AutomationWindow (390)
[2017.06.28-01.22.16:092][232]LogModuleManager: Shutting down and abandoning module Layers (388)
[2017.06.28-01.22.16:092][232]LogModuleManager: Shutting down and abandoning module ComponentVisualizers (386)
[2017.06.28-01.22.16:092][232]LogModuleManager: Shutting down and abandoning module DetailCustomizations (384)
[2017.06.28-01.22.16:092][232]LogModuleManager: Shutting down and abandoning module PackagesDialog (382)
[2017.06.28-01.22.16:092][232]LogModuleManager: Shutting down and abandoning module Persona (380)
[2017.06.28-01.22.16:092][232]LogModuleManager: Shutting down and abandoning module AdvancedPreviewScene (379)
[2017.06.28-01.22.16:092][232]LogModuleManager: Shutting down and abandoning module AnimGraph (377)
[2017.06.28-01.22.16:092][232]LogModuleManager: Shutting down and abandoning module Kismet (374)
[2017.06.28-01.22.16:093][232]LogModuleManager: Shutting down and abandoning module ClassViewer (372)
[2017.06.28-01.22.16:094][232]LogModuleManager: Shutting down and abandoning module Toolbox (370)
[2017.06.28-01.22.16:094][232]LogModuleManager: Shutting down and abandoning module ModuleUI (368)
[2017.06.28-01.22.16:094][232]LogModuleManager: Shutting down and abandoning module MovieSceneTools (366)
[2017.06.28-01.22.16:094][232]LogModuleManager: Shutting down and abandoning module OutputLog (364)
[2017.06.28-01.22.16:094][232]LogModuleManager: Shutting down and abandoning module GammaUI (362)
[2017.06.28-01.22.16:094][232]LogModuleManager: Shutting down and abandoning module Documentation (360)
[2017.06.28-01.22.16:094][232]LogModuleManager: Shutting down and abandoning module MovieSceneTracks (358)
[2017.06.28-01.22.16:094][232]LogModuleManager: Shutting down and abandoning module MovieScene (356)
[2017.06.28-01.22.16:094][232]LogModuleManager: Shutting down and abandoning module Niagara (354)
[2017.06.28-01.22.16:094][232]LogModuleManager: Shutting down and abandoning module NiagaraEditor (353)
[2017.06.28-01.22.16:094][232]LogModuleManager: Shutting down and abandoning module StreamingPauseRendering (350)
[2017.06.28-01.22.16:094][232]LogModuleManager: Shutting down and abandoning module AnalyticsET (348)
[2017.06.28-01.22.16:094][232]LogModuleManager: Shutting down and abandoning module PortalServices (346)
[2017.06.28-01.22.16:094][232]LogModuleManager: Shutting down and abandoning module PortalRpc (344)
[2017.06.28-01.22.16:094][232]LogModuleManager: Shutting down and abandoning module MessagingRpc (342)
[2017.06.28-01.22.16:094][232]LogModuleManager: Shutting down and abandoning module AIModule (340)
[2017.06.28-01.22.16:094][232]LogModuleManager: Shutting down and abandoning module GameplayDebugger (339)
[2017.06.28-01.22.16:094][232]LogModuleManager: Shutting down and abandoning module AITestSuite (337)
[2017.06.28-01.22.16:094][232]LogModuleManager: Shutting down and abandoning module ProfilerService (334)
[2017.06.28-01.22.16:119][232]LogModuleManager: Shutting down and abandoning module TaskGraph (332)
[2017.06.28-01.22.16:119][232]LogModuleManager: Shutting down and abandoning module SubstanceEditor (330)
[2017.06.28-01.22.16:119][232]LogModuleManager: Shutting down and abandoning module SteamVRController (328)
[2017.06.28-01.22.16:119][232]LogModuleManager: Shutting down and abandoning module SteamVR (326)
[2017.06.28-01.22.16:119][232]LogModuleManager: Shutting down and abandoning module SteamController (324)
[2017.06.28-01.22.16:119][232]LogModuleManager: Shutting down and abandoning module ProceduralMeshComponentEditor (322)
[2017.06.28-01.22.16:119][232]LogModuleManager: Shutting down and abandoning module ProceduralMeshComponent (320)
[2017.06.28-01.22.16:119][232]LogModuleManager: Shutting down and abandoning module OculusLibrary (318)
[2017.06.28-01.22.16:119][232]LogModuleManager: Shutting down and abandoning module OculusInput (316)
[2017.06.28-01.22.16:119][232]LogModuleManager: Shutting down and abandoning module MobilePatchingUtils (314)
[2017.06.28-01.22.16:119][232]LogModuleManager: Shutting down and abandoning module CustomMeshComponent (312)
[2017.06.28-01.22.16:119][232]LogModuleManager: Shutting down and abandoning module CableComponent (310)
[2017.06.28-01.22.16:119][232]LogModuleManager: Shutting down and abandoning module ArchVisCharacter (308)
[2017.06.28-01.22.16:119][232]LogModuleManager: Shutting down and abandoning module AndroidPermission (306)
[2017.06.28-01.22.16:119][232]LogModuleManager: Shutting down and abandoning module MediaPlayerEditor (302)
[2017.06.28-01.22.16:119][232]LogModuleManager: Shutting down and abandoning module HTML5Networking (300)
[2017.06.28-01.22.16:119][232]LogModuleManager: Shutting down and abandoning module AlembicImporter (298)
[2017.06.28-01.22.16:119][232]LogModuleManager: Shutting down and abandoning module AlembicLibrary (297)
[2017.06.28-01.22.16:119][232]LogModuleManager: Shutting down and abandoning module GeometryCache (296)
[2017.06.28-01.22.16:119][232]LogModuleManager: Shutting down and abandoning module GeometryCacheEd (295)
[2017.06.28-01.22.16:119][232]LogModuleManager: Shutting down and abandoning module SuperSearchEditor (290)
[2017.06.28-01.22.16:119][232]LogModuleManager: Shutting down and abandoning module SuperSearch (289)
[2017.06.28-01.22.16:119][232]LogModuleManager: Shutting down and abandoning module SpeedTreeImporter (286)
[2017.06.28-01.22.16:119][232]LogModuleManager: Shutting down and abandoning module PluginBrowser (284)
[2017.06.28-01.22.16:119][232]LogModuleManager: Shutting down and abandoning module MobileLauncherProfileWizard (282)
[2017.06.28-01.22.16:119][232]LogModuleManager: Shutting down and abandoning module VisualStudioSourceCodeAccess (280)
[2017.06.28-01.22.16:119][232]LogModuleManager: Shutting down and abandoning module DesktopPlatform (279)
[2017.06.28-01.22.16:119][232]LogModuleManager: Shutting down and abandoning module UObjectPlugin (276)
[2017.06.28-01.22.16:119][232]LogModuleManager: Shutting down and abandoning module SubversionSourceControl (274)
[2017.06.28-01.22.16:119][232]LogModuleManager: Shutting down and abandoning module PerforceSourceControl (272)
[2017.06.28-01.22.16:119][232]LogModuleManager: Shutting down and abandoning module GitSourceControl (270)
[2017.06.28-01.22.16:120][232]LogModuleManager: Shutting down and abandoning module SourceControl (269)
[2017.06.28-01.22.16:120][232]LogModuleManager: Shutting down and abandoning module LightPropagationVolumeEditor (266)
[2017.06.28-01.22.16:120][232]LogModuleManager: Shutting down and abandoning module PaperTiledImporter (264)
[2017.06.28-01.22.16:120][232]LogModuleManager: Shutting down and abandoning module PaperSpriteSheetImporter (262)
[2017.06.28-01.22.16:120][232]LogModuleManager: Shutting down and abandoning module Paper2DEditor (260)
[2017.06.28-01.22.16:120][232]LogModuleManager: Shutting down and abandoning module MeshPaint (259)
[2017.06.28-01.22.16:120][232]LogModuleManager: Shutting down and abandoning module LevelEditor (257)
[2017.06.28-01.22.16:120][232]LogModuleManager: Shutting down and abandoning module PixelInspectorModule (256)
[2017.06.28-01.22.16:120][232]LogModuleManager: Shutting down and abandoning module MainFrame (254)
[2017.06.28-01.22.16:120][232]LogModuleManager: Shutting down and abandoning module HotReload (253)
[2017.06.28-01.22.16:120][232]LogModuleManager: Shutting down and abandoning module PhysXVehiclesEditor (248)
[2017.06.28-01.22.16:120][232]LogModuleManager: Shutting down and abandoning module PhysXVehicles (246)
[2017.06.28-01.22.16:120][232]LogModuleManager: Shutting down and abandoning module LocationServicesBPLibrary (244)
[2017.06.28-01.22.16:120][232]LogModuleManager: Shutting down and abandoning module ImmediatePhysicsEditor (242)
[2017.06.28-01.22.16:120][232]LogModuleManager: Shutting down and abandoning module ImmediatePhysics (240)
[2017.06.28-01.22.16:120][232]LogModuleManager: Shutting down and abandoning module UdpMessaging (238)
[2017.06.28-01.22.16:221][232]LogModuleManager: Shutting down and abandoning module TcpMessaging (236)
[2017.06.28-01.22.16:321][232]LogModuleManager: Shutting down and abandoning module SubstanceCore (234)
[2017.06.28-01.22.16:321][232]LogModuleManager: Shutting down and abandoning module GameplayTagsEditor (232)
[2017.06.28-01.22.16:321][232]LogModuleManager: Shutting down and abandoning module FacialAnimationEditor (230)
[2017.06.28-01.22.16:321][232]LogModuleManager: Shutting down and abandoning module FacialAnimation (228)
[2017.06.28-01.22.16:321][232]LogModuleManager: Shutting down and abandoning module AssetManagerEditor (226)
[2017.06.28-01.22.16:321][232]LogModuleManager: Shutting down and abandoning module GraphEditor (225)
[2017.06.28-01.22.16:321][232]LogModuleManager: Shutting down and abandoning module ContentBrowser (223)
[2017.06.28-01.22.16:322][232]LogModuleManager: Shutting down and abandoning module LightPropagationVolumeRuntime (220)
[2017.06.28-01.22.16:322][232]LogModuleManager: Shutting down and abandoning module Paper2D (218)
[2017.06.28-01.22.16:322][232]LogModuleManager: Shutting down and abandoning module WindowsMoviePlayer (216)
[2017.06.28-01.22.16:322][232]LogModuleManager: Shutting down and abandoning module WmfMedia (214)
[2017.06.28-01.22.16:322][232]LogModuleManager: Shutting down and abandoning module ClothingSystemEditor (212)
[2017.06.28-01.22.16:322][232]LogModuleManager: Shutting down and abandoning module ClothingSystemRuntime (210)
[2017.06.28-01.22.16:322][232]LogModuleManager: Shutting down and abandoning module MediaAssets (208)
[2017.06.28-01.22.16:322][232]LogModuleManager: Shutting down and abandoning module GameLiveStreaming (206)
[2017.06.28-01.22.16:322][232]LogModuleManager: Shutting down and abandoning module VREditor (204)
[2017.06.28-01.22.16:322][232]LogModuleManager: Shutting down and abandoning module StringTableEditor (202)
[2017.06.28-01.22.16:322][232]LogModuleManager: Shutting down and abandoning module GameplayTasksEditor (200)
[2017.06.28-01.22.16:322][232]LogModuleManager: Shutting down and abandoning module BehaviorTreeEditor (198)
[2017.06.28-01.22.16:322][232]LogModuleManager: Shutting down and abandoning module FunctionalTesting (196)
[2017.06.28-01.22.16:322][232]LogModuleManager: Shutting down and abandoning module CollisionAnalyzer (194)
[2017.06.28-01.22.16:322][232]LogModuleManager: Shutting down and abandoning module UMG (192)
[2017.06.28-01.22.16:322][232]LogModuleManager: Shutting down and abandoning module UMGEditor (191)
[2017.06.28-01.22.16:322][232]LogModuleManager: Shutting down and abandoning module Sequencer (190)
[2017.06.28-01.22.16:322][232]LogModuleManager: Shutting down and abandoning module AssetTools (188)
[2017.06.28-01.22.16:323][232]LogModuleManager: Shutting down and abandoning module MessageLog (187)
[2017.06.28-01.22.16:323][232]LogModuleManager: Shutting down and abandoning module WorkspaceMenuStructure (186)
[2017.06.28-01.22.16:323][232]LogModuleManager: Shutting down and abandoning module SlateReflector (180)
[2017.06.28-01.22.16:323][232]LogModuleManager: Shutting down and abandoning module Slate (178)
[2017.06.28-01.22.16:323][232]LogModuleManager: Shutting down and abandoning module EditorStyle (176)
[2017.06.28-01.22.16:325][232]LogModuleManager: Shutting down and abandoning module SourceCodeAccess (174)
[2017.06.28-01.22.16:325][232]LogModuleManager: Shutting down and abandoning module HeadMountedDisplay (172)
[2017.06.28-01.22.16:325][232]LogModuleManager: Shutting down and abandoning module XAudio2 (170)
[2017.06.28-01.22.16:325][232]LogModuleManager: Shutting down and abandoning module Networking (168)
[2017.06.28-01.22.16:325][232]LogModuleManager: Shutting down and abandoning module Core (164)
[2017.06.28-01.22.16:325][232]LogModuleManager: Shutting down and abandoning module AssetRegistry (162)
[2017.06.28-01.22.16:518][232]LogDirectoryWatcher: A directory notification for '../../../Engine/Content/' was aborted.
[2017.06.28-01.22.16:518][232]LogDirectoryWatcher: A directory notification for 'H:/UnrealProjects/VRMobileScalable/Content/' was aborted.
[2017.06.28-01.22.16:518][232]LogDirectoryWatcher: A directory notification for '../../../Engine/Plugins/2D/Paper2D/Content/' was aborted.
[2017.06.28-01.22.16:518][232]LogDirectoryWatcher: A directory notification for '../../../Engine/Plugins/Runtime/GearVR/Content/' was aborted.
[2017.06.28-01.22.16:521][232]LogModuleManager: Shutting down and abandoning module DirectoryWatcher (161)
[2017.06.28-01.22.16:521][232]LogModuleManager: Shutting down and abandoning module KismetCompiler (158)
[2017.06.28-01.22.16:521][232]LogModuleManager: Shutting down and abandoning module LevelSequence (156)
[2017.06.28-01.22.16:521][232]LogModuleManager: Shutting down and abandoning module PhysXFormats (154)
[2017.06.28-01.22.16:521][232]LogModuleManager: Shutting down and abandoning module MeshUtilities (152)
[2017.06.28-01.22.16:522][232]LogModuleManager: Shutting down and abandoning module SimplygonSwarm (151)
[2017.06.28-01.22.16:522][232]LogModuleManager: Shutting down and abandoning module SimplygonMeshReduction (149)
[2017.06.28-01.22.16:522][232]LogModuleManager: Shutting down and abandoning module QuadricMeshReduction (147)
[2017.06.28-01.22.16:522][232]LogModuleManager: Shutting down and abandoning module DerivedDataCache (144)
[2017.06.28-01.22.16:581][232]LogDerivedDataCache: Shutdown
[2017.06.28-01.22.16:581][232]LogModuleManager: Shutting down and abandoning module TargetPlatform (142)
[2017.06.28-01.22.16:581][232]LogModuleManager: Shutting down and abandoning module VulkanShaderFormat (141)
[2017.06.28-01.22.16:581][232]LogModuleManager: Shutting down and abandoning module ShaderFormatVectorVM (139)
[2017.06.28-01.22.16:581][232]LogModuleManager: Shutting down and abandoning module ShaderFormatOpenGL (137)
[2017.06.28-01.22.16:581][232]LogModuleManager: Shutting down and abandoning module ShaderFormatD3D (135)
[2017.06.28-01.22.16:581][232]LogModuleManager: Shutting down and abandoning module MetalShaderFormat (133)
[2017.06.28-01.22.16:581][232]LogModuleManager: Shutting down and abandoning module TextureFormatUncompressed (131)
[2017.06.28-01.22.16:581][232]LogModuleManager: Shutting down and abandoning module TextureFormatPVR (129)
[2017.06.28-01.22.16:581][232]LogModuleManager: Shutting down and abandoning module TextureFormatDXT (127)
[2017.06.28-01.22.16:581][232]LogModuleManager: Shutting down and abandoning module TextureFormatIntelISPCTexComp (125)
[2017.06.28-01.22.16:581][232]LogModuleManager: Shutting down and abandoning module TextureFormatASTC (123)
[2017.06.28-01.22.16:581][232]LogModuleManager: Shutting down and abandoning module ImageWrapper (122)
[2017.06.28-01.22.16:581][232]LogModuleManager: Shutting down and abandoning module TextureFormatAndroid (119)
[2017.06.28-01.22.16:581][232]LogModuleManager: Shutting down and abandoning module AudioFormatOpus (117)
[2017.06.28-01.22.16:581][232]LogModuleManager: Shutting down and abandoning module AudioFormatOgg (115)
[2017.06.28-01.22.16:581][232]LogModuleManager: Shutting down and abandoning module AudioFormatADPCM (113)
[2017.06.28-01.22.16:581][232]LogModuleManager: Shutting down and abandoning module LinuxTargetPlatform (111)
[2017.06.28-01.22.16:581][232]LogModuleManager: Shutting down and abandoning module LinuxServerTargetPlatform (109)
[2017.06.28-01.22.16:581][232]LogModuleManager: Shutting down and abandoning module LinuxNoEditorTargetPlatform (107)
[2017.06.28-01.22.16:581][232]LogModuleManager: Shutting down and abandoning module LinuxClientTargetPlatform (105)
[2017.06.28-01.22.16:581][232]LogModuleManager: Shutting down and abandoning module TVOSTargetPlatform (103)
[2017.06.28-01.22.16:581][232]LogModuleManager: Shutting down and abandoning module Messaging (101)
[2017.06.28-01.22.16:581][232]LogModuleManager: Shutting down and abandoning module IOSTargetPlatform (99)
[2017.06.28-01.22.16:581][232]LogModuleManager: Shutting down and abandoning module HTML5TargetPlatform (97)
[2017.06.28-01.22.16:581][232]LogModuleManager: Shutting down and abandoning module Android_PVRTCTargetPlatform (95)
[2017.06.28-01.22.16:581][232]LogModuleManager: Shutting down and abandoning module Android_MultiTargetPlatform (93)
[2017.06.28-01.22.16:581][232]LogModuleManager: Shutting down and abandoning module Android_ETC2TargetPlatform (91)
[2017.06.28-01.22.16:581][232]LogModuleManager: Shutting down and abandoning module Android_ETC1TargetPlatform (89)
[2017.06.28-01.22.16:581][232]LogModuleManager: Shutting down and abandoning module Android_DXTTargetPlatform (87)
[2017.06.28-01.22.16:581][232]LogModuleManager: Shutting down and abandoning module Android_ATCTargetPlatform (85)
[2017.06.28-01.22.16:581][232]LogModuleManager: Shutting down and abandoning module Android_ASTCTargetPlatform (83)
[2017.06.28-01.22.16:581][232]LogModuleManager: Shutting down and abandoning module AndroidTargetPlatform (81)
[2017.06.28-01.22.16:581][232]LogModuleManager: Shutting down and abandoning module WindowsTargetPlatform (79)
[2017.06.28-01.22.16:581][232]LogModuleManager: Shutting down and abandoning module WindowsServerTargetPlatform (77)
[2017.06.28-01.22.16:581][232]LogModuleManager: Shutting down and abandoning module WindowsNoEditorTargetPlatform (75)
[2017.06.28-01.22.16:581][232]LogModuleManager: Shutting down and abandoning module WindowsClientTargetPlatform (73)
[2017.06.28-01.22.16:581][232]LogModuleManager: Shutting down and abandoning module MacTargetPlatform (71)
[2017.06.28-01.22.16:581][232]LogModuleManager: Shutting down and abandoning module MacServerTargetPlatform (69)
[2017.06.28-01.22.16:581][232]LogModuleManager: Shutting down and abandoning module MacNoEditorTargetPlatform (67)
[2017.06.28-01.22.16:581][232]LogModuleManager: Shutting down and abandoning module MacClientTargetPlatform (65)
[2017.06.28-01.22.16:581][232]LogModuleManager: Shutting down and abandoning module AllDesktopTargetPlatform (63)
[2017.06.28-01.22.16:581][232]LogModuleManager: Shutting down and abandoning module InputCore (60)
[2017.06.28-01.22.16:581][232]LogModuleManager: Shutting down and abandoning module Settings (58)
[2017.06.28-01.22.16:582][232]LogModuleManager: Shutting down and abandoning module OculusRift (56)
[2017.06.28-01.22.16:582][232]LogModuleManager: Shutting down and abandoning module GearVRController (54)
[2017.06.28-01.22.16:582][232]LogModuleManager: Shutting down and abandoning module GearVR (52)
[2017.06.28-01.22.16:582][232]LogModuleManager: Shutting down and abandoning module ExampleDeviceProfileSelector (50)
[2017.06.28-01.22.16:582][232]LogModuleManager: Shutting down and abandoning module OnlineBlueprintSupport (48)
[2017.06.28-01.22.16:582][232]LogModuleManager: Shutting down and abandoning module OnlineSubsystem (44)
[2017.06.28-01.22.16:582][232]LogOnline:Display: Unloading online subsystem: NULL
[2017.06.28-01.22.16:582][232]LogModuleManager: Shutting down and abandoning module XMPP (43)
[2017.06.28-01.22.16:582][232]LogModuleManager: Shutting down and abandoning module HTTP (41)
[2017.06.28-01.22.16:582][232]LogHttp:Display: Http module shutting down, but needs to wait on 1 outstanding Http requests:
[2017.06.28-01.22.16:582][232]LogHttp:Display: 	verb=[POST] url=[https://datarouter.ol.epicgames.com/datarouter/api/v1/public/data?SessionID=%7B2B0BC2D4-4B41-4AF0-61E4-0C92C210EF3A%7D&AppID=UEEditor.Rocket.Release&AppVersion=4.16.1-3466753%2B%2B%2BUE4%2BRelease-4.16&UserID=f97e27c542cf35a05c58b18006c58f43%7C874c566fab4d4d43bfd5064effd8eea5%7Cae763ea4-ab73-4209-8aa1-7cfa082d9280&AppEnvironment=datacollector-binary&UploadType=eteventstream] status=Processing
[2017.06.28-01.22.16:603][232]LogModuleManager: Shutting down and abandoning module SSL (40)
[2017.06.28-01.22.16:604][232]LogModuleManager: Shutting down and abandoning module HTTPChunkInstaller (36)
[2017.06.28-01.22.16:604][232]LogModuleManager: Shutting down and abandoning module AnimationModifiers (34)
[2017.06.28-01.22.16:604][232]LogModuleManager: Shutting down and abandoning module PropertyEditor (33)
[2017.06.28-01.22.16:604][232]LogModuleManager: Shutting down and abandoning module AudioEditor (30)
[2017.06.28-01.22.16:604][232]LogModuleManager: Shutting down and abandoning module TextureCompressor (28)
[2017.06.28-01.22.16:604][232]LogModuleManager: Shutting down and abandoning module ShaderCore (26)
[2017.06.28-01.22.16:604][232]LogModuleManager: Shutting down and abandoning module Landscape (24)
[2017.06.28-01.22.16:604][232]LogModuleManager: Shutting down and abandoning module SlateRHIRenderer (22)
[2017.06.28-01.22.16:605][232]LogModuleManager: Shutting down and abandoning module OpenGLDrv (20)
[2017.06.28-01.22.16:605][232]LogModuleManager: Shutting down and abandoning module D3D11RHI (18)
[2017.06.28-01.22.16:605][232]LogModuleManager: Shutting down and abandoning module AnimGraphRuntime (16)
[2017.06.28-01.22.16:605][232]LogModuleManager: Shutting down and abandoning module Renderer (14)
[2017.06.28-01.22.16:605][232]LogModuleManager: Shutting down and abandoning module Engine (12)
[2017.06.28-01.22.16:605][232]LogModuleManager: Shutting down and abandoning module CoreUObject (10)
[2017.06.28-01.22.16:605][232]LogModuleManager: Shutting down and abandoning module NetworkFile (8)
[2017.06.28-01.22.16:605][232]LogModuleManager: Shutting down and abandoning module StreamingFile (6)
[2017.06.28-01.22.16:605][232]LogModuleManager: Shutting down and abandoning module SandboxFile (4)
[2017.06.28-01.22.16:605][232]LogModuleManager: Shutting down and abandoning module PakFile (2)
[2017.06.28-01.22.16:606][232]LogExit: Exiting.
[2017.06.28-01.22.16:615][232]Log file closed, 06/27/17 21:22:16
