Log file open, 07/02/17 13:57:20
LogInit:Display: Running engine for game: VRMobileScalable
LogPlatformFile: Not using cached read wrapper
LogInit:Display: RandInit(-1036890328) SRandInit(-1036890328).
LogTaskGraph: Started task graph with 5 named threads and 10 total threads with 1 sets of task threads.
LogStats: Stats thread started at 0.107484
LogInit: Using libcurl 7.47.1
LogInit:  - built for x86_64-pc-win32
LogInit:  - supports SSL with OpenSSL/1.0.2g
LogInit:  - supports HTTP deflate (compression) using libz 1.2.8
LogInit:  - other features:
LogInit:      CURL_VERSION_SSL
LogInit:      CURL_VERSION_LIBZ
LogInit:      CURL_VERSION_IPV6
LogInit:      CURL_VERSION_ASYNCHDNS
LogInit:      CURL_VERSION_LARGEFILE
LogInit:      CURL_VERSION_IDN
LogInit:  CurlRequestOptions (configurable via config and command line):
LogInit:  - bVerifyPeer = false  - Libcurl will NOT verify peer certificate
LogInit:  - bUseHttpProxy = false  - Libcurl will NOT use HTTP proxy
LogInit:  - bDontReuseConnections = false  - Libcurl will reuse connections
LogInit:  - CertBundlePath = nullptr  - Libcurl will use whatever was configured at build time.
LogInit: Build: ++UE4+Release-4.16-CL-3466753
LogInit: Engine Version: 4.16.1-3466753+++UE4+Release-4.16
LogInit: Compatible Engine Version: 4.16.0-3452394+++UE4+Release-4.16
LogInit: Net CL: 3452394
LogDevObjectVersion: Number of dev versions registered: 16
LogDevObjectVersion:   Dev-Blueprints (B0D832E4-1F89-4F0D-ACCF-7EB736FD4AA2): 9
LogDevObjectVersion:   Dev-Build (E1C64328-A22C-4D53-A36C-8E866417BD8C): 0
LogDevObjectVersion:   Dev-Core (375EC13C-06E4-48FB-B500-84F0262A717E): 2
LogDevObjectVersion:   Dev-Editor (E4B068ED-F494-42E9-A231-DA0B2E46BB41): 17
LogDevObjectVersion:   Dev-Framework (CFFC743F-43B0-4480-9391-14DF171D2073): 23
LogDevObjectVersion:   Dev-Mobile (B02B49B5-BB20-44E9-A304-32B752E40360): 0
LogDevObjectVersion:   Dev-Networking (A4E4105C-59A1-49B5-A7C5-40C4547EDFEE): 0
LogDevObjectVersion:   Dev-Online (39C831C9-5AE6-47DC-9A44-9C173E1C8E7C): 0
LogDevObjectVersion:   Dev-Physics (78F01B33-EBEA-4F98-B9B4-84EACCB95AA2): 0
LogDevObjectVersion:   Dev-Platform (6631380F-2D4D-43E0-8009-CF276956A95A): 0
LogDevObjectVersion:   Dev-Rendering (12F88B9F-8875-4AFC-A67C-D90C383ABD29): 15
LogDevObjectVersion:   Dev-Sequencer (7B5AE74C-D270-4C10-A958-57980B212A5A): 4
LogDevObjectVersion:   Dev-VR (D7296918-1DD6-4BDD-9DE2-64A83CC13884): 0
LogDevObjectVersion:   Dev-LoadTimes (C2A15278-BFE7-4AFE-6C17-90FF531DF755): 1
LogDevObjectVersion:   Private-Geometry (6EACA3D4-40EC-4CC1-B786-8BED09428FC5): 1
LogDevObjectVersion:   Dev-AnimPhys (29E575DD-E0A3-4627-9D10-D276232CDCEA): 3
LogInit: Compiled (64-bit): May 31 2017 02:03:30
LogInit: Compiled with Visual C++: 19.00.24215.01
LogInit: Build Configuration: Development
LogInit: Branch Name: ++UE4+Release-4.16
LogInit: Command line: -EpicPortal 
LogInit: Base directory: G:/Epic Games/UE_4.16/Engine/Binaries/Win64/
LogInit: Installed Engine Build: 1
LogInit: Presizing for max 8388607 objects, including 0 objects not considered by GC, pre-allocating 0 bytes for permanent pool.
LogInit: Object subsystem initialized
[2017.07.02-17.57.20:875][  0]LogInit: Selected Device Profile: [Windows]
[2017.07.02-17.57.20:875][  0]LogInit: Applying CVar settings loaded from the selected device profile: [Windows]
[2017.07.02-17.57.20:884][  0]LogInit: Computer: THERMALWIND
[2017.07.02-17.57.20:884][  0]LogInit: User: 3DSim
[2017.07.02-17.57.20:884][  0]LogInit: CPU Page size=4096, Cores=6
[2017.07.02-17.57.20:884][  0]LogInit: High frequency timer resolution =3.416977 MHz
[2017.07.02-17.57.20:884][  0]LogMemory: Memory total: Physical=47.9GB (48GB approx)
[2017.07.02-17.57.20:884][  0]LogMemory: Platform Memory Stats for Windows
[2017.07.02-17.57.20:884][  0]LogMemory: Process Physical Memory: 273.77 MB used, 273.77 MB peak
[2017.07.02-17.57.20:884][  0]LogMemory: Process Virtual Memory: 267.21 MB used, 267.21 MB peak
[2017.07.02-17.57.20:884][  0]LogMemory: Physical Memory: 14793.84 MB used,  34251.72 MB free, 49045.56 MB total
[2017.07.02-17.57.20:884][  0]LogMemory: Virtual Memory: 647.88 MB used,  34251.72 MB free, 134217728.00 MB total
[2017.07.02-17.57.20:936][  0]LogInit: Using OS detected language (en-US).
[2017.07.02-17.57.20:936][  0]LogInit: Using OS detected locale (en-US).
[2017.07.02-17.57.20:941][  0]LogTextLocalizationManager: No specific localization for 'en-US' exists, so the 'en' localization will be used.
[2017.07.02-17.57.21:913][  0]LogD3D11RHI: D3D11 adapters:
[2017.07.02-17.57.22:574][  0]LogD3D11RHI:    0. 'NVIDIA GeForce GTX TITAN X' (Feature Level 11_0)
[2017.07.02-17.57.22:574][  0]LogD3D11RHI:       12244/0/24522 MB DedicatedVideo/DedicatedSystem/SharedSystem, Outputs:2, VendorId:0x10de
[2017.07.02-17.57.22:575][  0]LogD3D11RHI:    1. 'Microsoft Basic Render Driver' (Feature Level 11_0)
[2017.07.02-17.57.22:575][  0]LogD3D11RHI:       0/0/24522 MB DedicatedVideo/DedicatedSystem/SharedSystem, Outputs:0, VendorId:0x1414
[2017.07.02-17.57.22:575][  0]LogD3D11RHI: Chosen D3D11 Adapter: 0
[2017.07.02-17.57.22:584][  0]LogD3D11RHI: Creating new Direct3DDevice
[2017.07.02-17.57.22:584][  0]LogD3D11RHI:     GPU DeviceId: 0x17c2 (for the marketing name, search the web for "GPU Device Id")
[2017.07.02-17.57.22:584][  0]LogWindows: EnumDisplayDevices:
[2017.07.02-17.57.22:584][  0]LogWindows:    0. 'NVIDIA GeForce GTX TITAN X' (P:1 D:1)
[2017.07.02-17.57.22:584][  0]LogWindows:    1. 'NVIDIA GeForce GTX TITAN X' (P:0 D:1)
[2017.07.02-17.57.22:584][  0]LogWindows:    2. 'NVIDIA GeForce GTX TITAN X' (P:0 D:0)
[2017.07.02-17.57.22:584][  0]LogWindows:    3. 'NVIDIA GeForce GTX TITAN X' (P:0 D:0)
[2017.07.02-17.57.22:584][  0]LogWindows: DebugString: FoundDriverCount:4 
[2017.07.02-17.57.22:584][  0]LogD3D11RHI:     Adapter Name: NVIDIA GeForce GTX TITAN X
[2017.07.02-17.57.22:584][  0]LogD3D11RHI:   Driver Version: 382.33 (internal:22.21.13.8233, unified:382.33)
[2017.07.02-17.57.22:584][  0]LogD3D11RHI:      Driver Date: 5-17-2017
[2017.07.02-17.57.22:584][  0]LogRHI: Texture pool is 1361 MB (70% of 1945 MB)
[2017.07.02-17.57.23:242][  0]LogD3D11RHI: Async texture creation enabled
[2017.07.02-17.57.23:274][  0]LogD3D11RHI: GPU Timing Frequency: 1000.000000 (Debug: 2 1)
[2017.07.02-17.57.23:366][  0]LogShaderCompilers: Guid format shader working directory is 11 characters bigger than the processId version (H:/UnrealProjects/VRMobileScalable/Intermediate/Shaders/WorkingDirectory/13536/).
[2017.07.02-17.57.23:366][  0]LogShaderCompilers: Cleaned the shader compiler working directory 'C:/Users/3DSim/AppData/Local/Temp/UnrealShaderWorkingDir/AA7F97F04B945282559635B31DAB3B57/'.
[2017.07.02-17.57.23:366][  0]LogShaderCompilers:Display: Using Local Shader Compiler.
[2017.07.02-17.57.24:444][  0]LogTemp:Display: Loaded TP AllDesktopTargetPlatform
[2017.07.02-17.57.24:494][  0]LogTemp:Display: Loaded TP MacClientTargetPlatform
[2017.07.02-17.57.24:538][  0]LogTemp:Display: Loaded TP MacNoEditorTargetPlatform
[2017.07.02-17.57.24:581][  0]LogTemp:Display: Loaded TP MacServerTargetPlatform
[2017.07.02-17.57.24:627][  0]LogTemp:Display: Loaded TP MacTargetPlatform
[2017.07.02-17.57.24:671][  0]LogTemp:Display: Loaded TP WindowsClientTargetPlatform
[2017.07.02-17.57.24:718][  0]LogTemp:Display: Loaded TP WindowsNoEditorTargetPlatform
[2017.07.02-17.57.24:766][  0]LogTemp:Display: Loaded TP WindowsServerTargetPlatform
[2017.07.02-17.57.24:812][  0]LogTemp:Display: Loaded TP WindowsTargetPlatform
[2017.07.02-17.57.24:856][  0]LogTemp:Display: Loaded TP AndroidTargetPlatform
[2017.07.02-17.57.24:900][  0]LogTemp:Display: Loaded TP Android_ASTCTargetPlatform
[2017.07.02-17.57.24:943][  0]LogTemp:Display: Loaded TP Android_ATCTargetPlatform
[2017.07.02-17.57.24:987][  0]LogTemp:Display: Loaded TP Android_DXTTargetPlatform
[2017.07.02-17.57.25:030][  0]LogTemp:Display: Loaded TP Android_ETC1TargetPlatform
[2017.07.02-17.57.25:076][  0]LogTemp:Display: Loaded TP Android_ETC2TargetPlatform
[2017.07.02-17.57.25:170][  0]LogTemp:Display: Loaded TP Android_MultiTargetPlatform
[2017.07.02-17.57.25:170][  0]LogTemp:Display: Loaded TP Android_PVRTCTargetPlatform
[2017.07.02-17.57.25:207][  0]LogTemp:Display: Loaded TP HTML5TargetPlatform
[2017.07.02-17.57.25:295][  0]LogTemp:Display: Loaded TP IOSTargetPlatform
[2017.07.02-17.57.25:321][  0]LogTemp:Display: Loaded TP TVOSTargetPlatform
[2017.07.02-17.57.25:372][  0]LogTemp:Display: Loaded TP LinuxClientTargetPlatform
[2017.07.02-17.57.25:414][  0]LogTemp:Display: Loaded TP LinuxNoEditorTargetPlatform
[2017.07.02-17.57.25:456][  0]LogTemp:Display: Loaded TP LinuxServerTargetPlatform
[2017.07.02-17.57.25:498][  0]LogTemp:Display: Loaded TP LinuxTargetPlatform
[2017.07.02-17.57.25:498][  0]LogTargetPlatformManager:Display: Building Assets For Windows
[2017.07.02-17.57.25:893][  0]LogDerivedDataCache:Display: Max Cache Size: 512 MB
[2017.07.02-17.57.26:003][  0]LogDerivedDataCache: Loaded boot cache 0.11s 103MB C:/Users/3DSim/AppData/Local/UnrealEngine/4.16/DerivedDataCache/Boot.ddc.
[2017.07.02-17.57.26:003][  0]LogDerivedDataCache:Display: Loaded Boot cache: C:/Users/3DSim/AppData/Local/UnrealEngine/4.16/DerivedDataCache/Boot.ddc
[2017.07.02-17.57.26:003][  0]LogDerivedDataCache: FDerivedDataBackendGraph:  Pak pak cache file H:/UnrealProjects/VRMobileScalable/DerivedDataCache/DDC.ddp not found, will not use a pak cache.
[2017.07.02-17.57.26:003][  0]LogDerivedDataCache: Unable to find inner node Pak for hierarchical cache Hierarchy.
[2017.07.02-17.57.26:003][  0]LogDerivedDataCache: FDerivedDataBackendGraph:  CompressedPak pak cache file H:/UnrealProjects/VRMobileScalable/DerivedDataCache/Compressed.ddp not found, will not use a pak cache.
[2017.07.02-17.57.26:003][  0]LogDerivedDataCache: Unable to find inner node CompressedPak for hierarchical cache Hierarchy.
[2017.07.02-17.57.26:019][  0]LogDerivedDataCache:Display: Pak cache opened for reading ../../../Engine/DerivedDataCache/Compressed.ddp.
[2017.07.02-17.57.26:031][  0]LogDerivedDataCache: Using Local data cache path C:/Users/3DSim/AppData/Local/UnrealEngine/Common/DerivedDataCache: Writable
[2017.07.02-17.57.26:041][  0]LogMaterial: Verifying Global Shaders for PCD3D_SM5
[2017.07.02-17.57.26:041][  0]LogSlate: Using Freetype 2.6.0
[2017.07.02-17.57.26:043][  0]LogSlate: SlateFontCache - WITH_FREETYPE: 1, WITH_HARFBUZZ: 1
[2017.07.02-17.57.26:043][  0]LogSlate: SlateFontCache - WITH_FREETYPE: 1, WITH_HARFBUZZ: 1
[2017.07.02-17.57.26:394][  0]LogInit: Selected Device Profile: [Windows]
[2017.07.02-17.57.26:468][  0]LogContentStreaming: Texture pool size is 0.00 MB
[2017.07.02-17.57.26:628][  0]LogMeshUtilities: Using QuadricMeshReduction for automatic static mesh reduction
[2017.07.02-17.57.26:665][  0]LogSimplygon: Simplygon DLL not present - disabling.
[2017.07.02-17.57.26:703][  0]LogMeshUtilities: Using SimplygonSwarm for distributed automatic mesh merging
[2017.07.02-17.57.26:703][  0]LogMeshUtilities: No automatic skeletal mesh reduction module available
[2017.07.02-17.57.26:703][  0]LogMeshUtilities: No automatic mesh merging module available
[2017.07.02-17.57.27:215][  0]LogNetVersion: VRMobileScalable , NetCL: 3452394, EngineNetVer: 2, GameNetVer: 0 (Checksum: 3431896694)
[2017.07.02-17.57.27:271][  0]LogAssetRegistry: FAssetRegistry took 0.0250 seconds to start up
[2017.07.02-17.57.27:314][  0]LogPackageLocalizationCache: Processed 4 localized package path(s) for 2 prioritized culture(s) in 0.025218 seconds
[2017.07.02-17.57.27:319][  0]LogUObjectArray: 34194 objects as part of root set at end of initial load.
[2017.07.02-17.57.27:319][  0]LogUObjectAllocator: 7260416 out of 0 bytes used by permanent object pool.
[2017.07.02-17.57.27:319][  0]LogUObjectArray: CloseDisregardForGC: 0/0 objects in disregard for GC pool
[2017.07.02-17.57.27:365][  0]LogInit: WinSock: version 1.1 (2.2), MaxSocks=32767, MaxUdp=65467
[2017.07.02-17.57.30:023][  0]LogSubstanceCoreModule: Substance [CPU] Engine Loaded, Max Texture Size = 2048
[2017.07.02-17.57.30:046][  0]LogTcpMessaging: Initializing TcpMessaging bridge
[2017.07.02-17.57.30:081][  0]LogUdpMessaging: Initializing bridge on interface 0.0.0.0:0 to multicast group 230.0.0.1:6666.
[2017.07.02-17.57.30:534][  0]LogMaterial: Uniform references updated for custom material expression Custom.
[2017.07.02-17.57.30:881][  0]SourceControl: Info Source control is disabled
[2017.07.02-17.57.30:883][  0]SourceControl: Info Source control is disabled
[2017.07.02-17.57.30:921][  0]SourceControl: Info Source control is disabled
[2017.07.02-17.57.30:960][  0]SourceControl: Info Source control is disabled
[2017.07.02-17.57.31:513][  0]LogAndroidPermission: UAndroidPermissionCallbackProxy::GetInstance
[2017.07.02-17.57.32:074][  0]LogEngine: Initializing Engine...
[2017.07.02-17.57.35:639][  0]LogHMD: SteamVR initialized.  Driver: lighthouse  Display: LHR-BFAFBB1F
[2017.07.02-17.57.35:844][  0]LogStats: UGameplayTagsManager::ConstructGameplayTagTree: Construct from data asset -  0.000 s
[2017.07.02-17.57.35:844][  0]LogStats: UGameplayTagsManager::ConstructGameplayTagTree: GameplayTagTreeChangedEvent.Broadcast -  0.000 s
[2017.07.02-17.57.35:943][  0]LogAIModule: Creating AISystem for world Untitled
[2017.07.02-17.57.35:963][  0]LogInit: XAudio2 using 'HTC-VIVE-8 (NVIDIA High Definition Audio)' : 2 channels at 48 kHz using 16 bits per sample (channel mask 0x3)
[2017.07.02-17.57.35:973][  0]LogInit: FAudioDevice initialized.
[2017.07.02-17.57.36:021][  0]LogDerivedDataCache: Saved boot cache 0.05s 103MB C:/Users/3DSim/AppData/Local/UnrealEngine/4.16/DerivedDataCache/Boot.ddc.
[2017.07.02-17.57.36:037][  0]LogInit: Texture streaming: Enabled
[2017.07.02-17.57.36:107][  0]LogEngineSessionManager: EngineSessionManager initialized
[2017.07.02-17.57.36:283][  0]LogInit: Transaction tracking system initialized
[2017.07.02-17.57.36:523][  0]BlueprintLog: New page: Editor Load
[2017.07.02-17.57.37:253][  0]LocalizationService: Info Localization service is disabled
[2017.07.02-17.57.37:790][  0]LogConsoleResponse:Display: 
[2017.07.02-17.57.37:926][  0]LogCook:Display: Max memory allowance for cook 16384mb min free memory 0mb
[2017.07.02-17.57.37:926][  0]LogCook:Display: Mobile HDR setting 0
[2017.07.02-17.57.38:742][  0]LogFileCache: Scanning file cache for directory 'H:/UnrealProjects/VRMobileScalable/Content/' took 0.02s
[2017.07.02-17.57.38:742][  0]SourceControl: Info Source control is disabled
[2017.07.02-17.57.38:742][  0]Cmd: MAP LOAD FILE="H:/UnrealProjects/VRMobileScalable/Content/VirtualRealityBP/Maps/StartupMap.umap" TEMPLATE=0 SHOWPROGRESS=1 FEATURELEVEL=3
[2017.07.02-17.57.38:743][  0]LightingResults: New page: Lighting Build
[2017.07.02-17.57.38:775][  0]MapCheck: New page: Map Check
[2017.07.02-17.57.38:775][  0]LightingResults: New page: Lighting Build
[2017.07.02-17.57.38:849][  0]LogAIModule: Creating AISystem for world StartupMap
[2017.07.02-17.57.38:855][  0]LogEditorServer: Finished looking for orphan Actors (0.000 secs)
[2017.07.02-17.57.38:862][  0]Cmd: MAP CHECKDEP NOCLEARLOG
[2017.07.02-17.57.38:953][  0]MapCheck: Info Map check complete: 0 Error(s), 0 Warning(s), took 90.808ms to complete.
[2017.07.02-17.57.38:953][  0]LogFileHelpers: Loading map 'StartupMap' took 0.211
[2017.07.02-17.57.39:080][  0]LogCollectionManager: Loaded 1 collections in 0.001549 seconds
[2017.07.02-17.57.39:154][  0]LogFileCache: Scanning file cache for directory 'H:/UnrealProjects/VRMobileScalable/Saved/Collections/' took 0.01s
[2017.07.02-17.57.39:154][  0]LogFileCache: Scanning file cache for directory 'H:/UnrealProjects/VRMobileScalable/Content/Developers/3DSim/Collections/' took 0.01s
[2017.07.02-17.57.39:154][  0]LogFileCache: Scanning file cache for directory 'H:/UnrealProjects/VRMobileScalable/Content/Collections/' took 0.01s
[2017.07.02-17.57.39:154][  0]LogCollectionManager: Rebuilt the GUID cache for 1 collections in 0.000004 seconds
[2017.07.02-17.57.39:154][  0]LogCollectionManager: Rebuilt the hierarchy cache for 1 collections in 0.000001 seconds
[2017.07.02-17.57.39:162][  0]LogContentBrowser: Native class hierarchy populated in 0.0079 seconds. Added 2343 classes and 497 folders.
[2017.07.02-17.57.39:211][  0]LogContentBrowser: Native class hierarchy updated for 'WidgetCarousel' in 0.0005 seconds. Added 0 classes and 0 folders.
[2017.07.02-17.57.39:263][  0]LogContentBrowser: Native class hierarchy updated for 'AddContentDialog' in 0.0005 seconds. Added 0 classes and 0 folders.
[2017.07.02-17.57.39:297][  0]LogContentBrowser: Native class hierarchy updated for 'SceneOutliner' in 0.0005 seconds. Added 1 classes and 2 folders.
[2017.07.02-17.57.39:366][  0]LogCrashTracker: Crashtracker disabled due to settings.
[2017.07.02-17.57.39:370][  0]LogSlate: Took 0.000267 seconds to synchronously load lazily loaded font '../../../Engine/Content/Slate/Fonts/Roboto-Regular.ttf' (155K)
[2017.07.02-17.57.39:372][  0]LogSlate: Took 0.000610 seconds to synchronously load lazily loaded font '../../../Engine/Content/Slate/Fonts/Roboto-Bold.ttf' (160K)
[2017.07.02-17.57.39:378][  0]LogSlate: Took 0.000888 seconds to synchronously load lazily loaded font '../../../Engine/Content/Editor/Slate/Fonts/FontAwesome.ttf' (139K)
[2017.07.02-17.57.39:465][  0]LogRenderer: Reallocating scene render targets to support 1012x632 NumSamples 1 (Frame:1).
[2017.07.02-17.57.39:553][  0]LogUObjectGlobals:Warning: Failed to find object 'Class None.'
[2017.07.02-17.57.39:610][  0]LogContentBrowser: Native class hierarchy updated for 'HierarchicalLODOutliner' in 0.0006 seconds. Added 1 classes and 2 folders.
[2017.07.02-17.57.39:610][  0]LogLoad: (Engine Initialization) Total time: 20.15 seconds
[2017.07.02-17.57.39:610][  0]LogLoad: (Engine Initialization) Total Blueprint compile time: 0.04 seconds
[2017.07.02-17.57.39:610][  0]LogExternalProfiler: Found external profiler: VSPerf
[2017.07.02-17.57.39:610][  0]LogExternalProfiler: Using external profiler: VSPerf
[2017.07.02-17.57.39:620][  0]LogWindowsTextInputMethodSystem:Display: IME system now deactivated.
[2017.07.02-17.57.39:622][  0]LogSteamController: SteamController is not available
[2017.07.02-17.57.39:623][  0]LogOcInput: OculusInput pre-init called
[2017.07.02-17.57.39:623][  0]LogHMD: Starting GearVRController plugin
[2017.07.02-17.57.39:643][  0]LogContentStreaming: Texture pool size now 1000 MB
[2017.07.02-17.57.39:697][  1]LogAssetRegistry: Asset discovery search completed in 12.4481 seconds
[2017.07.02-17.57.39:699][  1]LogCollectionManager: Rebuilt the object cache for 1 collections in 0.000001 seconds (found 0 objects)
[2017.07.02-17.57.39:699][  1]LogCollectionManager: Fixed up redirectors for 1 collections in 0.000019 seconds (updated 0 objects)
[2017.07.02-17.57.43:941][234]LogSlate: Took 0.000649 seconds to synchronously load lazily loaded font '../../../Engine/Content/Slate/Fonts/Roboto-Light.ttf' (159K)
[2017.07.02-17.58.58:816][201]LogTemp: Executing iPhonePackager certificates Engine -bundlename com.YourCompany.VRMobileScalable
[2017.07.02-17.58.58:816][201]LogTemp: CWD: G:\Epic Games\UE_4.16\Engine\Binaries\DotNET\IOS
[2017.07.02-17.58.58:816][201]LogTemp: Initial Dir: G:\Epic Games\UE_4.16
[2017.07.02-17.58.58:816][201]LogTemp: Env CWD: G:\Epic Games\UE_4.16\Engine\Binaries\DotNET\IOS
[2017.07.02-17.58.58:816][201]LogTemp: BranchPath = THERMALWIND/G/Epic Games/UE_4.16/Engine/Binaries --- GameBranchPath = THERMALWIND/G/Epic Games/UE_4.16/Engine/Binaries
[2017.07.02-17.58.58:816][201]LogTemp: IPP ERROR: Could not find provision directory 'C:\Users\3DSim\AppData\Local/Apple Computer/MobileDevice/Provisioning Profiles/'.
[2017.07.02-17.58.58:816][201]LogSlate: Only BGRA pngs, bmps or icos are supported in by External Image Picker
[2017.07.02-18.01.39:911][176]Cmd: CLOSE_SLATE_MAINFRAME
[2017.07.02-18.01.39:964][176]LogWindowsTextInputMethodSystem:Display: IME system now deactivated.
[2017.07.02-18.01.40:244][177]Cmd: QUIT_EDITOR
[2017.07.02-18.01.40:262][177]LogExit: Preparing to exit.
[2017.07.02-18.01.41:315][177]LogExit: Editor shut down
[2017.07.02-18.01.41:320][177]LogExit: Transaction tracking system shut down
[2017.07.02-18.01.41:379][177]LogObj: Freed 0b from 0 cluster array pools.
[2017.07.02-18.01.41:379][177]LogExit: Object subsystem successfully closed.
[2017.07.02-18.01.41:403][177]LogD3D11RHI: Shutdown
[2017.07.02-18.01.41:403][177]LogD3D11RHI: CleanupD3DDevice
[2017.07.02-18.01.41:452][177]LogD3D11RHI: ~FD3D11DynamicRHI
[2017.07.02-18.01.41:459][177]LogModuleManager: Shutting down and abandoning module ExternalImagePicker (532)
[2017.07.02-18.01.41:459][177]LogModuleManager: Shutting down and abandoning module HierarchicalLODOutliner (530)
[2017.07.02-18.01.41:459][177]LogModuleManager: Shutting down and abandoning module CrashTracker (528)
[2017.07.02-18.01.41:459][177]LogModuleManager: Shutting down and abandoning module SceneOutliner (526)
[2017.07.02-18.01.41:459][177]LogModuleManager: Shutting down and abandoning module AddContentDialog (524)
[2017.07.02-18.01.41:459][177]LogDirectoryWatcher: A directory notification for 'G:/Epic Games/UE_4.16/FeaturePacks/' was aborted.
[2017.07.02-18.01.41:460][177]LogModuleManager: Shutting down and abandoning module WidgetCarousel (523)
[2017.07.02-18.01.41:460][177]LogModuleManager: Shutting down and abandoning module EditorWidgets (520)
[2017.07.02-18.01.41:460][177]LogModuleManager: Shutting down and abandoning module CollectionManager (518)
[2017.07.02-18.01.41:460][177]LogDirectoryWatcher: A directory notification for 'H:/UnrealProjects/VRMobileScalable/Content/Collections/' was aborted.
[2017.07.02-18.01.41:460][177]LogDirectoryWatcher: A directory notification for 'H:/UnrealProjects/VRMobileScalable/Content/Developers/3DSim/Collections/' was aborted.
[2017.07.02-18.01.41:460][177]LogDirectoryWatcher: A directory notification for 'H:/UnrealProjects/VRMobileScalable/Saved/Collections/' was aborted.
[2017.07.02-18.01.41:460][177]LogModuleManager: Shutting down and abandoning module StatsViewer (516)
[2017.07.02-18.01.41:460][177]LogModuleManager: Shutting down and abandoning module FoliageEdit (514)
[2017.07.02-18.01.41:460][177]LogModuleManager: Shutting down and abandoning module LandscapeEditor (512)
[2017.07.02-18.01.41:460][177]LogModuleManager: Shutting down and abandoning module MeshPaintMode (510)
[2017.07.02-18.01.41:460][177]LogModuleManager: Shutting down and abandoning module SceneDepthPickerMode (508)
[2017.07.02-18.01.41:460][177]LogModuleManager: Shutting down and abandoning module ActorPickerMode (506)
[2017.07.02-18.01.41:460][177]LogModuleManager: Shutting down and abandoning module GeometryMode (504)
[2017.07.02-18.01.41:460][177]LogModuleManager: Shutting down and abandoning module TextureAlignMode (502)
[2017.07.02-18.01.41:460][177]LogModuleManager: Shutting down and abandoning module BspMode (500)
[2017.07.02-18.01.41:461][177]LogModuleManager: Shutting down and abandoning module HardwareSurvey (498)
[2017.07.02-18.01.41:461][177]LogModuleManager: Shutting down and abandoning module SequenceRecorderSections (496)
[2017.07.02-18.01.41:461][177]LogModuleManager: Shutting down and abandoning module AutomationWorker (494)
[2017.07.02-18.01.41:461][177]LogModuleManager: Shutting down and abandoning module MatineeToLevelSequence (492)
[2017.07.02-18.01.41:461][177]LogModuleManager: Shutting down and abandoning module LevelSequenceEditor (490)
[2017.07.02-18.01.41:461][177]LogModuleManager: Shutting down and abandoning module PlacementMode (489)
[2017.07.02-18.01.41:461][177]LogModuleManager: Shutting down and abandoning module WmfMediaFactory (486)
[2017.07.02-18.01.41:461][177]LogModuleManager: Shutting down and abandoning module WmfMediaEditor (484)
[2017.07.02-18.01.41:461][177]LogModuleManager: Shutting down and abandoning module AvfMediaFactory (482)
[2017.07.02-18.01.41:461][177]LogModuleManager: Shutting down and abandoning module AvfMediaEditor (480)
[2017.07.02-18.01.41:461][177]LogModuleManager: Shutting down and abandoning module AndroidMediaFactory (478)
[2017.07.02-18.01.41:461][177]LogModuleManager: Shutting down and abandoning module Media (477)
[2017.07.02-18.01.41:461][177]LogModuleManager: Shutting down and abandoning module AndroidMediaEditor (474)
[2017.07.02-18.01.41:461][177]LogModuleManager: Shutting down and abandoning module CharacterAI (472)
[2017.07.02-18.01.41:461][177]LogModuleManager: Shutting down and abandoning module AudioCapture (470)
[2017.07.02-18.01.41:461][177]LogModuleManager: Shutting down and abandoning module SequenceRecorder (469)
[2017.07.02-18.01.41:461][177]LogModuleManager: Shutting down and abandoning module SmartSnapping (466)
[2017.07.02-18.01.41:461][177]LogModuleManager: Shutting down and abandoning module SessionServices (464)
[2017.07.02-18.01.41:461][177]LogModuleManager: Shutting down and abandoning module ViewportSnapping (462)
[2017.07.02-18.01.41:461][177]LogModuleManager: Shutting down and abandoning module ViewportInteraction (460)
[2017.07.02-18.01.41:461][177]LogModuleManager: Shutting down and abandoning module ClothPainter (458)
[2017.07.02-18.01.41:461][177]LogModuleManager: Shutting down and abandoning module LogVisualizer (456)
[2017.07.02-18.01.41:461][177]LogModuleManager: Shutting down and abandoning module IntroTutorials (454)
[2017.07.02-18.01.41:461][177]LogModuleManager: Shutting down and abandoning module GameProjectGeneration (453)
[2017.07.02-18.01.41:461][177]LogModuleManager: Shutting down and abandoning module EditorLiveStreaming (450)
[2017.07.02-18.01.41:461][177]LogModuleManager: Shutting down and abandoning module IOSPlatformEditor (448)
[2017.07.02-18.01.41:461][177]LogModuleManager: Shutting down and abandoning module HTML5PlatformEditor (446)
[2017.07.02-18.01.41:461][177]LogModuleManager: Shutting down and abandoning module AndroidPlatformEditor (444)
[2017.07.02-18.01.41:461][177]LogModuleManager: Shutting down and abandoning module AndroidDeviceDetection (443)
[2017.07.02-18.01.41:608][177]LogModuleManager: Shutting down and abandoning module IOSRuntimeSettings (440)
[2017.07.02-18.01.41:608][177]LogModuleManager: Shutting down and abandoning module AndroidRuntimeSettings (438)
[2017.07.02-18.01.41:608][177]LogModuleManager: Shutting down and abandoning module InputBindingEditor (436)
[2017.07.02-18.01.41:608][177]LogModuleManager: Shutting down and abandoning module MergeActors (434)
[2017.07.02-18.01.41:608][177]LogModuleManager: Shutting down and abandoning module SizeMap (432)
[2017.07.02-18.01.41:608][177]LogModuleManager: Shutting down and abandoning module TreeMap (430)
[2017.07.02-18.01.41:608][177]LogModuleManager: Shutting down and abandoning module ReferenceViewer (428)
[2017.07.02-18.01.41:608][177]LogModuleManager: Shutting down and abandoning module LocalizationDashboard (426)
[2017.07.02-18.01.41:608][177]LogModuleManager: Shutting down and abandoning module LocalizationService (425)
[2017.07.02-18.01.41:608][177]LogModuleManager: Shutting down and abandoning module HardwareTargeting (422)
[2017.07.02-18.01.41:608][177]LogModuleManager: Shutting down and abandoning module DeviceProfileEditor (420)
[2017.07.02-18.01.41:608][177]LogModuleManager: Shutting down and abandoning module UndoHistory (418)
[2017.07.02-18.01.41:608][177]LogModuleManager: Shutting down and abandoning module UserFeedback (416)
[2017.07.02-18.01.41:608][177]LogModuleManager: Shutting down and abandoning module XmlParser (414)
[2017.07.02-18.01.41:608][177]LogModuleManager: Shutting down and abandoning module Blutility (412)
[2017.07.02-18.01.41:608][177]LogModuleManager: Shutting down and abandoning module ProjectSettingsViewer (410)
[2017.07.02-18.01.41:608][177]LogModuleManager: Shutting down and abandoning module ProjectTargetPlatformEditor (409)
[2017.07.02-18.01.41:608][177]LogModuleManager: Shutting down and abandoning module EditorSettingsViewer (406)
[2017.07.02-18.01.41:608][177]LogModuleManager: Shutting down and abandoning module SettingsEditor (404)
[2017.07.02-18.01.41:609][177]LogModuleManager: Shutting down and abandoning module ProjectLauncher (402)
[2017.07.02-18.01.41:609][177]LogModuleManager: Shutting down and abandoning module SessionFrontend (400)
[2017.07.02-18.01.41:609][177]LogModuleManager: Shutting down and abandoning module ProfilerClient (398)
[2017.07.02-18.01.41:609][177]LogModuleManager: Shutting down and abandoning module DeviceManager (396)
[2017.07.02-18.01.41:609][177]LogModuleManager: Shutting down and abandoning module TargetDeviceServices (395)
[2017.07.02-18.01.41:662][177]LogModuleManager: Shutting down and abandoning module AutomationController (392)
[2017.07.02-18.01.41:662][177]LogModuleManager: Shutting down and abandoning module AutomationWindow (390)
[2017.07.02-18.01.41:662][177]LogModuleManager: Shutting down and abandoning module Layers (388)
[2017.07.02-18.01.41:662][177]LogModuleManager: Shutting down and abandoning module ComponentVisualizers (386)
[2017.07.02-18.01.41:662][177]LogModuleManager: Shutting down and abandoning module DetailCustomizations (384)
[2017.07.02-18.01.41:662][177]LogModuleManager: Shutting down and abandoning module PackagesDialog (382)
[2017.07.02-18.01.41:662][177]LogModuleManager: Shutting down and abandoning module Persona (380)
[2017.07.02-18.01.41:662][177]LogModuleManager: Shutting down and abandoning module AdvancedPreviewScene (379)
[2017.07.02-18.01.41:662][177]LogModuleManager: Shutting down and abandoning module AnimGraph (377)
[2017.07.02-18.01.41:662][177]LogModuleManager: Shutting down and abandoning module Kismet (374)
[2017.07.02-18.01.41:662][177]LogModuleManager: Shutting down and abandoning module ClassViewer (372)
[2017.07.02-18.01.41:662][177]LogModuleManager: Shutting down and abandoning module Toolbox (370)
[2017.07.02-18.01.41:662][177]LogModuleManager: Shutting down and abandoning module ModuleUI (368)
[2017.07.02-18.01.41:662][177]LogModuleManager: Shutting down and abandoning module MovieSceneTools (366)
[2017.07.02-18.01.41:662][177]LogModuleManager: Shutting down and abandoning module OutputLog (364)
[2017.07.02-18.01.41:662][177]LogModuleManager: Shutting down and abandoning module GammaUI (362)
[2017.07.02-18.01.41:662][177]LogModuleManager: Shutting down and abandoning module Documentation (360)
[2017.07.02-18.01.41:662][177]LogModuleManager: Shutting down and abandoning module MovieSceneTracks (358)
[2017.07.02-18.01.41:662][177]LogModuleManager: Shutting down and abandoning module MovieScene (356)
[2017.07.02-18.01.41:662][177]LogModuleManager: Shutting down and abandoning module Niagara (354)
[2017.07.02-18.01.41:662][177]LogModuleManager: Shutting down and abandoning module NiagaraEditor (353)
[2017.07.02-18.01.41:663][177]LogModuleManager: Shutting down and abandoning module StreamingPauseRendering (350)
[2017.07.02-18.01.41:663][177]LogModuleManager: Shutting down and abandoning module AnalyticsET (348)
[2017.07.02-18.01.41:663][177]LogModuleManager: Shutting down and abandoning module PortalServices (346)
[2017.07.02-18.01.41:663][177]LogModuleManager: Shutting down and abandoning module PortalRpc (344)
[2017.07.02-18.01.41:663][177]LogModuleManager: Shutting down and abandoning module MessagingRpc (342)
[2017.07.02-18.01.41:663][177]LogModuleManager: Shutting down and abandoning module AIModule (340)
[2017.07.02-18.01.41:663][177]LogModuleManager: Shutting down and abandoning module GameplayDebugger (339)
[2017.07.02-18.01.41:663][177]LogModuleManager: Shutting down and abandoning module AITestSuite (337)
[2017.07.02-18.01.41:663][177]LogModuleManager: Shutting down and abandoning module ProfilerService (334)
[2017.07.02-18.01.41:713][177]LogModuleManager: Shutting down and abandoning module TaskGraph (332)
[2017.07.02-18.01.41:713][177]LogModuleManager: Shutting down and abandoning module SubstanceEditor (330)
[2017.07.02-18.01.41:713][177]LogModuleManager: Shutting down and abandoning module SteamVRController (328)
[2017.07.02-18.01.41:713][177]LogModuleManager: Shutting down and abandoning module SteamVR (326)
[2017.07.02-18.01.41:713][177]LogModuleManager: Shutting down and abandoning module SteamController (324)
[2017.07.02-18.01.41:713][177]LogModuleManager: Shutting down and abandoning module ProceduralMeshComponentEditor (322)
[2017.07.02-18.01.41:713][177]LogModuleManager: Shutting down and abandoning module ProceduralMeshComponent (320)
[2017.07.02-18.01.41:713][177]LogModuleManager: Shutting down and abandoning module OculusLibrary (318)
[2017.07.02-18.01.41:713][177]LogModuleManager: Shutting down and abandoning module OculusInput (316)
[2017.07.02-18.01.41:713][177]LogModuleManager: Shutting down and abandoning module MobilePatchingUtils (314)
[2017.07.02-18.01.41:713][177]LogModuleManager: Shutting down and abandoning module CustomMeshComponent (312)
[2017.07.02-18.01.41:713][177]LogModuleManager: Shutting down and abandoning module CableComponent (310)
[2017.07.02-18.01.41:713][177]LogModuleManager: Shutting down and abandoning module ArchVisCharacter (308)
[2017.07.02-18.01.41:713][177]LogModuleManager: Shutting down and abandoning module AndroidPermission (306)
[2017.07.02-18.01.41:713][177]LogModuleManager: Shutting down and abandoning module MediaPlayerEditor (302)
[2017.07.02-18.01.41:713][177]LogModuleManager: Shutting down and abandoning module HTML5Networking (300)
[2017.07.02-18.01.41:713][177]LogModuleManager: Shutting down and abandoning module AlembicImporter (298)
[2017.07.02-18.01.41:713][177]LogModuleManager: Shutting down and abandoning module AlembicLibrary (297)
[2017.07.02-18.01.41:713][177]LogModuleManager: Shutting down and abandoning module GeometryCache (296)
[2017.07.02-18.01.41:713][177]LogModuleManager: Shutting down and abandoning module GeometryCacheEd (295)
[2017.07.02-18.01.41:713][177]LogModuleManager: Shutting down and abandoning module SuperSearchEditor (290)
[2017.07.02-18.01.41:713][177]LogModuleManager: Shutting down and abandoning module SuperSearch (289)
[2017.07.02-18.01.41:713][177]LogModuleManager: Shutting down and abandoning module SpeedTreeImporter (286)
[2017.07.02-18.01.41:713][177]LogModuleManager: Shutting down and abandoning module PluginBrowser (284)
[2017.07.02-18.01.41:713][177]LogModuleManager: Shutting down and abandoning module MobileLauncherProfileWizard (282)
[2017.07.02-18.01.41:713][177]LogModuleManager: Shutting down and abandoning module VisualStudioSourceCodeAccess (280)
[2017.07.02-18.01.41:713][177]LogModuleManager: Shutting down and abandoning module DesktopPlatform (279)
[2017.07.02-18.01.41:713][177]LogModuleManager: Shutting down and abandoning module UObjectPlugin (276)
[2017.07.02-18.01.41:713][177]LogModuleManager: Shutting down and abandoning module SubversionSourceControl (274)
[2017.07.02-18.01.41:713][177]LogModuleManager: Shutting down and abandoning module PerforceSourceControl (272)
[2017.07.02-18.01.41:713][177]LogModuleManager: Shutting down and abandoning module GitSourceControl (270)
[2017.07.02-18.01.41:713][177]LogModuleManager: Shutting down and abandoning module SourceControl (269)
[2017.07.02-18.01.41:713][177]LogModuleManager: Shutting down and abandoning module LightPropagationVolumeEditor (266)
[2017.07.02-18.01.41:713][177]LogModuleManager: Shutting down and abandoning module PaperTiledImporter (264)
[2017.07.02-18.01.41:713][177]LogModuleManager: Shutting down and abandoning module PaperSpriteSheetImporter (262)
[2017.07.02-18.01.41:713][177]LogModuleManager: Shutting down and abandoning module Paper2DEditor (260)
[2017.07.02-18.01.41:714][177]LogModuleManager: Shutting down and abandoning module MeshPaint (259)
[2017.07.02-18.01.41:714][177]LogModuleManager: Shutting down and abandoning module LevelEditor (257)
[2017.07.02-18.01.41:714][177]LogModuleManager: Shutting down and abandoning module PixelInspectorModule (256)
[2017.07.02-18.01.41:714][177]LogModuleManager: Shutting down and abandoning module MainFrame (254)
[2017.07.02-18.01.41:714][177]LogModuleManager: Shutting down and abandoning module HotReload (253)
[2017.07.02-18.01.41:715][177]LogModuleManager: Shutting down and abandoning module PhysXVehiclesEditor (248)
[2017.07.02-18.01.41:715][177]LogModuleManager: Shutting down and abandoning module PhysXVehicles (246)
[2017.07.02-18.01.41:715][177]LogModuleManager: Shutting down and abandoning module LocationServicesBPLibrary (244)
[2017.07.02-18.01.41:715][177]LogModuleManager: Shutting down and abandoning module ImmediatePhysicsEditor (242)
[2017.07.02-18.01.41:715][177]LogModuleManager: Shutting down and abandoning module ImmediatePhysics (240)
[2017.07.02-18.01.41:715][177]LogModuleManager: Shutting down and abandoning module UdpMessaging (238)
[2017.07.02-18.01.41:816][177]LogModuleManager: Shutting down and abandoning module TcpMessaging (236)
[2017.07.02-18.01.42:149][177]LogModuleManager: Shutting down and abandoning module SubstanceCore (234)
[2017.07.02-18.01.42:149][177]LogModuleManager: Shutting down and abandoning module GameplayTagsEditor (232)
[2017.07.02-18.01.42:149][177]LogModuleManager: Shutting down and abandoning module FacialAnimationEditor (230)
[2017.07.02-18.01.42:149][177]LogModuleManager: Shutting down and abandoning module FacialAnimation (228)
[2017.07.02-18.01.42:149][177]LogModuleManager: Shutting down and abandoning module AssetManagerEditor (226)
[2017.07.02-18.01.42:149][177]LogModuleManager: Shutting down and abandoning module GraphEditor (225)
[2017.07.02-18.01.42:149][177]LogModuleManager: Shutting down and abandoning module ContentBrowser (223)
[2017.07.02-18.01.42:150][177]LogModuleManager: Shutting down and abandoning module LightPropagationVolumeRuntime (220)
[2017.07.02-18.01.42:150][177]LogModuleManager: Shutting down and abandoning module Paper2D (218)
[2017.07.02-18.01.42:150][177]LogModuleManager: Shutting down and abandoning module WindowsMoviePlayer (216)
[2017.07.02-18.01.42:150][177]LogModuleManager: Shutting down and abandoning module WmfMedia (214)
[2017.07.02-18.01.42:150][177]LogModuleManager: Shutting down and abandoning module ClothingSystemEditor (212)
[2017.07.02-18.01.42:150][177]LogModuleManager: Shutting down and abandoning module ClothingSystemRuntime (210)
[2017.07.02-18.01.42:150][177]LogModuleManager: Shutting down and abandoning module MediaAssets (208)
[2017.07.02-18.01.42:150][177]LogModuleManager: Shutting down and abandoning module GameLiveStreaming (206)
[2017.07.02-18.01.42:150][177]LogModuleManager: Shutting down and abandoning module VREditor (204)
[2017.07.02-18.01.42:150][177]LogModuleManager: Shutting down and abandoning module StringTableEditor (202)
[2017.07.02-18.01.42:150][177]LogModuleManager: Shutting down and abandoning module GameplayTasksEditor (200)
[2017.07.02-18.01.42:150][177]LogModuleManager: Shutting down and abandoning module BehaviorTreeEditor (198)
[2017.07.02-18.01.42:150][177]LogModuleManager: Shutting down and abandoning module FunctionalTesting (196)
[2017.07.02-18.01.42:150][177]LogModuleManager: Shutting down and abandoning module CollisionAnalyzer (194)
[2017.07.02-18.01.42:150][177]LogModuleManager: Shutting down and abandoning module UMG (192)
[2017.07.02-18.01.42:150][177]LogModuleManager: Shutting down and abandoning module UMGEditor (191)
[2017.07.02-18.01.42:150][177]LogModuleManager: Shutting down and abandoning module Sequencer (190)
[2017.07.02-18.01.42:150][177]LogModuleManager: Shutting down and abandoning module AssetTools (188)
[2017.07.02-18.01.42:150][177]LogModuleManager: Shutting down and abandoning module MessageLog (187)
[2017.07.02-18.01.42:150][177]LogModuleManager: Shutting down and abandoning module WorkspaceMenuStructure (186)
[2017.07.02-18.01.42:150][177]LogModuleManager: Shutting down and abandoning module SlateReflector (180)
[2017.07.02-18.01.42:150][177]LogModuleManager: Shutting down and abandoning module Slate (178)
[2017.07.02-18.01.42:150][177]LogModuleManager: Shutting down and abandoning module EditorStyle (176)
[2017.07.02-18.01.42:152][177]LogModuleManager: Shutting down and abandoning module SourceCodeAccess (174)
[2017.07.02-18.01.42:152][177]LogModuleManager: Shutting down and abandoning module HeadMountedDisplay (172)
[2017.07.02-18.01.42:152][177]LogModuleManager: Shutting down and abandoning module XAudio2 (170)
[2017.07.02-18.01.42:152][177]LogModuleManager: Shutting down and abandoning module Networking (168)
[2017.07.02-18.01.42:152][177]LogModuleManager: Shutting down and abandoning module Core (164)
[2017.07.02-18.01.42:152][177]LogModuleManager: Shutting down and abandoning module AssetRegistry (162)
[2017.07.02-18.01.42:281][177]LogDirectoryWatcher: A directory notification for '../../../Engine/Content/' was aborted.
[2017.07.02-18.01.42:281][177]LogDirectoryWatcher: A directory notification for 'H:/UnrealProjects/VRMobileScalable/Content/' was aborted.
[2017.07.02-18.01.42:281][177]LogDirectoryWatcher: A directory notification for '../../../Engine/Plugins/2D/Paper2D/Content/' was aborted.
[2017.07.02-18.01.42:281][177]LogDirectoryWatcher: A directory notification for '../../../Engine/Plugins/Runtime/GearVR/Content/' was aborted.
[2017.07.02-18.01.42:284][177]LogModuleManager: Shutting down and abandoning module DirectoryWatcher (161)
[2017.07.02-18.01.42:284][177]LogModuleManager: Shutting down and abandoning module KismetCompiler (158)
[2017.07.02-18.01.42:284][177]LogModuleManager: Shutting down and abandoning module LevelSequence (156)
[2017.07.02-18.01.42:284][177]LogModuleManager: Shutting down and abandoning module PhysXFormats (154)
[2017.07.02-18.01.42:284][177]LogModuleManager: Shutting down and abandoning module MeshUtilities (152)
[2017.07.02-18.01.42:284][177]LogModuleManager: Shutting down and abandoning module SimplygonSwarm (151)
[2017.07.02-18.01.42:284][177]LogModuleManager: Shutting down and abandoning module SimplygonMeshReduction (149)
[2017.07.02-18.01.42:284][177]LogModuleManager: Shutting down and abandoning module QuadricMeshReduction (147)
[2017.07.02-18.01.42:284][177]LogModuleManager: Shutting down and abandoning module DerivedDataCache (144)
[2017.07.02-18.01.42:287][177]LogDerivedDataCache: Shutdown
[2017.07.02-18.01.42:287][177]LogModuleManager: Shutting down and abandoning module TargetPlatform (142)
[2017.07.02-18.01.42:287][177]LogModuleManager: Shutting down and abandoning module VulkanShaderFormat (141)
[2017.07.02-18.01.42:287][177]LogModuleManager: Shutting down and abandoning module ShaderFormatVectorVM (139)
[2017.07.02-18.01.42:287][177]LogModuleManager: Shutting down and abandoning module ShaderFormatOpenGL (137)
[2017.07.02-18.01.42:287][177]LogModuleManager: Shutting down and abandoning module ShaderFormatD3D (135)
[2017.07.02-18.01.42:287][177]LogModuleManager: Shutting down and abandoning module MetalShaderFormat (133)
[2017.07.02-18.01.42:287][177]LogModuleManager: Shutting down and abandoning module TextureFormatUncompressed (131)
[2017.07.02-18.01.42:287][177]LogModuleManager: Shutting down and abandoning module TextureFormatPVR (129)
[2017.07.02-18.01.42:287][177]LogModuleManager: Shutting down and abandoning module TextureFormatDXT (127)
[2017.07.02-18.01.42:287][177]LogModuleManager: Shutting down and abandoning module TextureFormatIntelISPCTexComp (125)
[2017.07.02-18.01.42:287][177]LogModuleManager: Shutting down and abandoning module TextureFormatASTC (123)
[2017.07.02-18.01.42:287][177]LogModuleManager: Shutting down and abandoning module ImageWrapper (122)
[2017.07.02-18.01.42:287][177]LogModuleManager: Shutting down and abandoning module TextureFormatAndroid (119)
[2017.07.02-18.01.42:287][177]LogModuleManager: Shutting down and abandoning module AudioFormatOpus (117)
[2017.07.02-18.01.42:287][177]LogModuleManager: Shutting down and abandoning module AudioFormatOgg (115)
[2017.07.02-18.01.42:287][177]LogModuleManager: Shutting down and abandoning module AudioFormatADPCM (113)
[2017.07.02-18.01.42:287][177]LogModuleManager: Shutting down and abandoning module LinuxTargetPlatform (111)
[2017.07.02-18.01.42:287][177]LogModuleManager: Shutting down and abandoning module LinuxServerTargetPlatform (109)
[2017.07.02-18.01.42:287][177]LogModuleManager: Shutting down and abandoning module LinuxNoEditorTargetPlatform (107)
[2017.07.02-18.01.42:287][177]LogModuleManager: Shutting down and abandoning module LinuxClientTargetPlatform (105)
[2017.07.02-18.01.42:287][177]LogModuleManager: Shutting down and abandoning module TVOSTargetPlatform (103)
[2017.07.02-18.01.42:287][177]LogModuleManager: Shutting down and abandoning module Messaging (101)
[2017.07.02-18.01.42:287][177]LogModuleManager: Shutting down and abandoning module IOSTargetPlatform (99)
[2017.07.02-18.01.42:287][177]LogModuleManager: Shutting down and abandoning module HTML5TargetPlatform (97)
[2017.07.02-18.01.42:287][177]LogModuleManager: Shutting down and abandoning module Android_PVRTCTargetPlatform (95)
[2017.07.02-18.01.42:287][177]LogModuleManager: Shutting down and abandoning module Android_MultiTargetPlatform (93)
[2017.07.02-18.01.42:287][177]LogModuleManager: Shutting down and abandoning module Android_ETC2TargetPlatform (91)
[2017.07.02-18.01.42:287][177]LogModuleManager: Shutting down and abandoning module Android_ETC1TargetPlatform (89)
[2017.07.02-18.01.42:287][177]LogModuleManager: Shutting down and abandoning module Android_DXTTargetPlatform (87)
[2017.07.02-18.01.42:287][177]LogModuleManager: Shutting down and abandoning module Android_ATCTargetPlatform (85)
[2017.07.02-18.01.42:287][177]LogModuleManager: Shutting down and abandoning module Android_ASTCTargetPlatform (83)
[2017.07.02-18.01.42:287][177]LogModuleManager: Shutting down and abandoning module AndroidTargetPlatform (81)
[2017.07.02-18.01.42:287][177]LogModuleManager: Shutting down and abandoning module WindowsTargetPlatform (79)
[2017.07.02-18.01.42:287][177]LogModuleManager: Shutting down and abandoning module WindowsServerTargetPlatform (77)
[2017.07.02-18.01.42:287][177]LogModuleManager: Shutting down and abandoning module WindowsNoEditorTargetPlatform (75)
[2017.07.02-18.01.42:287][177]LogModuleManager: Shutting down and abandoning module WindowsClientTargetPlatform (73)
[2017.07.02-18.01.42:287][177]LogModuleManager: Shutting down and abandoning module MacTargetPlatform (71)
[2017.07.02-18.01.42:287][177]LogModuleManager: Shutting down and abandoning module MacServerTargetPlatform (69)
[2017.07.02-18.01.42:287][177]LogModuleManager: Shutting down and abandoning module MacNoEditorTargetPlatform (67)
[2017.07.02-18.01.42:287][177]LogModuleManager: Shutting down and abandoning module MacClientTargetPlatform (65)
[2017.07.02-18.01.42:287][177]LogModuleManager: Shutting down and abandoning module AllDesktopTargetPlatform (63)
[2017.07.02-18.01.42:287][177]LogModuleManager: Shutting down and abandoning module InputCore (60)
[2017.07.02-18.01.42:287][177]LogModuleManager: Shutting down and abandoning module Settings (58)
[2017.07.02-18.01.42:287][177]LogModuleManager: Shutting down and abandoning module OculusRift (56)
[2017.07.02-18.01.42:287][177]LogModuleManager: Shutting down and abandoning module GearVRController (54)
[2017.07.02-18.01.42:287][177]LogModuleManager: Shutting down and abandoning module GearVR (52)
[2017.07.02-18.01.42:287][177]LogModuleManager: Shutting down and abandoning module ExampleDeviceProfileSelector (50)
[2017.07.02-18.01.42:287][177]LogModuleManager: Shutting down and abandoning module OnlineBlueprintSupport (48)
[2017.07.02-18.01.42:287][177]LogModuleManager: Shutting down and abandoning module OnlineSubsystem (44)
[2017.07.02-18.01.42:287][177]LogOnline:Display: Unloading online subsystem: NULL
[2017.07.02-18.01.42:287][177]LogModuleManager: Shutting down and abandoning module XMPP (43)
[2017.07.02-18.01.42:287][177]LogModuleManager: Shutting down and abandoning module HTTP (41)
[2017.07.02-18.01.42:287][177]LogHttp:Display: Http module shutting down, but needs to wait on 1 outstanding Http requests:
[2017.07.02-18.01.42:287][177]LogHttp:Display: 	verb=[POST] url=[https://datarouter.ol.epicgames.com/datarouter/api/v1/public/data?SessionID=%7B646B57F5-4172-487B-6B54-CD959E50C4B5%7D&AppID=UEEditor.Rocket.Release&AppVersion=4.16.1-3466753%2B%2B%2BUE4%2BRelease-4.16&UserID=f97e27c542cf35a05c58b18006c58f43%7C874c566fab4d4d43bfd5064effd8eea5%7Cae763ea4-ab73-4209-8aa1-7cfa082d9280&AppEnvironment=datacollector-binary&UploadType=eteventstream] status=Processing
[2017.07.02-18.01.42:307][177]LogModuleManager: Shutting down and abandoning module SSL (40)
[2017.07.02-18.01.42:308][177]LogModuleManager: Shutting down and abandoning module HTTPChunkInstaller (36)
[2017.07.02-18.01.42:308][177]LogModuleManager: Shutting down and abandoning module AnimationModifiers (34)
[2017.07.02-18.01.42:308][177]LogModuleManager: Shutting down and abandoning module PropertyEditor (33)
[2017.07.02-18.01.42:308][177]LogModuleManager: Shutting down and abandoning module AudioEditor (30)
[2017.07.02-18.01.42:308][177]LogModuleManager: Shutting down and abandoning module TextureCompressor (28)
[2017.07.02-18.01.42:308][177]LogModuleManager: Shutting down and abandoning module ShaderCore (26)
[2017.07.02-18.01.42:308][177]LogModuleManager: Shutting down and abandoning module Landscape (24)
[2017.07.02-18.01.42:308][177]LogModuleManager: Shutting down and abandoning module SlateRHIRenderer (22)
[2017.07.02-18.01.42:309][177]LogModuleManager: Shutting down and abandoning module OpenGLDrv (20)
[2017.07.02-18.01.42:309][177]LogModuleManager: Shutting down and abandoning module D3D11RHI (18)
[2017.07.02-18.01.42:309][177]LogModuleManager: Shutting down and abandoning module AnimGraphRuntime (16)
[2017.07.02-18.01.42:309][177]LogModuleManager: Shutting down and abandoning module Renderer (14)
[2017.07.02-18.01.42:309][177]LogModuleManager: Shutting down and abandoning module Engine (12)
[2017.07.02-18.01.42:309][177]LogModuleManager: Shutting down and abandoning module CoreUObject (10)
[2017.07.02-18.01.42:309][177]LogModuleManager: Shutting down and abandoning module NetworkFile (8)
[2017.07.02-18.01.42:309][177]LogModuleManager: Shutting down and abandoning module StreamingFile (6)
[2017.07.02-18.01.42:309][177]LogModuleManager: Shutting down and abandoning module SandboxFile (4)
[2017.07.02-18.01.42:309][177]LogModuleManager: Shutting down and abandoning module PakFile (2)
[2017.07.02-18.01.42:311][177]LogExit: Exiting.
[2017.07.02-18.01.42:312][177]Log file closed, 07/02/17 14:01:42
